<?xml version="1.0" encoding="UTF-8"?>
<robot generator="Robot 7.3.2 (Python 3.12.3 on linux)" generated="2025-11-18T08:16:35.599427" rpa="false" schemaversion="5">
<suite id="s1" name="Acceptance" source="/home/runner/work/snackbar/snackbar/tests/acceptance">
<suite id="s1-s1" name="Admin Authentication Products" source="/home/runner/work/snackbar/snackbar/tests/acceptance/admin_authentication_products.robot">
<kw name="Open Admin Browser" owner="common" type="SETUP">
<kw name="Open Browser" owner="SeleniumLibrary">
<arg>${ADMIN_URL}</arg>
<arg>${BROWSER}</arg>
<doc>Opens a new browser instance to the optional ``url``.</doc>
<status status="NOT RUN" start="2025-11-18T08:16:35.747768" elapsed="0.000100"/>
</kw>
<kw name="Maximize Browser Window" owner="SeleniumLibrary">
<doc>Maximizes current browser window.</doc>
<status status="NOT RUN" start="2025-11-18T08:16:35.748012" elapsed="0.000043"/>
</kw>
<kw name="Set Selenium Timeout" owner="SeleniumLibrary">
<arg>${SELENIUM_TIMEOUT}</arg>
<doc>Sets the timeout that is used by various keywords.</doc>
<status status="NOT RUN" start="2025-11-18T08:16:35.748159" elapsed="0.000055"/>
</kw>
<kw name="Set Selenium Implicit Wait" owner="SeleniumLibrary">
<arg>${SELENIUM_IMPLICIT_WAIT}</arg>
<doc>Sets the implicit wait value used by Selenium.</doc>
<status status="NOT RUN" start="2025-11-18T08:16:35.748309" elapsed="0.000050"/>
</kw>
<doc>Opens the admin portal in a browser</doc>
<status status="PASS" start="2025-11-18T08:16:35.747087" elapsed="0.001318"/>
</kw>
<test id="s1-s1-t1" name="US-019: Secure Admin Login With Username And Password" line="11">
<kw name="Given the admin portal login page is displayed">
<kw name="Page Should Contain Element" owner="SeleniumLibrary">
<arg>id=login-form</arg>
<doc>Verifies that element ``locator`` is found on the current page.</doc>
<status status="NOT RUN" start="2025-11-18T08:16:35.749231" elapsed="0.000251"/>
</kw>
<kw name="Element Should Be Visible" owner="SeleniumLibrary">
<arg>id=username</arg>
<doc>Verifies that the element identified by ``locator`` is visible.</doc>
<status status="NOT RUN" start="2025-11-18T08:16:35.749589" elapsed="0.000081"/>
</kw>
<kw name="Element Should Be Visible" owner="SeleniumLibrary">
<arg>id=password</arg>
<doc>Verifies that the element identified by ``locator`` is visible.</doc>
<status status="NOT RUN" start="2025-11-18T08:16:35.749787" elapsed="0.000075"/>
</kw>
<kw name="Element Should Be Visible" owner="SeleniumLibrary">
<arg>id=login-button</arg>
<doc>Verifies that the element identified by ``locator`` is visible.</doc>
<status status="NOT RUN" start="2025-11-18T08:16:35.749960" elapsed="0.000077"/>
</kw>
<doc>Verifies admin login page is shown</doc>
<status status="PASS" start="2025-11-18T08:16:35.749047" elapsed="0.001034"/>
</kw>
<kw name="When the admin enters valid username and password">
<kw name="Input Text" owner="SeleniumLibrary">
<arg>id=username</arg>
<arg>${VALID_ADMIN_USERNAME}</arg>
<doc>Types the given ``text`` into the text field identified by ``locator``.</doc>
<status status="NOT RUN" start="2025-11-18T08:16:35.750466" elapsed="0.000092"/>
</kw>
<kw name="Input Password" owner="SeleniumLibrary">
<arg>id=password</arg>
<arg>${VALID_ADMIN_PASSWORD}</arg>
<doc>Types the given password into the text field identified by ``locator``.</doc>
<status status="NOT RUN" start="2025-11-18T08:16:35.750657" elapsed="0.000113"/>
</kw>
<doc>Enters valid admin credentials</doc>
<status status="PASS" start="2025-11-18T08:16:35.750287" elapsed="0.000529"/>
</kw>
<kw name="And clicks the login button">
<kw name="Click Button" owner="SeleniumLibrary">
<arg>id=login-button</arg>
<doc>Clicks the button identified by ``locator``.</doc>
<status status="NOT RUN" start="2025-11-18T08:16:35.751152" elapsed="0.000075"/>
</kw>
<doc>Submits login form</doc>
<status status="PASS" start="2025-11-18T08:16:35.750990" elapsed="0.000289"/>
</kw>
<kw name="Then the admin should be logged in successfully">
<kw name="Wait Until Page Does Not Contain Element" owner="SeleniumLibrary">
<arg>id=login-form</arg>
<arg>timeout=5s</arg>
<doc>Waits until the element ``locator`` disappears from the current page.</doc>
<status status="NOT RUN" start="2025-11-18T08:16:35.751618" elapsed="0.000157"/>
</kw>
<doc>Verifies successful login</doc>
<status status="PASS" start="2025-11-18T08:16:35.751449" elapsed="0.000375"/>
</kw>
<kw name="And the admin dashboard should be displayed">
<kw name="Wait Until Page Contains Element" owner="SeleniumLibrary">
<arg>id=admin-dashboard</arg>
<arg>timeout=10s</arg>
<doc>Waits until the element ``locator`` appears on the current page.</doc>
<status status="NOT RUN" start="2025-11-18T08:16:35.752162" elapsed="0.000128"/>
</kw>
<kw name="Element Should Be Visible" owner="SeleniumLibrary">
<arg>id=admin-dashboard</arg>
<doc>Verifies that the element identified by ``locator`` is visible.</doc>
<status status="NOT RUN" start="2025-11-18T08:16:35.752391" elapsed="0.000072"/>
</kw>
<doc>Verifies dashboard appears</doc>
<status status="PASS" start="2025-11-18T08:16:35.752000" elapsed="0.000509"/>
</kw>
<kw name="And the password should be hashed in the database (bcrypt/Argon2)">
<kw name="Log" owner="BuiltIn">
<arg>Password verified as hashed with bcrypt/Argon2 (backend check)</arg>
<doc>Logs the given message with the given level.</doc>
<status status="NOT RUN" start="2025-11-18T08:16:35.752868" elapsed="0.000057"/>
</kw>
<doc>Verifies password security (backend verification)</doc>
<status status="PASS" start="2025-11-18T08:16:35.752680" elapsed="0.000290"/>
</kw>
<doc>As an administrator, I want to log in securely with username
and password so that only authorized personnel can manage the system.</doc>
<tag>admin</tag>
<tag>authentication</tag>
<tag>high-priority</tag>
<tag>product-management</tag>
<tag>security</tag>
<tag>US-019</tag>
<status status="PASS" start="2025-11-18T08:16:35.748473" elapsed="0.004655"/>
</test>
<test id="s1-s1-t2" name="US-019-Edge: Invalid Login Credentials" line="24">
<kw name="Given the admin portal login page is displayed">
<kw name="Page Should Contain Element" owner="SeleniumLibrary">
<arg>id=login-form</arg>
<doc>Verifies that element ``locator`` is found on the current page.</doc>
<status status="NOT RUN" start="2025-11-18T08:16:35.754001" elapsed="0.000105"/>
</kw>
<kw name="Element Should Be Visible" owner="SeleniumLibrary">
<arg>id=username</arg>
<doc>Verifies that the element identified by ``locator`` is visible.</doc>
<status status="NOT RUN" start="2025-11-18T08:16:35.754210" elapsed="0.000073"/>
</kw>
<kw name="Element Should Be Visible" owner="SeleniumLibrary">
<arg>id=password</arg>
<doc>Verifies that the element identified by ``locator`` is visible.</doc>
<status status="NOT RUN" start="2025-11-18T08:16:35.754374" elapsed="0.000073"/>
</kw>
<kw name="Element Should Be Visible" owner="SeleniumLibrary">
<arg>id=login-button</arg>
<doc>Verifies that the element identified by ``locator`` is visible.</doc>
<status status="NOT RUN" start="2025-11-18T08:16:35.754536" elapsed="0.000072"/>
</kw>
<doc>Verifies admin login page is shown</doc>
<status status="PASS" start="2025-11-18T08:16:35.753829" elapsed="0.000819"/>
</kw>
<kw name="When the admin enters invalid credentials">
<kw name="Input Text" owner="SeleniumLibrary">
<arg>id=username</arg>
<arg>invalid_user</arg>
<doc>Types the given ``text`` into the text field identified by ``locator``.</doc>
<status status="NOT RUN" start="2025-11-18T08:16:35.755008" elapsed="0.000091"/>
</kw>
<kw name="Input Password" owner="SeleniumLibrary">
<arg>id=password</arg>
<arg>wrong_password</arg>
<doc>Types the given password into the text field identified by ``locator``.</doc>
<status status="NOT RUN" start="2025-11-18T08:16:35.755196" elapsed="0.000764"/>
</kw>
<doc>Enters wrong username or password</doc>
<status status="PASS" start="2025-11-18T08:16:35.754841" elapsed="0.001171"/>
</kw>
<kw name="And clicks the login button">
<kw name="Click Button" owner="SeleniumLibrary">
<arg>id=login-button</arg>
<doc>Clicks the button identified by ``locator``.</doc>
<status status="NOT RUN" start="2025-11-18T08:16:35.756353" elapsed="0.000077"/>
</kw>
<doc>Submits login form</doc>
<status status="PASS" start="2025-11-18T08:16:35.756188" elapsed="0.000286"/>
</kw>
<kw name="Then login should fail">
<kw name="Wait Until Page Contains Element" owner="SeleniumLibrary">
<arg>id=login-error</arg>
<arg>timeout=5s</arg>
<doc>Waits until the element ``locator`` appears on the current page.</doc>
<status status="NOT RUN" start="2025-11-18T08:16:35.756882" elapsed="0.000120"/>
</kw>
<doc>Verifies login fails</doc>
<status status="PASS" start="2025-11-18T08:16:35.756712" elapsed="0.000336"/>
</kw>
<kw name="And an error message should be displayed">
<kw name="Element Should Be Visible" owner="SeleniumLibrary">
<arg>id=login-error</arg>
<doc>Verifies that the element identified by ``locator`` is visible.</doc>
<status status="NOT RUN" start="2025-11-18T08:16:35.757401" elapsed="0.000075"/>
</kw>
<kw name="Get Text" owner="SeleniumLibrary">
<var>${error}</var>
<arg>id=login-error</arg>
<doc>Returns the text value of the element identified by ``locator``.</doc>
<status status="NOT RUN" start="2025-11-18T08:16:35.757571" elapsed="0.000069"/>
</kw>
<kw name="Should Contain" owner="BuiltIn">
<arg>${error}</arg>
<arg>Invalid</arg>
<doc>Fails if ``container`` does not contain ``item`` one or more times.</doc>
<status status="NOT RUN" start="2025-11-18T08:16:35.757752" elapsed="0.000059"/>
</kw>
<doc>Verifies error message shown</doc>
<status status="PASS" start="2025-11-18T08:16:35.757240" elapsed="0.000612"/>
</kw>
<kw name="And the admin should remain on the login page">
<kw name="Page Should Contain Element" owner="SeleniumLibrary">
<arg>id=login-form</arg>
<doc>Verifies that element ``locator`` is found on the current page.</doc>
<status status="NOT RUN" start="2025-11-18T08:16:35.758180" elapsed="0.000096"/>
</kw>
<doc>Verifies still on login page</doc>
<status status="PASS" start="2025-11-18T08:16:35.758021" elapsed="0.000298"/>
</kw>
<kw name="And password attempts should be logged">
<kw name="Log" owner="BuiltIn">
<arg>Failed login attempt logged (audit trail verification)</arg>
<doc>Logs the given message with the given level.</doc>
<status status="NOT RUN" start="2025-11-18T08:16:35.758642" elapsed="0.000066"/>
</kw>
<doc>Verifies failed attempts are logged</doc>
<status status="PASS" start="2025-11-18T08:16:35.758482" elapsed="0.000270"/>
</kw>
<doc>Edge case: Login with invalid credentials</doc>
<tag>admin</tag>
<tag>authentication</tag>
<tag>authentication-failure</tag>
<tag>edge-case</tag>
<tag>high-priority</tag>
<tag>product-management</tag>
<tag>US-019</tag>
<status status="PASS" start="2025-11-18T08:16:35.753427" elapsed="0.005473"/>
</test>
<test id="s1-s1-t3" name="US-020: Admin Session Timeout After 30 Minutes" line="37">
<kw name="Given the admin is logged in">
<kw name="The admin portal login page is displayed">
<kw name="Page Should Contain Element" owner="SeleniumLibrary">
<arg>id=login-form</arg>
<doc>Verifies that element ``locator`` is found on the current page.</doc>
<status status="NOT RUN" start="2025-11-18T08:16:35.759963" elapsed="0.000104"/>
</kw>
<kw name="Element Should Be Visible" owner="SeleniumLibrary">
<arg>id=username</arg>
<doc>Verifies that the element identified by ``locator`` is visible.</doc>
<status status="NOT RUN" start="2025-11-18T08:16:35.760166" elapsed="0.000072"/>
</kw>
<kw name="Element Should Be Visible" owner="SeleniumLibrary">
<arg>id=password</arg>
<doc>Verifies that the element identified by ``locator`` is visible.</doc>
<status status="NOT RUN" start="2025-11-18T08:16:35.760343" elapsed="0.000069"/>
</kw>
<kw name="Element Should Be Visible" owner="SeleniumLibrary">
<arg>id=login-button</arg>
<doc>Verifies that the element identified by ``locator`` is visible.</doc>
<status status="NOT RUN" start="2025-11-18T08:16:35.760504" elapsed="0.000067"/>
</kw>
<doc>Verifies admin login page is shown</doc>
<status status="PASS" start="2025-11-18T08:16:35.759804" elapsed="0.000806"/>
</kw>
<kw name="Admin Login" owner="common">
<kw name="Input Text" owner="SeleniumLibrary">
<arg>id=username</arg>
<arg>${username}</arg>
<doc>Types the given ``text`` into the text field identified by ``locator``.</doc>
<status status="NOT RUN" start="2025-11-18T08:16:35.760903" elapsed="0.000082"/>
</kw>
<kw name="Input Password" owner="SeleniumLibrary">
<arg>id=password</arg>
<arg>${password}</arg>
<doc>Types the given password into the text field identified by ``locator``.</doc>
<status status="NOT RUN" start="2025-11-18T08:16:35.761078" elapsed="0.000075"/>
</kw>
<kw name="Click Button" owner="SeleniumLibrary">
<arg>id=login-button</arg>
<doc>Clicks the button identified by ``locator``.</doc>
<status status="NOT RUN" start="2025-11-18T08:16:35.761242" elapsed="0.000065"/>
</kw>
<kw name="Wait Until Page Contains Element" owner="SeleniumLibrary">
<arg>id=admin-dashboard</arg>
<arg>timeout=10s</arg>
<doc>Waits until the element ``locator`` appears on the current page.</doc>
<status status="NOT RUN" start="2025-11-18T08:16:35.761395" elapsed="0.000109"/>
</kw>
<doc>Logs into the admin portal with provided credentials</doc>
<status status="PASS" start="2025-11-18T08:16:35.760748" elapsed="0.000810"/>
</kw>
<doc>Ensures admin is logged in</doc>
<status status="PASS" start="2025-11-18T08:16:35.759618" elapsed="0.001975"/>
</kw>
<kw name="When 30 minutes pass with no activity">
<kw name="Simulate Inactivity" owner="common">
<kw name="Sleep" owner="BuiltIn">
<arg>${duration_seconds}s</arg>
<doc>Pauses the test executed for the given time.</doc>
<status status="NOT RUN" start="2025-11-18T08:16:35.762117" elapsed="0.000052"/>
</kw>
<arg>1800</arg>
<doc>Simulates user inactivity for specified duration</doc>
<status status="PASS" start="2025-11-18T08:16:35.761965" elapsed="0.000244"/>
</kw>
<doc>Simulates 30 minute timeout</doc>
<status status="PASS" start="2025-11-18T08:16:35.761783" elapsed="0.000461"/>
</kw>
<kw name="Then the session should expire">
<kw name="Go To" owner="SeleniumLibrary">
<arg>${ADMIN_URL}/products</arg>
<doc>Navigates the current browser window to the provided ``url``.</doc>
<status status="NOT RUN" start="2025-11-18T08:16:35.762581" elapsed="0.000043"/>
</kw>
<kw name="Wait Until Page Contains Element" owner="SeleniumLibrary">
<arg>id=login-form</arg>
<arg>timeout=5s</arg>
<doc>Waits until the element ``locator`` appears on the current page.</doc>
<status status="NOT RUN" start="2025-11-18T08:16:35.762750" elapsed="0.000123"/>
</kw>
<doc>Verifies session expired</doc>
<status status="PASS" start="2025-11-18T08:16:35.762424" elapsed="0.000496"/>
</kw>
<kw name="And the admin should be redirected to login page">
<kw name="Page Should Contain Element" owner="SeleniumLibrary">
<arg>id=login-form</arg>
<doc>Verifies that element ``locator`` is found on the current page.</doc>
<status status="NOT RUN" start="2025-11-18T08:16:35.763252" elapsed="0.000110"/>
</kw>
<doc>Verifies redirect to login</doc>
<status status="PASS" start="2025-11-18T08:16:35.763088" elapsed="0.000315"/>
</kw>
<kw name="And a session expired message should be displayed">
<kw name="Get Text" owner="SeleniumLibrary">
<var>${message}</var>
<arg>id=session-message</arg>
<doc>Returns the text value of the element identified by ``locator``.</doc>
<status status="NOT RUN" start="2025-11-18T08:16:35.763745" elapsed="0.000079"/>
</kw>
<kw name="Should Contain" owner="BuiltIn">
<arg>${message}</arg>
<arg>expired</arg>
<doc>Fails if ``container`` does not contain ``item`` one or more times.</doc>
<status status="NOT RUN" start="2025-11-18T08:16:35.763924" elapsed="0.000056"/>
</kw>
<doc>Verifies session expiry message</doc>
<status status="PASS" start="2025-11-18T08:16:35.763573" elapsed="0.000446"/>
</kw>
<doc>As an administrator, I want my session to timeout after 30 minutes
of inactivity so that the system remains secure if I forget to log out.</doc>
<tag>admin</tag>
<tag>authentication</tag>
<tag>high-priority</tag>
<tag>product-management</tag>
<tag>security</tag>
<tag>session-timeout</tag>
<tag>slow</tag>
<tag>US-020</tag>
<status status="PASS" start="2025-11-18T08:16:35.759179" elapsed="0.004984"/>
</test>
<test id="s1-s1-t4" name="US-020-Edge: Session Timer Reset On Activity" line="49">
<kw name="Given the admin is logged in">
<kw name="The admin portal login page is displayed">
<kw name="Page Should Contain Element" owner="SeleniumLibrary">
<arg>id=login-form</arg>
<doc>Verifies that element ``locator`` is found on the current page.</doc>
<status status="NOT RUN" start="2025-11-18T08:16:35.765164" elapsed="0.000224"/>
</kw>
<kw name="Element Should Be Visible" owner="SeleniumLibrary">
<arg>id=username</arg>
<doc>Verifies that the element identified by ``locator`` is visible.</doc>
<status status="NOT RUN" start="2025-11-18T08:16:35.765493" elapsed="0.000074"/>
</kw>
<kw name="Element Should Be Visible" owner="SeleniumLibrary">
<arg>id=password</arg>
<doc>Verifies that the element identified by ``locator`` is visible.</doc>
<status status="NOT RUN" start="2025-11-18T08:16:35.765661" elapsed="0.000102"/>
</kw>
<kw name="Element Should Be Visible" owner="SeleniumLibrary">
<arg>id=login-button</arg>
<doc>Verifies that the element identified by ``locator`` is visible.</doc>
<status status="NOT RUN" start="2025-11-18T08:16:35.765862" elapsed="0.000068"/>
</kw>
<doc>Verifies admin login page is shown</doc>
<status status="PASS" start="2025-11-18T08:16:35.765013" elapsed="0.000956"/>
</kw>
<kw name="Admin Login" owner="common">
<kw name="Input Text" owner="SeleniumLibrary">
<arg>id=username</arg>
<arg>${username}</arg>
<doc>Types the given ``text`` into the text field identified by ``locator``.</doc>
<status status="NOT RUN" start="2025-11-18T08:16:35.766249" elapsed="0.000081"/>
</kw>
<kw name="Input Password" owner="SeleniumLibrary">
<arg>id=password</arg>
<arg>${password}</arg>
<doc>Types the given password into the text field identified by ``locator``.</doc>
<status status="NOT RUN" start="2025-11-18T08:16:35.766421" elapsed="0.000076"/>
</kw>
<kw name="Click Button" owner="SeleniumLibrary">
<arg>id=login-button</arg>
<doc>Clicks the button identified by ``locator``.</doc>
<status status="NOT RUN" start="2025-11-18T08:16:35.766585" elapsed="0.000076"/>
</kw>
<kw name="Wait Until Page Contains Element" owner="SeleniumLibrary">
<arg>id=admin-dashboard</arg>
<arg>timeout=10s</arg>
<doc>Waits until the element ``locator`` appears on the current page.</doc>
<status status="NOT RUN" start="2025-11-18T08:16:35.766768" elapsed="0.000112"/>
</kw>
<doc>Logs into the admin portal with provided credentials</doc>
<status status="PASS" start="2025-11-18T08:16:35.766088" elapsed="0.000836"/>
</kw>
<doc>Ensures admin is logged in</doc>
<status status="PASS" start="2025-11-18T08:16:35.764815" elapsed="0.002144"/>
</kw>
<kw name="And 29 minutes have passed">
<kw name="Simulate Inactivity" owner="common">
<kw name="Sleep" owner="BuiltIn">
<arg>${duration_seconds}s</arg>
<doc>Pauses the test executed for the given time.</doc>
<status status="NOT RUN" start="2025-11-18T08:16:35.767454" elapsed="0.000051"/>
</kw>
<arg>1740</arg>
<doc>Simulates user inactivity for specified duration</doc>
<status status="PASS" start="2025-11-18T08:16:35.767307" elapsed="0.000238"/>
</kw>
<doc>Simulates 29 minutes (before timeout)</doc>
<status status="PASS" start="2025-11-18T08:16:35.767131" elapsed="0.000450"/>
</kw>
<kw name="When the admin performs any action">
<kw name="Click Element" owner="SeleniumLibrary">
<arg>id=admin-menu</arg>
<doc>Click the element identified by ``locator``.</doc>
<status status="NOT RUN" start="2025-11-18T08:16:35.767930" elapsed="0.000087"/>
</kw>
<kw name="Sleep" owner="BuiltIn">
<arg>1s</arg>
<doc>Pauses the test executed for the given time.</doc>
<status status="NOT RUN" start="2025-11-18T08:16:35.768108" elapsed="0.000044"/>
</kw>
<doc>Simulates admin activity</doc>
<status status="PASS" start="2025-11-18T08:16:35.767770" elapsed="0.000421"/>
</kw>
<kw name="And another 29 minutes pass">
<kw name="Simulate Inactivity" owner="common">
<kw name="Sleep" owner="BuiltIn">
<arg>${duration_seconds}s</arg>
<doc>Pauses the test executed for the given time.</doc>
<status status="NOT RUN" start="2025-11-18T08:16:35.768675" elapsed="0.000070"/>
</kw>
<arg>1740</arg>
<doc>Simulates user inactivity for specified duration</doc>
<status status="PASS" start="2025-11-18T08:16:35.768530" elapsed="0.000257"/>
</kw>
<doc>Simulates another 29 minutes</doc>
<status status="PASS" start="2025-11-18T08:16:35.768357" elapsed="0.000467"/>
</kw>
<kw name="Then the session should still be active">
<kw name="Page Should Contain Element" owner="SeleniumLibrary">
<arg>id=admin-dashboard</arg>
<doc>Verifies that element ``locator`` is found on the current page.</doc>
<status status="NOT RUN" start="2025-11-18T08:16:35.769148" elapsed="0.000098"/>
</kw>
<doc>Verifies session not expired</doc>
<status status="PASS" start="2025-11-18T08:16:35.768990" elapsed="0.000298"/>
</kw>
<kw name="And the admin should remain logged in">
<kw name="Element Should Be Visible" owner="SeleniumLibrary">
<arg>id=admin-dashboard</arg>
<doc>Verifies that the element identified by ``locator`` is visible.</doc>
<status status="NOT RUN" start="2025-11-18T08:16:35.769607" elapsed="0.000074"/>
</kw>
<doc>Verifies still logged in</doc>
<status status="PASS" start="2025-11-18T08:16:35.769453" elapsed="0.000288"/>
</kw>
<doc>Edge case: Session timer resets with admin activity</doc>
<tag>admin</tag>
<tag>authentication</tag>
<tag>edge-case</tag>
<tag>high-priority</tag>
<tag>product-management</tag>
<tag>timer-reset</tag>
<tag>US-020</tag>
<status status="PASS" start="2025-11-18T08:16:35.764434" elapsed="0.005452"/>
</test>
<test id="s1-s1-t5" name="US-023: Add New Product With All Information" line="61">
<kw name="Admin Login" owner="common" type="SETUP">
<kw name="Input Text" owner="SeleniumLibrary">
<arg>id=username</arg>
<arg>${username}</arg>
<doc>Types the given ``text`` into the text field identified by ``locator``.</doc>
<status status="NOT RUN" start="2025-11-18T08:16:35.770810" elapsed="0.000090"/>
</kw>
<kw name="Input Password" owner="SeleniumLibrary">
<arg>id=password</arg>
<arg>${password}</arg>
<doc>Types the given password into the text field identified by ``locator``.</doc>
<status status="NOT RUN" start="2025-11-18T08:16:35.771003" elapsed="0.000081"/>
</kw>
<kw name="Click Button" owner="SeleniumLibrary">
<arg>id=login-button</arg>
<doc>Clicks the button identified by ``locator``.</doc>
<status status="NOT RUN" start="2025-11-18T08:16:35.771175" elapsed="0.000068"/>
</kw>
<kw name="Wait Until Page Contains Element" owner="SeleniumLibrary">
<arg>id=admin-dashboard</arg>
<arg>timeout=10s</arg>
<doc>Waits until the element ``locator`` appears on the current page.</doc>
<status status="NOT RUN" start="2025-11-18T08:16:35.771332" elapsed="0.000117"/>
</kw>
<doc>Logs into the admin portal with provided credentials</doc>
<status status="PASS" start="2025-11-18T08:16:35.770626" elapsed="0.000865"/>
</kw>
<kw name="Given the admin is on the product management page">
<kw name="Click Element" owner="SeleniumLibrary">
<arg>id=products-menu</arg>
<doc>Click the element identified by ``locator``.</doc>
<status status="NOT RUN" start="2025-11-18T08:16:35.771849" elapsed="0.000076"/>
</kw>
<kw name="Wait Until Page Contains Element" owner="SeleniumLibrary">
<arg>id=product-list</arg>
<arg>timeout=10s</arg>
<doc>Waits until the element ``locator`` appears on the current page.</doc>
<status status="NOT RUN" start="2025-11-18T08:16:35.772018" elapsed="0.000110"/>
</kw>
<doc>Navigates to product management</doc>
<status status="PASS" start="2025-11-18T08:16:35.771672" elapsed="0.000499"/>
</kw>
<kw name="When the admin clicks &quot;Add New Product&quot;">
<kw name="Click Button" owner="SeleniumLibrary">
<arg>id=add-product-button</arg>
<doc>Clicks the button identified by ``locator``.</doc>
<status status="NOT RUN" start="2025-11-18T08:16:35.772499" elapsed="0.000074"/>
</kw>
<kw name="Wait Until Element Is Visible" owner="SeleniumLibrary">
<arg>id=product-form</arg>
<arg>timeout=5s</arg>
<doc>Waits until the element ``locator`` is visible.</doc>
<status status="NOT RUN" start="2025-11-18T08:16:35.772667" elapsed="0.000129"/>
</kw>
<doc>Initiates product creation</doc>
<status status="PASS" start="2025-11-18T08:16:35.772343" elapsed="0.000497"/>
</kw>
<kw name="And enters product name &quot;Red Bull&quot;" source_name="Enters product name &quot;${name}&quot;">
<kw name="Input Text" owner="SeleniumLibrary">
<arg>id=product-name</arg>
<arg>${name}</arg>
<doc>Types the given ``text`` into the text field identified by ``locator``.</doc>
<status status="NOT RUN" start="2025-11-18T08:16:35.773246" elapsed="0.000087"/>
</kw>
<doc>Enters product name</doc>
<status status="PASS" start="2025-11-18T08:16:35.773044" elapsed="0.000333"/>
</kw>
<kw name="And enters price &quot;3.00&quot;" source_name="Enters price &quot;${price}&quot;">
<kw name="Input Text" owner="SeleniumLibrary">
<arg>id=product-price</arg>
<arg>${price}</arg>
<doc>Types the given ``text`` into the text field identified by ``locator``.</doc>
<status status="NOT RUN" start="2025-11-18T08:16:35.773752" elapsed="0.000092"/>
</kw>
<doc>Enters product price</doc>
<status status="PASS" start="2025-11-18T08:16:35.773574" elapsed="0.000315"/>
</kw>
<kw name="And uploads product image">
<kw name="Set Variable" owner="BuiltIn">
<var>${image_path}</var>
<arg>/home/runner/work/snackbar/snackbar/tests/acceptance/../../data/test_product.jpg</arg>
<doc>Returns the given values which can then be assigned to a variables.</doc>
<status status="NOT RUN" start="2025-11-18T08:16:35.774229" elapsed="0.000042"/>
</kw>
<kw name="Choose File" owner="SeleniumLibrary">
<arg>id=product-image</arg>
<arg>${image_path}</arg>
<doc>Inputs the ``file_path`` into the file input field ``locator``.</doc>
<status status="NOT RUN" start="2025-11-18T08:16:35.774366" elapsed="0.000082"/>
</kw>
<doc>Uploads an image file</doc>
<status status="PASS" start="2025-11-18T08:16:35.774061" elapsed="0.000428"/>
</kw>
<kw name="And selects category &quot;Energy Drinks&quot;" source_name="Selects category &quot;${category}&quot;">
<kw name="Select From List By Label" owner="SeleniumLibrary">
<arg>id=product-category</arg>
<arg>${category}</arg>
<doc>Selects options from selection list ``locator`` by ``labels``.</doc>
<status status="NOT RUN" start="2025-11-18T08:16:35.774854" elapsed="0.000086"/>
</kw>
<doc>Selects product category</doc>
<status status="PASS" start="2025-11-18T08:16:35.774678" elapsed="0.000306"/>
</kw>
<kw name="And enters allergen information &quot;Caffeine&quot;" source_name="Enters allergen information &quot;${allergen}&quot;">
<kw name="Input Text" owner="SeleniumLibrary">
<arg>id=product-allergens</arg>
<arg>${allergen}</arg>
<doc>Types the given ``text`` into the text field identified by ``locator``.</doc>
<status status="NOT RUN" start="2025-11-18T08:16:35.775332" elapsed="0.000094"/>
</kw>
<doc>Enters allergen info</doc>
<status status="PASS" start="2025-11-18T08:16:35.775174" elapsed="0.000298"/>
</kw>
<kw name="And clicks &quot;Save Product&quot;" source_name="Clicks &quot;${button_text}&quot;">
<kw name="Click Button" owner="SeleniumLibrary">
<arg>xpath=//button[contains(text(), '${button_text}')]</arg>
<doc>Clicks the button identified by ``locator``.</doc>
<status status="NOT RUN" start="2025-11-18T08:16:35.775956" elapsed="0.000068"/>
</kw>
<doc>Clicks specified button</doc>
<status status="PASS" start="2025-11-18T08:16:35.775662" elapsed="0.000404"/>
</kw>
<kw name="Then the product should be created successfully">
<kw name="Wait Until Page Contains" owner="SeleniumLibrary">
<arg>Product created successfully</arg>
<arg>timeout=5s</arg>
<doc>Waits until ``text`` appears on the current page.</doc>
<status status="NOT RUN" start="2025-11-18T08:16:35.776429" elapsed="0.000094"/>
</kw>
<doc>Verifies product creation</doc>
<status status="PASS" start="2025-11-18T08:16:35.776274" elapsed="0.000294"/>
</kw>
<kw name="And the product should appear in the product list">
<kw name="Go To" owner="SeleniumLibrary">
<arg>${ADMIN_URL}/products</arg>
<doc>Navigates the current browser window to the provided ``url``.</doc>
<status status="NOT RUN" start="2025-11-18T08:16:35.776909" elapsed="0.000042"/>
</kw>
<kw name="Wait Until Page Contains Element" owner="SeleniumLibrary">
<arg>id=product-list</arg>
<arg>timeout=10s</arg>
<doc>Waits until the element ``locator`` appears on the current page.</doc>
<status status="NOT RUN" start="2025-11-18T08:16:35.777043" elapsed="0.000113"/>
</kw>
<kw name="Page Should Contain" owner="SeleniumLibrary">
<arg>Red Bull</arg>
<doc>Verifies that current page contains ``text``.</doc>
<status status="NOT RUN" start="2025-11-18T08:16:35.777251" elapsed="0.000046"/>
</kw>
<doc>Verifies product in list</doc>
<status status="PASS" start="2025-11-18T08:16:35.776757" elapsed="0.000578"/>
</kw>
<kw name="And a success message should be displayed">
<kw name="Element Should Be Visible" owner="SeleniumLibrary">
<arg>css=.success-message</arg>
<doc>Verifies that the element identified by ``locator`` is visible.</doc>
<status status="NOT RUN" start="2025-11-18T08:16:35.777667" elapsed="0.000093"/>
</kw>
<doc>Verifies success feedback</doc>
<status status="PASS" start="2025-11-18T08:16:35.777500" elapsed="0.000302"/>
</kw>
<doc>As an administrator, I want to add new products with name, price,
image, category, and allergen information so that customers can
purchase them from the kiosk.</doc>
<tag>admin</tag>
<tag>authentication</tag>
<tag>crud</tag>
<tag>high-priority</tag>
<tag>product-creation</tag>
<tag>product-management</tag>
<tag>US-023</tag>
<status status="PASS" start="2025-11-18T08:16:35.770153" elapsed="0.007795"/>
</test>
<test id="s1-s1-t6" name="US-024: Image Upload With Automatic Processing" line="81">
<kw name="Admin Login" owner="common" type="SETUP">
<kw name="Input Text" owner="SeleniumLibrary">
<arg>id=username</arg>
<arg>${username}</arg>
<doc>Types the given ``text`` into the text field identified by ``locator``.</doc>
<status status="NOT RUN" start="2025-11-18T08:16:35.778950" elapsed="0.000089"/>
</kw>
<kw name="Input Password" owner="SeleniumLibrary">
<arg>id=password</arg>
<arg>${password}</arg>
<doc>Types the given password into the text field identified by ``locator``.</doc>
<status status="NOT RUN" start="2025-11-18T08:16:35.779152" elapsed="0.000094"/>
</kw>
<kw name="Click Button" owner="SeleniumLibrary">
<arg>id=login-button</arg>
<doc>Clicks the button identified by ``locator``.</doc>
<status status="NOT RUN" start="2025-11-18T08:16:35.779343" elapsed="0.000068"/>
</kw>
<kw name="Wait Until Page Contains Element" owner="SeleniumLibrary">
<arg>id=admin-dashboard</arg>
<arg>timeout=10s</arg>
<doc>Waits until the element ``locator`` appears on the current page.</doc>
<status status="NOT RUN" start="2025-11-18T08:16:35.779501" elapsed="0.000108"/>
</kw>
<doc>Logs into the admin portal with provided credentials</doc>
<status status="PASS" start="2025-11-18T08:16:35.778782" elapsed="0.000870"/>
</kw>
<kw name="Given the admin is adding a new product">
<kw name="The admin is on the product management page">
<kw name="Click Element" owner="SeleniumLibrary">
<arg>id=products-menu</arg>
<doc>Click the element identified by ``locator``.</doc>
<status status="NOT RUN" start="2025-11-18T08:16:35.780175" elapsed="0.000075"/>
</kw>
<kw name="Wait Until Page Contains Element" owner="SeleniumLibrary">
<arg>id=product-list</arg>
<arg>timeout=10s</arg>
<doc>Waits until the element ``locator`` appears on the current page.</doc>
<status status="NOT RUN" start="2025-11-18T08:16:35.780351" elapsed="0.000127"/>
</kw>
<doc>Navigates to product management</doc>
<status status="PASS" start="2025-11-18T08:16:35.780029" elapsed="0.000515"/>
</kw>
<kw name="The admin clicks &quot;Add New Product&quot;">
<kw name="Click Button" owner="SeleniumLibrary">
<arg>id=add-product-button</arg>
<doc>Clicks the button identified by ``locator``.</doc>
<status status="NOT RUN" start="2025-11-18T08:16:35.780902" elapsed="0.000079"/>
</kw>
<kw name="Wait Until Element Is Visible" owner="SeleniumLibrary">
<arg>id=product-form</arg>
<arg>timeout=5s</arg>
<doc>Waits until the element ``locator`` is visible.</doc>
<status status="NOT RUN" start="2025-11-18T08:16:35.781076" elapsed="0.000112"/>
</kw>
<doc>Initiates product creation</doc>
<status status="PASS" start="2025-11-18T08:16:35.780676" elapsed="0.000556"/>
</kw>
<doc>Setup for image upload test</doc>
<status status="PASS" start="2025-11-18T08:16:35.779855" elapsed="0.001411"/>
</kw>
<kw name="When the admin uploads a product image (2MB JPEG)">
<kw name="Set Variable" owner="BuiltIn">
<var>${image_path}</var>
<arg>/home/runner/work/snackbar/snackbar/tests/acceptance/../../data/large_test_image.jpg</arg>
<doc>Returns the given values which can then be assigned to a variables.</doc>
<status status="NOT RUN" start="2025-11-18T08:16:35.781672" elapsed="0.000082"/>
</kw>
<kw name="Get Time" owner="BuiltIn">
<var>${start_time}</var>
<arg>epoch</arg>
<doc>Returns the given time in the requested format.</doc>
<status status="NOT RUN" start="2025-11-18T08:16:35.781901" elapsed="0.000086"/>
</kw>
<kw name="Set Test Variable" owner="BuiltIn">
<arg>${UPLOAD_START}</arg>
<arg>${start_time}</arg>
<doc>Makes a variable available everywhere within the scope of the current test.</doc>
<status status="NOT RUN" start="2025-11-18T08:16:35.782108" elapsed="0.000058"/>
</kw>
<kw name="Choose File" owner="SeleniumLibrary">
<arg>id=product-image</arg>
<arg>${image_path}</arg>
<doc>Inputs the ``file_path`` into the file input field ``locator``.</doc>
<status status="NOT RUN" start="2025-11-18T08:16:35.782259" elapsed="0.000085"/>
</kw>
<doc>Uploads test image</doc>
<status status="PASS" start="2025-11-18T08:16:35.781475" elapsed="0.000924"/>
</kw>
<kw name="Then the image should be validated (file type, size)">
<kw name="Wait Until Element Is Visible" owner="SeleniumLibrary">
<arg>id=image-preview</arg>
<arg>timeout=10s</arg>
<doc>Waits until the element ``locator`` is visible.</doc>
<status status="NOT RUN" start="2025-11-18T08:16:35.782766" elapsed="0.000121"/>
</kw>
<doc>Verifies image validation</doc>
<status status="PASS" start="2025-11-18T08:16:35.782572" elapsed="0.000361"/>
</kw>
<kw name="And the image should be resized to 800x600px">
<kw name="Log" owner="BuiltIn">
<arg>Image resized to 800x600px (server-side processing)</arg>
<doc>Logs the given message with the given level.</doc>
<status status="NOT RUN" start="2025-11-18T08:16:35.783261" elapsed="0.000048"/>
</kw>
<doc>Verifies image resizing (backend process)</doc>
<status status="PASS" start="2025-11-18T08:16:35.783103" elapsed="0.000247"/>
</kw>
<kw name="And EXIF metadata should be stripped">
<kw name="Log" owner="BuiltIn">
<arg>EXIF metadata stripped from uploaded image</arg>
<doc>Logs the given message with the given level.</doc>
<status status="NOT RUN" start="2025-11-18T08:16:35.783673" elapsed="0.000065"/>
</kw>
<doc>Verifies EXIF stripping (security)</doc>
<status status="PASS" start="2025-11-18T08:16:35.783514" elapsed="0.000267"/>
</kw>
<kw name="And the image should be optimized for web (WebP with JPEG fallback)">
<kw name="Log" owner="BuiltIn">
<arg>Image optimized: WebP format with JPEG fallback</arg>
<doc>Logs the given message with the given level.</doc>
<status status="NOT RUN" start="2025-11-18T08:16:35.784099" elapsed="0.000050"/>
</kw>
<doc>Verifies image optimization</doc>
<status status="PASS" start="2025-11-18T08:16:35.783943" elapsed="0.000246"/>
</kw>
<kw name="And the processed image should be saved">
<kw name="Element Should Be Visible" owner="SeleniumLibrary">
<arg>id=image-preview</arg>
<doc>Verifies that the element identified by ``locator`` is visible.</doc>
<status status="NOT RUN" start="2025-11-18T08:16:35.784501" elapsed="0.000075"/>
</kw>
<doc>Verifies image saved</doc>
<status status="PASS" start="2025-11-18T08:16:35.784350" elapsed="0.000268"/>
</kw>
<kw name="And upload should complete within 5 seconds">
<kw name="Get Time" owner="BuiltIn">
<var>${end_time}</var>
<arg>epoch</arg>
<doc>Returns the given time in the requested format.</doc>
<status status="NOT RUN" start="2025-11-18T08:16:35.784978" elapsed="0.000057"/>
</kw>
<kw name="Evaluate" owner="BuiltIn">
<var>${duration}</var>
<arg>${end_time} - ${UPLOAD_START}</arg>
<doc>Evaluates the given expression in Python and returns the result.</doc>
<status status="NOT RUN" start="2025-11-18T08:16:35.785141" elapsed="0.000049"/>
</kw>
<kw name="Should Be True" owner="BuiltIn">
<arg>${duration} &lt;= 5</arg>
<arg>Upload took ${duration}s, expected ≤5s</arg>
<doc>Fails if the given condition is not true.</doc>
<status status="NOT RUN" start="2025-11-18T08:16:35.785276" elapsed="0.000069"/>
</kw>
<doc>Verifies upload performance</doc>
<status status="PASS" start="2025-11-18T08:16:35.784807" elapsed="0.000579"/>
</kw>
<doc>As an administrator, I want to upload product images that are
automatically processed and optimized so that they display quickly
on the kiosk without manual image editing.</doc>
<tag>admin</tag>
<tag>authentication</tag>
<tag>high-priority</tag>
<tag>image-upload</tag>
<tag>optimization</tag>
<tag>product-management</tag>
<tag>US-024</tag>
<status status="PASS" start="2025-11-18T08:16:35.778259" elapsed="0.007315"/>
</test>
<test id="s1-s1-t7" name="US-025: Edit Existing Product Information" line="98">
<kw name="Admin Login" owner="common" type="SETUP">
<kw name="Input Text" owner="SeleniumLibrary">
<arg>id=username</arg>
<arg>${username}</arg>
<doc>Types the given ``text`` into the text field identified by ``locator``.</doc>
<status status="NOT RUN" start="2025-11-18T08:16:35.786596" elapsed="0.000089"/>
</kw>
<kw name="Input Password" owner="SeleniumLibrary">
<arg>id=password</arg>
<arg>${password}</arg>
<doc>Types the given password into the text field identified by ``locator``.</doc>
<status status="NOT RUN" start="2025-11-18T08:16:35.786820" elapsed="0.000085"/>
</kw>
<kw name="Click Button" owner="SeleniumLibrary">
<arg>id=login-button</arg>
<doc>Clicks the button identified by ``locator``.</doc>
<status status="NOT RUN" start="2025-11-18T08:16:35.786996" elapsed="0.000069"/>
</kw>
<kw name="Wait Until Page Contains Element" owner="SeleniumLibrary">
<arg>id=admin-dashboard</arg>
<arg>timeout=10s</arg>
<doc>Waits until the element ``locator`` appears on the current page.</doc>
<status status="NOT RUN" start="2025-11-18T08:16:35.787153" elapsed="0.000110"/>
</kw>
<doc>Logs into the admin portal with provided credentials</doc>
<status status="PASS" start="2025-11-18T08:16:35.786309" elapsed="0.000997"/>
</kw>
<kw name="Given a product exists in the system">
<kw name="Log" owner="BuiltIn">
<arg>Product exists for editing test</arg>
<doc>Logs the given message with the given level.</doc>
<status status="NOT RUN" start="2025-11-18T08:16:35.787651" elapsed="0.000067"/>
</kw>
<doc>Ensures product exists for editing</doc>
<status status="PASS" start="2025-11-18T08:16:35.787483" elapsed="0.000284"/>
</kw>
<kw name="When the admin clicks &quot;Edit&quot; for that product">
<kw name="Click Element" owner="SeleniumLibrary">
<arg>xpath=//tr[contains(., 'Coca-Cola')]//button[contains(., 'Edit')]</arg>
<doc>Click the element identified by ``locator``.</doc>
<status status="NOT RUN" start="2025-11-18T08:16:35.788096" elapsed="0.000076"/>
</kw>
<kw name="Wait Until Element Is Visible" owner="SeleniumLibrary">
<arg>id=product-form</arg>
<arg>timeout=5s</arg>
<doc>Waits until the element ``locator`` is visible.</doc>
<status status="NOT RUN" start="2025-11-18T08:16:35.788266" elapsed="0.000111"/>
</kw>
<doc>Opens product for editing</doc>
<status status="PASS" start="2025-11-18T08:16:35.787938" elapsed="0.000483"/>
</kw>
<kw name="And changes the price from &quot;2.50&quot; to &quot;2.75&quot;" source_name="Changes the price from &quot;${old_price}&quot; to &quot;${new_price}&quot;">
<kw name="Clear Element Text" owner="SeleniumLibrary">
<arg>id=product-price</arg>
<doc>Clears the value of the text-input-element identified by ``locator``.</doc>
<status status="NOT RUN" start="2025-11-18T08:16:35.788815" elapsed="0.000076"/>
</kw>
<kw name="Input Text" owner="SeleniumLibrary">
<arg>id=product-price</arg>
<arg>${new_price}</arg>
<doc>Types the given ``text`` into the text field identified by ``locator``.</doc>
<status status="NOT RUN" start="2025-11-18T08:16:35.788983" elapsed="0.000079"/>
</kw>
<doc>Updates product price</doc>
<status status="PASS" start="2025-11-18T08:16:35.788633" elapsed="0.000470"/>
</kw>
<kw name="And updates the category">
<kw name="Select From List By Index" owner="SeleniumLibrary">
<arg>id=product-category</arg>
<arg>1</arg>
<doc>Selects options from selection list ``locator`` by ``indexes``.</doc>
<status status="NOT RUN" start="2025-11-18T08:16:35.789425" elapsed="0.000116"/>
</kw>
<doc>Changes product category</doc>
<status status="PASS" start="2025-11-18T08:16:35.789271" elapsed="0.000318"/>
</kw>
<kw name="And clicks &quot;Save Changes&quot;">
<kw name="Click Button" owner="SeleniumLibrary">
<arg>id=save-product-button</arg>
<doc>Clicks the button identified by ``locator``.</doc>
<status status="NOT RUN" start="2025-11-18T08:16:35.789925" elapsed="0.000075"/>
</kw>
<doc>Saves product updates</doc>
<status status="PASS" start="2025-11-18T08:16:35.789770" elapsed="0.000272"/>
</kw>
<kw name="Then the product should be updated successfully">
<kw name="Wait Until Page Contains" owner="SeleniumLibrary">
<arg>Product updated successfully</arg>
<arg>timeout=5s</arg>
<doc>Waits until ``text`` appears on the current page.</doc>
<status status="NOT RUN" start="2025-11-18T08:16:35.790369" elapsed="0.000092"/>
</kw>
<doc>Verifies update success</doc>
<status status="PASS" start="2025-11-18T08:16:35.790207" elapsed="0.000298"/>
</kw>
<kw name="And the changes should be visible immediately">
<kw name="Page Should Contain" owner="SeleniumLibrary">
<arg>2.75</arg>
<doc>Verifies that current page contains ``text``.</doc>
<status status="NOT RUN" start="2025-11-18T08:16:35.790853" elapsed="0.000051"/>
</kw>
<doc>Verifies immediate update</doc>
<status status="PASS" start="2025-11-18T08:16:35.790667" elapsed="0.000277"/>
</kw>
<kw name="And a success confirmation should be shown">
<kw name="Element Should Be Visible" owner="SeleniumLibrary">
<arg>css=.success-message</arg>
<doc>Verifies that the element identified by ``locator`` is visible.</doc>
<status status="NOT RUN" start="2025-11-18T08:16:35.791256" elapsed="0.000072"/>
</kw>
<doc>Verifies success message</doc>
<status status="PASS" start="2025-11-18T08:16:35.791107" elapsed="0.000263"/>
</kw>
<doc>As an administrator, I want to edit existing product information
so that I can update prices, descriptions, or categories as needed.</doc>
<tag>admin</tag>
<tag>authentication</tag>
<tag>crud</tag>
<tag>high-priority</tag>
<tag>product-editing</tag>
<tag>product-management</tag>
<tag>US-025</tag>
<status status="PASS" start="2025-11-18T08:16:35.785875" elapsed="0.005676"/>
</test>
<test id="s1-s1-t8" name="US-028: Product Changes Reflect On Kiosk Immediately" line="114">
<kw name="Admin Login And Open Kiosk" type="SETUP">
<kw name="Admin Login" owner="common">
<kw name="Input Text" owner="SeleniumLibrary">
<arg>id=username</arg>
<arg>${username}</arg>
<doc>Types the given ``text`` into the text field identified by ``locator``.</doc>
<status status="NOT RUN" start="2025-11-18T08:16:35.792723" elapsed="0.000096"/>
</kw>
<kw name="Input Password" owner="SeleniumLibrary">
<arg>id=password</arg>
<arg>${password}</arg>
<doc>Types the given password into the text field identified by ``locator``.</doc>
<status status="NOT RUN" start="2025-11-18T08:16:35.792919" elapsed="0.000079"/>
</kw>
<kw name="Click Button" owner="SeleniumLibrary">
<arg>id=login-button</arg>
<doc>Clicks the button identified by ``locator``.</doc>
<status status="NOT RUN" start="2025-11-18T08:16:35.793088" elapsed="0.000067"/>
</kw>
<kw name="Wait Until Page Contains Element" owner="SeleniumLibrary">
<arg>id=admin-dashboard</arg>
<arg>timeout=10s</arg>
<doc>Waits until the element ``locator`` appears on the current page.</doc>
<status status="NOT RUN" start="2025-11-18T08:16:35.793244" elapsed="0.000105"/>
</kw>
<doc>Logs into the admin portal with provided credentials</doc>
<status status="PASS" start="2025-11-18T08:16:35.792545" elapsed="0.000848"/>
</kw>
<kw name="Execute Javascript" owner="SeleniumLibrary">
<arg>window.open('${KIOSK_URL}', 'kiosk')</arg>
<doc>Executes the given JavaScript code with possible arguments.</doc>
<status status="NOT RUN" start="2025-11-18T08:16:35.793480" elapsed="0.000049"/>
</kw>
<kw name="Sleep" owner="BuiltIn">
<arg>2s</arg>
<doc>Pauses the test executed for the given time.</doc>
<status status="NOT RUN" start="2025-11-18T08:16:35.793613" elapsed="0.000052"/>
</kw>
<doc>Setup for multi-window test</doc>
<status status="PASS" start="2025-11-18T08:16:35.792362" elapsed="0.001356"/>
</kw>
<kw name="Given the admin updates a product price">
<kw name="Click Element" owner="SeleniumLibrary">
<arg>id=products-menu</arg>
<doc>Click the element identified by ``locator``.</doc>
<status status="NOT RUN" start="2025-11-18T08:16:35.794068" elapsed="0.000074"/>
</kw>
<kw name="Wait Until Element Is Visible" owner="SeleniumLibrary">
<arg>id=product-list</arg>
<arg>timeout=10s</arg>
<doc>Waits until the element ``locator`` is visible.</doc>
<status status="NOT RUN" start="2025-11-18T08:16:35.794233" elapsed="0.000108"/>
</kw>
<kw name="Click Element" owner="SeleniumLibrary">
<arg>xpath=//tr[contains(., 'Coca-Cola')]//button[contains(., 'Edit')]</arg>
<doc>Click the element identified by ``locator``.</doc>
<status status="NOT RUN" start="2025-11-18T08:16:35.794452" elapsed="0.000070"/>
</kw>
<kw name="Wait Until Element Is Visible" owner="SeleniumLibrary">
<arg>id=product-form</arg>
<arg>timeout=5s</arg>
<doc>Waits until the element ``locator`` is visible.</doc>
<status status="NOT RUN" start="2025-11-18T08:16:35.794612" elapsed="0.000120"/>
</kw>
<kw name="Clear Element Text" owner="SeleniumLibrary">
<arg>id=product-price</arg>
<doc>Clears the value of the text-input-element identified by ``locator``.</doc>
<status status="NOT RUN" start="2025-11-18T08:16:35.794826" elapsed="0.000075"/>
</kw>
<kw name="Input Text" owner="SeleniumLibrary">
<arg>id=product-price</arg>
<arg>2.99</arg>
<doc>Types the given ``text`` into the text field identified by ``locator``.</doc>
<status status="NOT RUN" start="2025-11-18T08:16:35.794991" elapsed="0.000073"/>
</kw>
<kw name="Set Test Variable" owner="BuiltIn">
<arg>${CHANGE_TIME}</arg>
<arg>${EMPTY}</arg>
<doc>Makes a variable available everywhere within the scope of the current test.</doc>
<status status="NOT RUN" start="2025-11-18T08:16:35.795162" elapsed="0.000052"/>
</kw>
<doc>Admin makes a product change</doc>
<status status="PASS" start="2025-11-18T08:16:35.793912" elapsed="0.001342"/>
</kw>
<kw name="When the admin saves the changes">
<kw name="Get Time" owner="BuiltIn">
<var>${start_time}</var>
<arg>epoch</arg>
<doc>Returns the given time in the requested format.</doc>
<status status="NOT RUN" start="2025-11-18T08:16:35.795604" elapsed="0.000054"/>
</kw>
<kw name="Set Test Variable" owner="BuiltIn">
<arg>${CHANGE_TIME}</arg>
<arg>${start_time}</arg>
<doc>Makes a variable available everywhere within the scope of the current test.</doc>
<status status="NOT RUN" start="2025-11-18T08:16:35.795847" elapsed="0.000061"/>
</kw>
<kw name="Click Button" owner="SeleniumLibrary">
<arg>id=save-product-button</arg>
<doc>Clicks the button identified by ``locator``.</doc>
<status status="NOT RUN" start="2025-11-18T08:16:35.796005" elapsed="0.000076"/>
</kw>
<kw name="Wait Until Page Contains" owner="SeleniumLibrary">
<arg>Product updated</arg>
<arg>timeout=5s</arg>
<doc>Waits until ``text`` appears on the current page.</doc>
<status status="NOT RUN" start="2025-11-18T08:16:35.796173" elapsed="0.000089"/>
</kw>
<doc>Saves product changes and records time</doc>
<status status="PASS" start="2025-11-18T08:16:35.795437" elapsed="0.000868"/>
</kw>
<kw name="Then the changes should appear on the kiosk within 5 seconds">
<kw name="Switch Window" owner="SeleniumLibrary">
<arg>NEW</arg>
<doc>Switches to browser window matching ``locator``.</doc>
<status status="NOT RUN" start="2025-11-18T08:16:35.796662" elapsed="0.000078"/>
</kw>
<kw name="Wait Until Page Contains" owner="SeleniumLibrary">
<arg>2.99</arg>
<arg>timeout=5s</arg>
<doc>Waits until ``text`` appears on the current page.</doc>
<status status="NOT RUN" start="2025-11-18T08:16:35.796839" elapsed="0.000092"/>
</kw>
<kw name="Get Time" owner="BuiltIn">
<var>${end_time}</var>
<arg>epoch</arg>
<doc>Returns the given time in the requested format.</doc>
<status status="NOT RUN" start="2025-11-18T08:16:35.797031" elapsed="0.000052"/>
</kw>
<kw name="Evaluate" owner="BuiltIn">
<var>${duration}</var>
<arg>${end_time} - ${CHANGE_TIME}</arg>
<doc>Evaluates the given expression in Python and returns the result.</doc>
<status status="NOT RUN" start="2025-11-18T08:16:35.797209" elapsed="0.000052"/>
</kw>
<kw name="Should Be True" owner="BuiltIn">
<arg>${duration} &lt;= 5</arg>
<arg>Update took ${duration}s, expected ≤5s</arg>
<doc>Fails if the given condition is not true.</doc>
<status status="NOT RUN" start="2025-11-18T08:16:35.797360" elapsed="0.000070"/>
</kw>
<doc>Verifies kiosk update timing</doc>
<status status="PASS" start="2025-11-18T08:16:35.796498" elapsed="0.000975"/>
</kw>
<kw name="And the kiosk should display the updated information">
<kw name="Page Should Contain" owner="SeleniumLibrary">
<arg>2.99€</arg>
<doc>Verifies that current page contains ``text``.</doc>
<status status="NOT RUN" start="2025-11-18T08:16:35.797947" elapsed="0.000053"/>
</kw>
<doc>Verifies kiosk shows new data</doc>
<status status="PASS" start="2025-11-18T08:16:35.797644" elapsed="0.000398"/>
</kw>
<kw name="And no manual refresh should be required">
<kw name="Log" owner="BuiltIn">
<arg>Kiosk updated automatically without manual refresh</arg>
<doc>Logs the given message with the given level.</doc>
<status status="NOT RUN" start="2025-11-18T08:16:35.798373" elapsed="0.000048"/>
</kw>
<doc>Verifies automatic update</doc>
<status status="PASS" start="2025-11-18T08:16:35.798219" elapsed="0.000243"/>
</kw>
<doc>As an administrator, I want my product changes to reflect on the
kiosk immediately (within 5 seconds) so that customers always see
current information.</doc>
<tag>admin</tag>
<tag>authentication</tag>
<tag>high-priority</tag>
<tag>performance</tag>
<tag>product-management</tag>
<tag>real-time-sync</tag>
<tag>US-028</tag>
<status status="PASS" start="2025-11-18T08:16:35.791867" elapsed="0.006738"/>
</test>
<test id="s1-s1-t9" name="US-027: Remove Products From System" line="128">
<kw name="Admin Login" owner="common" type="SETUP">
<kw name="Input Text" owner="SeleniumLibrary">
<arg>id=username</arg>
<arg>${username}</arg>
<doc>Types the given ``text`` into the text field identified by ``locator``.</doc>
<status status="NOT RUN" start="2025-11-18T08:16:35.799484" elapsed="0.000091"/>
</kw>
<kw name="Input Password" owner="SeleniumLibrary">
<arg>id=password</arg>
<arg>${password}</arg>
<doc>Types the given password into the text field identified by ``locator``.</doc>
<status status="NOT RUN" start="2025-11-18T08:16:35.799675" elapsed="0.000119"/>
</kw>
<kw name="Click Button" owner="SeleniumLibrary">
<arg>id=login-button</arg>
<doc>Clicks the button identified by ``locator``.</doc>
<status status="NOT RUN" start="2025-11-18T08:16:35.799896" elapsed="0.000071"/>
</kw>
<kw name="Wait Until Page Contains Element" owner="SeleniumLibrary">
<arg>id=admin-dashboard</arg>
<arg>timeout=10s</arg>
<doc>Waits until the element ``locator`` appears on the current page.</doc>
<status status="NOT RUN" start="2025-11-18T08:16:35.800056" elapsed="0.000108"/>
</kw>
<doc>Logs into the admin portal with provided credentials</doc>
<status status="PASS" start="2025-11-18T08:16:35.799319" elapsed="0.000888"/>
</kw>
<kw name="Given a product exists that should be discontinued">
<kw name="Log" owner="BuiltIn">
<arg>Product exists for deletion test</arg>
<doc>Logs the given message with the given level.</doc>
<status status="NOT RUN" start="2025-11-18T08:16:35.800546" elapsed="0.000048"/>
</kw>
<doc>Product exists for deletion</doc>
<status status="PASS" start="2025-11-18T08:16:35.800389" elapsed="0.000245"/>
</kw>
<kw name="When the admin clicks &quot;Delete&quot; for that product">
<kw name="Click Element" owner="SeleniumLibrary">
<arg>xpath=//tr[contains(., 'Old Product')]//button[contains(., 'Delete')]</arg>
<doc>Click the element identified by ``locator``.</doc>
<status status="NOT RUN" start="2025-11-18T08:16:35.800973" elapsed="0.000077"/>
</kw>
<doc>Initiates product deletion</doc>
<status status="PASS" start="2025-11-18T08:16:35.800815" elapsed="0.000276"/>
</kw>
<kw name="And confirms the deletion">
<kw name="Wait Until Element Is Visible" owner="SeleniumLibrary">
<arg>id=confirm-delete-dialog</arg>
<arg>timeout=5s</arg>
<doc>Waits until the element ``locator`` is visible.</doc>
<status status="NOT RUN" start="2025-11-18T08:16:35.801413" elapsed="0.000113"/>
</kw>
<kw name="Click Button" owner="SeleniumLibrary">
<arg>id=confirm-delete-button</arg>
<doc>Clicks the button identified by ``locator``.</doc>
<status status="NOT RUN" start="2025-11-18T08:16:35.801622" elapsed="0.000098"/>
</kw>
<doc>Confirms deletion in dialog</doc>
<status status="PASS" start="2025-11-18T08:16:35.801258" elapsed="0.000508"/>
</kw>
<kw name="Then the product should be removed from the system">
<kw name="Wait Until Page Contains" owner="SeleniumLibrary">
<arg>Product deleted successfully</arg>
<arg>timeout=5s</arg>
<doc>Waits until ``text`` appears on the current page.</doc>
<status status="NOT RUN" start="2025-11-18T08:16:35.802083" elapsed="0.000090"/>
</kw>
<doc>Verifies product deleted</doc>
<status status="PASS" start="2025-11-18T08:16:35.801931" elapsed="0.000286"/>
</kw>
<kw name="And the product should no longer appear on the kiosk">
<kw name="Log" owner="BuiltIn">
<arg>Product removed from kiosk display</arg>
<doc>Logs the given message with the given level.</doc>
<status status="NOT RUN" start="2025-11-18T08:16:35.802531" elapsed="0.000047"/>
</kw>
<doc>Verifies kiosk no longer shows product</doc>
<status status="PASS" start="2025-11-18T08:16:35.802379" elapsed="0.000239"/>
</kw>
<kw name="And the product should no longer appear in admin product list">
<kw name="Page Should Not Contain" owner="SeleniumLibrary">
<arg>Old Product</arg>
<doc>Verifies the current page does not contain ``text``.</doc>
<status status="NOT RUN" start="2025-11-18T08:16:35.802966" elapsed="0.000048"/>
</kw>
<doc>Verifies product removed from list</doc>
<status status="PASS" start="2025-11-18T08:16:35.802808" elapsed="0.000246"/>
</kw>
<doc>As an administrator, I want to remove products from the system
so that discontinued items no longer appear on the kiosk.</doc>
<tag>admin</tag>
<tag>authentication</tag>
<tag>crud</tag>
<tag>high-priority</tag>
<tag>product-deletion</tag>
<tag>product-management</tag>
<tag>US-027</tag>
<status status="PASS" start="2025-11-18T08:16:35.798900" elapsed="0.004294"/>
</test>
<kw name="Close All Test Browsers" owner="common" type="TEARDOWN">
<kw name="Close All Browsers" owner="SeleniumLibrary">
<doc>Closes all open browsers and resets the browser cache.</doc>
<status status="NOT RUN" start="2025-11-18T08:16:35.803878" elapsed="0.000036"/>
</kw>
<doc>Closes all browsers opened during test</doc>
<status status="PASS" start="2025-11-18T08:16:35.803754" elapsed="0.000198"/>
</kw>
<doc>Acceptance tests for Administrator Authentication &amp; Product Management
Covers US-019 through US-028</doc>
<status status="PASS" start="2025-11-18T08:16:35.619797" elapsed="0.184185"/>
</suite>
<suite id="s1-s2" name="Admin Inventory Management" source="/home/runner/work/snackbar/snackbar/tests/acceptance/admin_inventory_management.robot">
<kw name="Open Admin Browser" owner="common" type="SETUP">
<kw name="Open Browser" owner="SeleniumLibrary">
<arg>${ADMIN_URL}</arg>
<arg>${BROWSER}</arg>
<doc>Opens a new browser instance to the optional ``url``.</doc>
<status status="NOT RUN" start="2025-11-18T08:16:35.807177" elapsed="0.000067"/>
</kw>
<kw name="Maximize Browser Window" owner="SeleniumLibrary">
<doc>Maximizes current browser window.</doc>
<status status="NOT RUN" start="2025-11-18T08:16:35.807355" elapsed="0.000035"/>
</kw>
<kw name="Set Selenium Timeout" owner="SeleniumLibrary">
<arg>${SELENIUM_TIMEOUT}</arg>
<doc>Sets the timeout that is used by various keywords.</doc>
<status status="NOT RUN" start="2025-11-18T08:16:35.807486" elapsed="0.000049"/>
</kw>
<kw name="Set Selenium Implicit Wait" owner="SeleniumLibrary">
<arg>${SELENIUM_IMPLICIT_WAIT}</arg>
<doc>Sets the implicit wait value used by Selenium.</doc>
<status status="NOT RUN" start="2025-11-18T08:16:35.807638" elapsed="0.000047"/>
</kw>
<doc>Opens the admin portal in a browser</doc>
<status status="PASS" start="2025-11-18T08:16:35.807018" elapsed="0.000760"/>
</kw>
<test id="s1-s2-t1" name="US-032: Enable Or Disable Inventory Tracking System-Wide" line="12">
<kw name="Admin Login" owner="common" type="SETUP">
<kw name="Input Text" owner="SeleniumLibrary">
<arg>id=username</arg>
<arg>${username}</arg>
<doc>Types the given ``text`` into the text field identified by ``locator``.</doc>
<status status="NOT RUN" start="2025-11-18T08:16:35.808658" elapsed="0.000113"/>
</kw>
<kw name="Input Password" owner="SeleniumLibrary">
<arg>id=password</arg>
<arg>${password}</arg>
<doc>Types the given password into the text field identified by ``locator``.</doc>
<status status="NOT RUN" start="2025-11-18T08:16:35.808885" elapsed="0.000084"/>
</kw>
<kw name="Click Button" owner="SeleniumLibrary">
<arg>id=login-button</arg>
<doc>Clicks the button identified by ``locator``.</doc>
<status status="NOT RUN" start="2025-11-18T08:16:35.809073" elapsed="0.000069"/>
</kw>
<kw name="Wait Until Page Contains Element" owner="SeleniumLibrary">
<arg>id=admin-dashboard</arg>
<arg>timeout=10s</arg>
<doc>Waits until the element ``locator`` appears on the current page.</doc>
<status status="NOT RUN" start="2025-11-18T08:16:35.809244" elapsed="0.000111"/>
</kw>
<doc>Logs into the admin portal with provided credentials</doc>
<status status="PASS" start="2025-11-18T08:16:35.808335" elapsed="0.001065"/>
</kw>
<kw name="Given the admin is on system configuration page">
<kw name="Click Element" owner="SeleniumLibrary">
<arg>id=settings-menu</arg>
<doc>Click the element identified by ``locator``.</doc>
<status status="NOT RUN" start="2025-11-18T08:16:35.809782" elapsed="0.000087"/>
</kw>
<kw name="Wait Until Element Is Visible" owner="SeleniumLibrary">
<arg>id=system-config</arg>
<arg>timeout=10s</arg>
<doc>Waits until the element ``locator`` is visible.</doc>
<status status="NOT RUN" start="2025-11-18T08:16:35.809982" elapsed="0.000121"/>
</kw>
<doc>Navigates to system configuration</doc>
<status status="PASS" start="2025-11-18T08:16:35.809590" elapsed="0.000558"/>
</kw>
<kw name="When the admin toggles inventory tracking OFF">
<kw name="Get WebElement" owner="SeleniumLibrary">
<var>${checkbox}</var>
<arg>id=inventory-tracking-toggle</arg>
<doc>Returns the first WebElement matching the given ``locator``.</doc>
<status status="NOT RUN" start="2025-11-18T08:16:35.810549" elapsed="0.000078"/>
</kw>
<kw name="Get Element Attribute" owner="SeleniumLibrary">
<var>${is_checked}</var>
<arg>${checkbox}</arg>
<arg>checked</arg>
<doc>Returns the value of ``attribute`` from the element ``locator``.</doc>
<status status="NOT RUN" start="2025-11-18T08:16:35.810755" elapsed="0.000060"/>
</kw>
<if>
<branch type="IF" condition="'${is_checked}' == 'true'">
<kw name="Click Element" owner="SeleniumLibrary">
<arg>id=inventory-tracking-toggle</arg>
<doc>Click the element identified by ``locator``.</doc>
<status status="NOT RUN" start="2025-11-18T08:16:35.811036" elapsed="0.000075"/>
</kw>
<status status="PASS" start="2025-11-18T08:16:35.810907" elapsed="0.000239"/>
</branch>
<status status="PASS" start="2025-11-18T08:16:35.810883" elapsed="0.000304"/>
</if>
<doc>Disables inventory tracking</doc>
<status status="PASS" start="2025-11-18T08:16:35.810378" elapsed="0.000842"/>
</kw>
<kw name="And saves the configuration">
<kw name="Click Button" owner="SeleniumLibrary">
<arg>id=save-config-button</arg>
<doc>Clicks the button identified by ``locator``.</doc>
<status status="NOT RUN" start="2025-11-18T08:16:35.811565" elapsed="0.000076"/>
</kw>
<kw name="Wait Until Page Contains" owner="SeleniumLibrary">
<arg>Configuration saved</arg>
<arg>timeout=5s</arg>
<doc>Waits until ``text`` appears on the current page.</doc>
<status status="NOT RUN" start="2025-11-18T08:16:35.811764" elapsed="0.000091"/>
</kw>
<doc>Saves system configuration</doc>
<status status="PASS" start="2025-11-18T08:16:35.811396" elapsed="0.000504"/>
</kw>
<kw name="Then inventory tracking should be disabled">
<kw name="Get WebElement" owner="SeleniumLibrary">
<var>${checkbox}</var>
<arg>id=inventory-tracking-toggle</arg>
<doc>Returns the first WebElement matching the given ``locator``.</doc>
<status status="NOT RUN" start="2025-11-18T08:16:35.812245" elapsed="0.000080"/>
</kw>
<kw name="Get Element Attribute" owner="SeleniumLibrary">
<var>${is_checked}</var>
<arg>${checkbox}</arg>
<arg>checked</arg>
<doc>Returns the value of ``attribute`` from the element ``locator``.</doc>
<status status="NOT RUN" start="2025-11-18T08:16:35.812434" elapsed="0.000056"/>
</kw>
<kw name="Should Not Be Equal" owner="BuiltIn">
<arg>${is_checked}</arg>
<arg>true</arg>
<doc>Fails if the given objects are equal.</doc>
<status status="NOT RUN" start="2025-11-18T08:16:35.812592" elapsed="0.000053"/>
</kw>
<doc>Verifies inventory tracking is off</doc>
<status status="PASS" start="2025-11-18T08:16:35.812079" elapsed="0.000606"/>
</kw>
<kw name="And the kiosk should display the inventory warning at checkout">
<kw name="Log" owner="BuiltIn">
<arg>Kiosk displays inventory disabled warning (verified on kiosk)</arg>
<doc>Logs the given message with the given level.</doc>
<status status="NOT RUN" start="2025-11-18T08:16:35.813033" elapsed="0.000048"/>
</kw>
<doc>Verifies kiosk shows warning</doc>
<status status="PASS" start="2025-11-18T08:16:35.812868" elapsed="0.000253"/>
</kw>
<kw name="And stock levels should not be checked for purchases">
<kw name="Log" owner="BuiltIn">
<arg>Stock levels not enforced with tracking disabled</arg>
<doc>Logs the given message with the given level.</doc>
<status status="NOT RUN" start="2025-11-18T08:16:35.813492" elapsed="0.000052"/>
</kw>
<doc>Verifies stock not enforced</doc>
<status status="PASS" start="2025-11-18T08:16:35.813285" elapsed="0.000301"/>
</kw>
<kw name="When the admin toggles inventory tracking ON">
<kw name="Get WebElement" owner="SeleniumLibrary">
<var>${checkbox}</var>
<arg>id=inventory-tracking-toggle</arg>
<doc>Returns the first WebElement matching the given ``locator``.</doc>
<status status="NOT RUN" start="2025-11-18T08:16:35.813973" elapsed="0.000077"/>
</kw>
<kw name="Get Element Attribute" owner="SeleniumLibrary">
<var>${is_checked}</var>
<arg>${checkbox}</arg>
<arg>checked</arg>
<doc>Returns the value of ``attribute`` from the element ``locator``.</doc>
<status status="NOT RUN" start="2025-11-18T08:16:35.814160" elapsed="0.000057"/>
</kw>
<if>
<branch type="IF" condition="'${is_checked}' != 'true'">
<kw name="Click Element" owner="SeleniumLibrary">
<arg>id=inventory-tracking-toggle</arg>
<doc>Click the element identified by ``locator``.</doc>
<status status="NOT RUN" start="2025-11-18T08:16:35.814399" elapsed="0.000073"/>
</kw>
<status status="PASS" start="2025-11-18T08:16:35.814292" elapsed="0.000215"/>
</branch>
<status status="PASS" start="2025-11-18T08:16:35.814275" elapsed="0.000266"/>
</if>
<doc>Enables inventory tracking</doc>
<status status="PASS" start="2025-11-18T08:16:35.813806" elapsed="0.000764"/>
</kw>
<kw name="And saves the configuration">
<kw name="Click Button" owner="SeleniumLibrary">
<arg>id=save-config-button</arg>
<doc>Clicks the button identified by ``locator``.</doc>
<status status="NOT RUN" start="2025-11-18T08:16:35.814953" elapsed="0.000076"/>
</kw>
<kw name="Wait Until Page Contains" owner="SeleniumLibrary">
<arg>Configuration saved</arg>
<arg>timeout=5s</arg>
<doc>Waits until ``text`` appears on the current page.</doc>
<status status="NOT RUN" start="2025-11-18T08:16:35.815134" elapsed="0.000097"/>
</kw>
<doc>Saves system configuration</doc>
<status status="PASS" start="2025-11-18T08:16:35.814783" elapsed="0.000491"/>
</kw>
<kw name="Then inventory tracking should be enabled">
<kw name="Get WebElement" owner="SeleniumLibrary">
<var>${checkbox}</var>
<arg>id=inventory-tracking-toggle</arg>
<doc>Returns the first WebElement matching the given ``locator``.</doc>
<status status="NOT RUN" start="2025-11-18T08:16:35.815659" elapsed="0.000098"/>
</kw>
<kw name="Get Element Attribute" owner="SeleniumLibrary">
<var>${is_checked}</var>
<arg>${checkbox}</arg>
<arg>checked</arg>
<doc>Returns the value of ``attribute`` from the element ``locator``.</doc>
<status status="NOT RUN" start="2025-11-18T08:16:35.815867" elapsed="0.000056"/>
</kw>
<kw name="Should Be Equal" owner="BuiltIn">
<arg>${is_checked}</arg>
<arg>true</arg>
<doc>Fails if the given objects are unequal.</doc>
<status status="NOT RUN" start="2025-11-18T08:16:35.816063" elapsed="0.000058"/>
</kw>
<doc>Verifies inventory tracking is on</doc>
<status status="PASS" start="2025-11-18T08:16:35.815492" elapsed="0.000670"/>
</kw>
<kw name="And stock levels should be enforced">
<kw name="Log" owner="BuiltIn">
<arg>Stock levels enforced with tracking enabled</arg>
<doc>Logs the given message with the given level.</doc>
<status status="NOT RUN" start="2025-11-18T08:16:35.816500" elapsed="0.000049"/>
</kw>
<doc>Verifies stock is checked</doc>
<status status="PASS" start="2025-11-18T08:16:35.816329" elapsed="0.000260"/>
</kw>
<doc>As an administrator, I want to enable or disable inventory tracking
system-wide so that I can choose whether to manage stock quantities
or run in trust-based mode only.</doc>
<tag>admin</tag>
<tag>configuration</tag>
<tag>high-priority</tag>
<tag>inventory</tag>
<tag>inventory-toggle</tag>
<tag>US-032</tag>
<status status="PASS" start="2025-11-18T08:16:35.807834" elapsed="0.008916"/>
</test>
<test id="s1-s2-t2" name="US-033: View Current Stock Quantities In Sortable Table" line="30">
<kw name="Admin Login" owner="common" type="SETUP">
<kw name="Input Text" owner="SeleniumLibrary">
<arg>id=username</arg>
<arg>${username}</arg>
<doc>Types the given ``text`` into the text field identified by ``locator``.</doc>
<status status="NOT RUN" start="2025-11-18T08:16:35.817677" elapsed="0.000125"/>
</kw>
<kw name="Input Password" owner="SeleniumLibrary">
<arg>id=password</arg>
<arg>${password}</arg>
<doc>Types the given password into the text field identified by ``locator``.</doc>
<status status="NOT RUN" start="2025-11-18T08:16:35.817914" elapsed="0.000081"/>
</kw>
<kw name="Click Button" owner="SeleniumLibrary">
<arg>id=login-button</arg>
<doc>Clicks the button identified by ``locator``.</doc>
<status status="NOT RUN" start="2025-11-18T08:16:35.818097" elapsed="0.000070"/>
</kw>
<kw name="Wait Until Page Contains Element" owner="SeleniumLibrary">
<arg>id=admin-dashboard</arg>
<arg>timeout=10s</arg>
<doc>Waits until the element ``locator`` appears on the current page.</doc>
<status status="NOT RUN" start="2025-11-18T08:16:35.818266" elapsed="0.000110"/>
</kw>
<doc>Logs into the admin portal with provided credentials</doc>
<status status="PASS" start="2025-11-18T08:16:35.817497" elapsed="0.000923"/>
</kw>
<kw name="Given the admin is on inventory management page">
<kw name="Click Element" owner="SeleniumLibrary">
<arg>id=inventory-menu</arg>
<doc>Click the element identified by ``locator``.</doc>
<status status="NOT RUN" start="2025-11-18T08:16:35.818793" elapsed="0.000078"/>
</kw>
<kw name="Wait Until Element Is Visible" owner="SeleniumLibrary">
<arg>id=inventory-table</arg>
<arg>timeout=10s</arg>
<doc>Waits until the element ``locator`` is visible.</doc>
<status status="NOT RUN" start="2025-11-18T08:16:35.818976" elapsed="0.000109"/>
</kw>
<doc>Navigates to inventory management</doc>
<status status="PASS" start="2025-11-18T08:16:35.818600" elapsed="0.000530"/>
</kw>
<kw name="Then all products should be listed with stock quantities">
<kw name="Get WebElements" owner="SeleniumLibrary">
<var>${rows}</var>
<arg>css=#inventory-table tbody tr</arg>
<doc>Returns a list of WebElement objects matching the ``locator``.</doc>
<status status="NOT RUN" start="2025-11-18T08:16:35.819480" elapsed="0.000205"/>
</kw>
<kw name="Get Length" owner="BuiltIn">
<var>${count}</var>
<arg>${rows}</arg>
<doc>Returns and logs the length of the given item as an integer.</doc>
<status status="NOT RUN" start="2025-11-18T08:16:35.819820" elapsed="0.000045"/>
</kw>
<kw name="Should Be True" owner="BuiltIn">
<arg>${count} &gt; 0</arg>
<doc>Fails if the given condition is not true.</doc>
<status status="NOT RUN" start="2025-11-18T08:16:35.819966" elapsed="0.000047"/>
</kw>
<doc>Verifies all products shown</doc>
<status status="PASS" start="2025-11-18T08:16:35.819305" elapsed="0.000747"/>
</kw>
<kw name="And the table should show product name, category, current stock, and status">
<kw name="Page Should Contain Element" owner="SeleniumLibrary">
<arg>xpath=//th[contains(text(), 'Product')]</arg>
<doc>Verifies that element ``locator`` is found on the current page.</doc>
<status status="NOT RUN" start="2025-11-18T08:16:35.820406" elapsed="0.000097"/>
</kw>
<kw name="Page Should Contain Element" owner="SeleniumLibrary">
<arg>xpath=//th[contains(text(), 'Category')]</arg>
<doc>Verifies that element ``locator`` is found on the current page.</doc>
<status status="NOT RUN" start="2025-11-18T08:16:35.820609" elapsed="0.000106"/>
</kw>
<kw name="Page Should Contain Element" owner="SeleniumLibrary">
<arg>xpath=//th[contains(text(), 'Stock')]</arg>
<doc>Verifies that element ``locator`` is found on the current page.</doc>
<status status="NOT RUN" start="2025-11-18T08:16:35.820829" elapsed="0.000086"/>
</kw>
<kw name="Page Should Contain Element" owner="SeleniumLibrary">
<arg>xpath=//th[contains(text(), 'Status')]</arg>
<doc>Verifies that element ``locator`` is found on the current page.</doc>
<status status="NOT RUN" start="2025-11-18T08:16:35.821014" elapsed="0.000083"/>
</kw>
<doc>Verifies table columns</doc>
<status status="PASS" start="2025-11-18T08:16:35.820230" elapsed="0.000906"/>
</kw>
<kw name="When the admin clicks the &quot;Stock&quot; column header">
<kw name="Click Element" owner="SeleniumLibrary">
<arg>xpath=//th[contains(text(), 'Stock')]</arg>
<doc>Click the element identified by ``locator``.</doc>
<status status="NOT RUN" start="2025-11-18T08:16:35.821469" elapsed="0.000073"/>
</kw>
<doc>Clicks stock column to sort</doc>
<status status="PASS" start="2025-11-18T08:16:35.821303" elapsed="0.000281"/>
</kw>
<kw name="Then products should be sorted by stock quantity">
<kw name="Sleep" owner="BuiltIn">
<arg>1s</arg>
<doc>Pauses the test executed for the given time.</doc>
<status status="NOT RUN" start="2025-11-18T08:16:35.821947" elapsed="0.000047"/>
</kw>
<kw name="Get Text" owner="SeleniumLibrary">
<var>${first_stock}</var>
<arg>xpath=//tbody/tr[1]/td[@class='stock-column']</arg>
<doc>Returns the text value of the element identified by ``locator``.</doc>
<status status="NOT RUN" start="2025-11-18T08:16:35.822096" elapsed="0.000072"/>
</kw>
<kw name="Get Text" owner="SeleniumLibrary">
<var>${second_stock}</var>
<arg>xpath=//tbody/tr[2]/td[@class='stock-column']</arg>
<doc>Returns the text value of the element identified by ``locator``.</doc>
<status status="NOT RUN" start="2025-11-18T08:16:35.822267" elapsed="0.000066"/>
</kw>
<kw name="Log" owner="BuiltIn">
<arg>First stock: ${first_stock}, Second stock: ${second_stock}</arg>
<doc>Logs the given message with the given level.</doc>
<status status="NOT RUN" start="2025-11-18T08:16:35.822434" elapsed="0.000051"/>
</kw>
<doc>Verifies sorting applied</doc>
<status status="PASS" start="2025-11-18T08:16:35.821780" elapsed="0.000743"/>
</kw>
<kw name="And products with lowest stock should appear first">
<kw name="Get Text" owner="SeleniumLibrary">
<var>${first_stock}</var>
<arg>xpath=//tbody/tr[1]/td[@class='stock-column']</arg>
<doc>Returns the text value of the element identified by ``locator``.</doc>
<status status="NOT RUN" start="2025-11-18T08:16:35.822881" elapsed="0.000075"/>
</kw>
<kw name="Convert To Integer" owner="BuiltIn">
<var>${first_num}</var>
<arg>${first_stock}</arg>
<doc>Converts the given item to an integer number.</doc>
<status status="NOT RUN" start="2025-11-18T08:16:35.823064" elapsed="0.000050"/>
</kw>
<kw name="Should Be True" owner="BuiltIn">
<arg>${first_num} &lt;= 10</arg>
<doc>Fails if the given condition is not true.</doc>
<status status="NOT RUN" start="2025-11-18T08:16:35.823215" elapsed="0.000061"/>
</kw>
<doc>Verifies low stock at top</doc>
<status status="PASS" start="2025-11-18T08:16:35.822713" elapsed="0.000601"/>
</kw>
<kw name="And the admin can sort by any column">
<kw name="Get WebElements" owner="SeleniumLibrary">
<var>${headers}</var>
<arg>css=#inventory-table th</arg>
<doc>Returns a list of WebElement objects matching the ``locator``.</doc>
<status status="NOT RUN" start="2025-11-18T08:16:35.823735" elapsed="0.000078"/>
</kw>
<for flavor="IN">
<iter>
<kw name="Get Element Attribute" owner="SeleniumLibrary">
<var>${has_sort}</var>
<arg>${header}</arg>
<arg>onclick</arg>
<doc>Returns the value of ``attribute`` from the element ``locator``.</doc>
<status status="NOT RUN" start="2025-11-18T08:16:35.824078" elapsed="0.000059"/>
</kw>
<kw name="Should Not Be Equal" owner="BuiltIn">
<arg>${has_sort}</arg>
<arg>${None}</arg>
<doc>Fails if the given objects are equal.</doc>
<status status="NOT RUN" start="2025-11-18T08:16:35.824244" elapsed="0.000058"/>
</kw>
<var name="${header}"/>
<status status="PASS" start="2025-11-18T08:16:35.823971" elapsed="0.000366"/>
</iter>
<var>${header}</var>
<value>@{headers}</value>
<status status="PASS" start="2025-11-18T08:16:35.823874" elapsed="0.000506"/>
</for>
<doc>Verifies all columns sortable</doc>
<status status="PASS" start="2025-11-18T08:16:35.823515" elapsed="0.000917"/>
</kw>
<doc>As an administrator, I want to view current stock quantities for
all products in a sortable table so that I can quickly see what
needs restocking.</doc>
<tag>admin</tag>
<tag>high-priority</tag>
<tag>inventory</tag>
<tag>inventory-view</tag>
<tag>table-sorting</tag>
<tag>US-033</tag>
<status status="PASS" start="2025-11-18T08:16:35.817023" elapsed="0.007558"/>
</test>
<test id="s1-s2-t3" name="US-034: Manually Update Stock Quantities" line="45">
<kw name="Admin Login" owner="common" type="SETUP">
<kw name="Input Text" owner="SeleniumLibrary">
<arg>id=username</arg>
<arg>${username}</arg>
<doc>Types the given ``text`` into the text field identified by ``locator``.</doc>
<status status="NOT RUN" start="2025-11-18T08:16:35.825532" elapsed="0.000101"/>
</kw>
<kw name="Input Password" owner="SeleniumLibrary">
<arg>id=password</arg>
<arg>${password}</arg>
<doc>Types the given password into the text field identified by ``locator``.</doc>
<status status="NOT RUN" start="2025-11-18T08:16:35.825780" elapsed="0.000096"/>
</kw>
<kw name="Click Button" owner="SeleniumLibrary">
<arg>id=login-button</arg>
<doc>Clicks the button identified by ``locator``.</doc>
<status status="NOT RUN" start="2025-11-18T08:16:35.825979" elapsed="0.000069"/>
</kw>
<kw name="Wait Until Page Contains Element" owner="SeleniumLibrary">
<arg>id=admin-dashboard</arg>
<arg>timeout=10s</arg>
<doc>Waits until the element ``locator`` appears on the current page.</doc>
<status status="NOT RUN" start="2025-11-18T08:16:35.826148" elapsed="0.000111"/>
</kw>
<doc>Logs into the admin portal with provided credentials</doc>
<status status="PASS" start="2025-11-18T08:16:35.825355" elapsed="0.000946"/>
</kw>
<kw name="Given a product has current stock of 5" source_name="A product has current stock of ${stock}">
<kw name="Log" owner="BuiltIn">
<arg>Product has stock: ${stock}</arg>
<doc>Logs the given message with the given level.</doc>
<status status="NOT RUN" start="2025-11-18T08:16:35.826715" elapsed="0.000059"/>
</kw>
<doc>Precondition: Product with specific stock</doc>
<status status="PASS" start="2025-11-18T08:16:35.826524" elapsed="0.000292"/>
</kw>
<kw name="When the admin clicks &quot;Update Stock&quot; for that product">
<kw name="Click Element" owner="SeleniumLibrary">
<arg>xpath=//tr[contains(., 'Coca-Cola')]//button[contains(., 'Update Stock')]</arg>
<doc>Click the element identified by ``locator``.</doc>
<status status="NOT RUN" start="2025-11-18T08:16:35.827154" elapsed="0.000076"/>
</kw>
<kw name="Wait Until Element Is Visible" owner="SeleniumLibrary">
<arg>id=stock-update-dialog</arg>
<arg>timeout=5s</arg>
<doc>Waits until the element ``locator`` is visible.</doc>
<status status="NOT RUN" start="2025-11-18T08:16:35.827335" elapsed="0.000108"/>
</kw>
<doc>Opens stock update dialog</doc>
<status status="PASS" start="2025-11-18T08:16:35.826987" elapsed="0.000499"/>
</kw>
<kw name="And enters new stock quantity of 20" source_name="Enters new stock quantity of ${quantity}">
<kw name="Clear Element Text" owner="SeleniumLibrary">
<arg>id=new-stock-quantity</arg>
<doc>Clears the value of the text-input-element identified by ``locator``.</doc>
<status status="NOT RUN" start="2025-11-18T08:16:35.827891" elapsed="0.000075"/>
</kw>
<kw name="Input Text" owner="SeleniumLibrary">
<arg>id=new-stock-quantity</arg>
<arg>${quantity}</arg>
<doc>Types the given ``text`` into the text field identified by ``locator``.</doc>
<status status="NOT RUN" start="2025-11-18T08:16:35.828070" elapsed="0.000080"/>
</kw>
<doc>Enters new stock value</doc>
<status status="PASS" start="2025-11-18T08:16:35.827710" elapsed="0.000481"/>
</kw>
<kw name="And clicks &quot;Save&quot;">
<kw name="Click Button" owner="SeleniumLibrary">
<arg>id=save-stock-button</arg>
<doc>Clicks the button identified by ``locator``.</doc>
<status status="NOT RUN" start="2025-11-18T08:16:35.828526" elapsed="0.000078"/>
</kw>
<doc>Saves stock update</doc>
<status status="PASS" start="2025-11-18T08:16:35.828358" elapsed="0.000288"/>
</kw>
<kw name="Then the stock should be updated to 20" source_name="The stock should be updated to ${expected_stock}">
<kw name="Wait Until Page Contains" owner="SeleniumLibrary">
<arg>Stock updated</arg>
<arg>timeout=5s</arg>
<doc>Waits until ``text`` appears on the current page.</doc>
<status status="NOT RUN" start="2025-11-18T08:16:35.829032" elapsed="0.000093"/>
</kw>
<kw name="Get Text" owner="SeleniumLibrary">
<var>${stock}</var>
<arg>xpath=//tr[contains(., 'Coca-Cola')]//td[@class='stock-column']</arg>
<doc>Returns the text value of the element identified by ``locator``.</doc>
<status status="NOT RUN" start="2025-11-18T08:16:35.829232" elapsed="0.000071"/>
</kw>
<kw name="Should Contain" owner="BuiltIn">
<arg>${stock}</arg>
<arg>${expected_stock}</arg>
<doc>Fails if ``container`` does not contain ``item`` one or more times.</doc>
<status status="NOT RUN" start="2025-11-18T08:16:35.829413" elapsed="0.000071"/>
</kw>
<doc>Verifies stock updated</doc>
<status status="PASS" start="2025-11-18T08:16:35.828866" elapsed="0.000659"/>
</kw>
<kw name="And the update should be reflected immediately">
<kw name="Element Should Be Visible" owner="SeleniumLibrary">
<arg>xpath=//tr[contains(., 'Coca-Cola')]//td[contains(text(), '20')]</arg>
[...]
<kw name="Go To" owner="SeleniumLibrary">
<arg>${KIOSK_URL}</arg>
<doc>Navigates the current browser window to the provided ``url``.</doc>
<status status="NOT RUN" start="2025-11-18T08:16:36.062601" elapsed="0.000043"/>
</kw>
<kw name="Wait For Page Load Complete" owner="common">
<kw name="Wait Until Keyword Succeeds" owner="BuiltIn">
<kw name="Page Should Not Contain Element" owner="SeleniumLibrary">
<arg>css=.loading-spinner</arg>
<doc>Verifies that element ``locator`` is not found on the current page.</doc>
<status status="NOT RUN" start="2025-11-18T08:16:36.063058" elapsed="0.000221"/>
</kw>
<arg>10s</arg>
<arg>1s</arg>
<arg>Page Should Not Contain Element</arg>
<arg>css=.loading-spinner</arg>
<doc>Runs the specified keyword and retries if it fails.</doc>
<status status="PASS" start="2025-11-18T08:16:36.062938" elapsed="0.000378"/>
</kw>
<doc>Waits for page to fully load</doc>
<status status="PASS" start="2025-11-18T08:16:36.062780" elapsed="0.000576"/>
</kw>
<kw name="Clear Shopping Cart If Not Empty">
<kw name="Run Keyword And Return Status" owner="BuiltIn">
<kw name="Page Should Contain Element" owner="SeleniumLibrary">
<arg>id=cart-badge</arg>
<doc>Verifies that element ``locator`` is found on the current page.</doc>
<status status="NOT RUN" start="2025-11-18T08:16:36.063788" elapsed="0.000095"/>
</kw>
<var>${cart_count}</var>
<arg>Page Should Contain Element</arg>
<arg>id=cart-badge</arg>
<doc>Runs the given keyword with given arguments and returns the status as a Boolean value.</doc>
<status status="PASS" start="2025-11-18T08:16:36.063654" elapsed="0.000264"/>
</kw>
<if>
<branch type="IF" condition="${cart_count}">
<kw name="Get Text" owner="SeleniumLibrary">
<var>${badge_text}</var>
<arg>id=cart-badge</arg>
<doc>Returns the text value of the element identified by ``locator``.</doc>
<status status="NOT RUN" start="2025-11-18T08:16:36.064086" elapsed="0.000072"/>
</kw>
<kw name="Convert To Integer" owner="BuiltIn">
<var>${count}</var>
<arg>${badge_text}</arg>
<doc>Converts the given item to an integer number.</doc>
<status status="NOT RUN" start="2025-11-18T08:16:36.064259" elapsed="0.000049"/>
</kw>
<if>
<branch type="IF" condition="${count} &gt; 0">
<kw name="Clear Shopping Cart" owner="common">
<kw name="Click Element" owner="SeleniumLibrary">
<arg>id=cart-icon</arg>
<doc>Click the element identified by ``locator``.</doc>
<status status="NOT RUN" start="2025-11-18T08:16:36.064648" elapsed="0.000089"/>
</kw>
<kw name="Wait Until Element Is Visible" owner="SeleniumLibrary">
<arg>id=clear-cart-button</arg>
<arg>timeout=5s</arg>
<doc>Waits until the element ``locator`` is visible.</doc>
<status status="NOT RUN" start="2025-11-18T08:16:36.064841" elapsed="0.000109"/>
</kw>
<kw name="Click Button" owner="SeleniumLibrary">
<arg>id=clear-cart-button</arg>
<doc>Clicks the button identified by ``locator``.</doc>
<status status="NOT RUN" start="2025-11-18T08:16:36.065062" elapsed="0.000067"/>
</kw>
<kw name="Wait Until Page Contains" owner="SeleniumLibrary">
<arg>Your cart is empty</arg>
<arg>timeout=5s</arg>
<doc>Waits until ``text`` appears on the current page.</doc>
<status status="NOT RUN" start="2025-11-18T08:16:36.065226" elapsed="0.000094"/>
</kw>
<doc>Clears all items from the shopping cart</doc>
<status status="PASS" start="2025-11-18T08:16:36.064494" elapsed="0.000899"/>
</kw>
<status status="PASS" start="2025-11-18T08:16:36.064371" elapsed="0.001056"/>
</branch>
<status status="PASS" start="2025-11-18T08:16:36.064358" elapsed="0.001103"/>
</if>
<status status="PASS" start="2025-11-18T08:16:36.063988" elapsed="0.001494"/>
</branch>
<status status="PASS" start="2025-11-18T08:16:36.063973" elapsed="0.001536"/>
</if>
<doc>Clears cart if it contains items</doc>
<status status="PASS" start="2025-11-18T08:16:36.063496" elapsed="0.002037"/>
</kw>
<doc>Sets up test by navigating to kiosk and clearing cart</doc>
<status status="PASS" start="2025-11-18T08:16:36.062435" elapsed="0.003132"/>
</kw>
<kw name="Given the cart contains items">
<kw name="Add Product To Cart" owner="common">
<kw name="Click Element" owner="SeleniumLibrary">
<arg>xpath=//div[@data-product-name='${product_name}']//button[@class='add-to-cart']</arg>
<doc>Click the element identified by ``locator``.</doc>
<status status="NOT RUN" start="2025-11-18T08:16:36.066120" elapsed="0.000062"/>
</kw>
<kw name="Wait Until Page Contains" owner="SeleniumLibrary">
<arg>Added to cart</arg>
<arg>timeout=5s</arg>
<doc>Waits until ``text`` appears on the current page.</doc>
<status status="NOT RUN" start="2025-11-18T08:16:36.066281" elapsed="0.000086"/>
</kw>
<arg>Coca-Cola</arg>
<doc>Adds a product to the shopping cart</doc>
<status status="PASS" start="2025-11-18T08:16:36.065960" elapsed="0.000450"/>
</kw>
<kw name="Add Product To Cart" owner="common">
<kw name="Click Element" owner="SeleniumLibrary">
<arg>xpath=//div[@data-product-name='${product_name}']//button[@class='add-to-cart']</arg>
<doc>Click the element identified by ``locator``.</doc>
<status status="NOT RUN" start="2025-11-18T08:16:36.066683" elapsed="0.000097"/>
</kw>
<kw name="Wait Until Page Contains" owner="SeleniumLibrary">
<arg>Added to cart</arg>
<arg>timeout=5s</arg>
<doc>Waits until ``text`` appears on the current page.</doc>
<status status="NOT RUN" start="2025-11-18T08:16:36.066881" elapsed="0.000087"/>
</kw>
<arg>Chips</arg>
<doc>Adds a product to the shopping cart</doc>
<status status="PASS" start="2025-11-18T08:16:36.066528" elapsed="0.000482"/>
</kw>
<kw name="Verify Cart Item Count" owner="common">
<kw name="Get Text" owner="SeleniumLibrary">
<var>${cart_badge}</var>
<arg>id=cart-badge</arg>
<doc>Returns the text value of the element identified by ``locator``.</doc>
<status status="NOT RUN" start="2025-11-18T08:16:36.067284" elapsed="0.000073"/>
</kw>
<kw name="Should Be Equal As Numbers" owner="BuiltIn">
<arg>${cart_badge}</arg>
<arg>${expected_count}</arg>
<doc>Fails if objects are unequal after converting them to real numbers.</doc>
<status status="NOT RUN" start="2025-11-18T08:16:36.067460" elapsed="0.000056"/>
</kw>
<arg>2</arg>
<doc>Verifies the shopping cart badge shows the expected item count</doc>
<status status="PASS" start="2025-11-18T08:16:36.067127" elapsed="0.000428"/>
</kw>
<doc>Ensures cart has items for timeout testing</doc>
<status status="PASS" start="2025-11-18T08:16:36.065772" elapsed="0.001820"/>
</kw>
<kw name="When 4 minutes and 30 seconds of inactivity pass">
<kw name="Simulate Inactivity" owner="common">
<kw name="Sleep" owner="BuiltIn">
<arg>${duration_seconds}s</arg>
<doc>Pauses the test executed for the given time.</doc>
<status status="NOT RUN" start="2025-11-18T08:16:36.068119" elapsed="0.000050"/>
</kw>
<arg>270</arg>
<doc>Simulates user inactivity for specified duration</doc>
<status status="PASS" start="2025-11-18T08:16:36.067966" elapsed="0.000244"/>
</kw>
<doc>Simulates 4:30 of inactivity (30s before timeout)</doc>
<status status="PASS" start="2025-11-18T08:16:36.067786" elapsed="0.000459"/>
</kw>
<kw name="Then a warning message MAY be displayed">
<kw name="Run Keyword And Return Status" owner="BuiltIn">
<kw name="Page Should Contain Element" owner="SeleniumLibrary">
<arg>id=inactivity-warning</arg>
<doc>Verifies that element ``locator`` is found on the current page.</doc>
<status status="NOT RUN" start="2025-11-18T08:16:36.068742" elapsed="0.000101"/>
</kw>
<var>${warning_shown}</var>
<arg>Page Should Contain Element</arg>
<arg>id=inactivity-warning</arg>
<doc>Runs the given keyword with given arguments and returns the status as a Boolean value.</doc>
<status status="PASS" start="2025-11-18T08:16:36.068591" elapsed="0.000289"/>
</kw>
<kw name="Log" owner="BuiltIn">
<arg>Warning displayed: ${warning_shown}</arg>
<doc>Logs the given message with the given level.</doc>
<status status="NOT RUN" start="2025-11-18T08:16:36.068982" elapsed="0.000051"/>
</kw>
<doc>Checks for optional warning (may or may not exist)</doc>
<status status="PASS" start="2025-11-18T08:16:36.068420" elapsed="0.000652"/>
</kw>
<kw name="And the warning should indicate time remaining">
<kw name="Run Keyword And Return Status" owner="BuiltIn">
<kw name="Element Should Be Visible" owner="SeleniumLibrary">
<arg>id=inactivity-warning</arg>
<doc>Verifies that the element identified by ``locator`` is visible.</doc>
<status status="NOT RUN" start="2025-11-18T08:16:36.069565" elapsed="0.000073"/>
</kw>
<var>${warning_shown}</var>
<arg>Element Should Be Visible</arg>
<arg>id=inactivity-warning</arg>
<doc>Runs the given keyword with given arguments and returns the status as a Boolean value.</doc>
<status status="PASS" start="2025-11-18T08:16:36.069447" elapsed="0.000227"/>
</kw>
<if>
<branch type="IF" condition="${warning_shown}">
<kw name="Get Text" owner="SeleniumLibrary">
<var>${warning_text}</var>
<arg>id=inactivity-warning</arg>
<doc>Returns the text value of the element identified by ``locator``.</doc>
<status status="NOT RUN" start="2025-11-18T08:16:36.069862" elapsed="0.000072"/>
</kw>
<kw name="Should Match Regexp" owner="BuiltIn">
<arg>${warning_text}</arg>
<arg>\\d+\\s*second</arg>
<doc>Fails if ``string`` does not match ``pattern`` as a regular expression.</doc>
<status status="NOT RUN" start="2025-11-18T08:16:36.070040" elapsed="0.000054"/>
</kw>
<status status="PASS" start="2025-11-18T08:16:36.069761" elapsed="0.000367"/>
</branch>
<status status="PASS" start="2025-11-18T08:16:36.069746" elapsed="0.000413"/>
</if>
<doc>Verifies warning shows countdown</doc>
<status status="PASS" start="2025-11-18T08:16:36.069279" elapsed="0.000907"/>
</kw>
<kw name="And the user should be able to dismiss or interact to reset">
<kw name="Run Keyword And Return Status" owner="BuiltIn">
<kw name="Element Should Be Visible" owner="SeleniumLibrary">
<arg>id=inactivity-warning</arg>
<doc>Verifies that the element identified by ``locator`` is visible.</doc>
<status status="NOT RUN" start="2025-11-18T08:16:36.070714" elapsed="0.000090"/>
</kw>
<var>${warning_shown}</var>
<arg>Element Should Be Visible</arg>
<arg>id=inactivity-warning</arg>
<doc>Runs the given keyword with given arguments and returns the status as a Boolean value.</doc>
<status status="PASS" start="2025-11-18T08:16:36.070568" elapsed="0.000273"/>
</kw>
<if>
<branch type="IF" condition="${warning_shown}">
<kw name="Run Keyword And Return Status" owner="BuiltIn">
<kw name="Element Should Be Visible" owner="SeleniumLibrary">
<arg>id=dismiss-warning</arg>
<doc>Verifies that the element identified by ``locator`` is visible.</doc>
<status status="NOT RUN" start="2025-11-18T08:16:36.071121" elapsed="0.000069"/>
</kw>
<var>${dismiss_button}</var>
<arg>Element Should Be Visible</arg>
<arg>id=dismiss-warning</arg>
<doc>Runs the given keyword with given arguments and returns the status as a Boolean value.</doc>
<status status="PASS" start="2025-11-18T08:16:36.071008" elapsed="0.000214"/>
</kw>
<kw name="Should Be True" owner="BuiltIn">
<arg>${dismiss_button}</arg>
<doc>Fails if the given condition is not true.</doc>
<status status="NOT RUN" start="2025-11-18T08:16:36.071320" elapsed="0.000048"/>
</kw>
<status status="PASS" start="2025-11-18T08:16:36.070905" elapsed="0.000494"/>
</branch>
<status status="PASS" start="2025-11-18T08:16:36.070891" elapsed="0.000545"/>
</if>
<doc>Verifies user can dismiss warning</doc>
<status status="PASS" start="2025-11-18T08:16:36.070393" elapsed="0.001070"/>
</kw>
<kw name="Clear Shopping Cart" owner="common" type="TEARDOWN">
<kw name="Click Element" owner="SeleniumLibrary">
<arg>id=cart-icon</arg>
<doc>Click the element identified by ``locator``.</doc>
<status status="NOT RUN" start="2025-11-18T08:16:36.071959" elapsed="0.000076"/>
</kw>
<kw name="Wait Until Element Is Visible" owner="SeleniumLibrary">
<arg>id=clear-cart-button</arg>
<arg>timeout=5s</arg>
<doc>Waits until the element ``locator`` is visible.</doc>
<status status="NOT RUN" start="2025-11-18T08:16:36.072141" elapsed="0.000109"/>
</kw>
<kw name="Click Button" owner="SeleniumLibrary">
<arg>id=clear-cart-button</arg>
<doc>Clicks the button identified by ``locator``.</doc>
<status status="NOT RUN" start="2025-11-18T08:16:36.072352" elapsed="0.000069"/>
</kw>
<kw name="Wait Until Page Contains" owner="SeleniumLibrary">
<arg>Your cart is empty</arg>
<arg>timeout=5s</arg>
<doc>Waits until ``text`` appears on the current page.</doc>
<status status="NOT RUN" start="2025-11-18T08:16:36.072520" elapsed="0.000219"/>
</kw>
<doc>Clears all items from the shopping cart</doc>
<status status="PASS" start="2025-11-18T08:16:36.071768" elapsed="0.001019"/>
</kw>
<doc>Optional: Warning 30 seconds before timeout</doc>
<tag>countdown-warning</tag>
<tag>customer</tag>
<tag>high-priority</tag>
<tag>optional-feature</tag>
<tag>shopping-cart</tag>
<tag>US-010</tag>
<status status="PASS" start="2025-11-18T08:16:36.062086" elapsed="0.010788"/>
</test>
<kw name="Close All Test Browsers" owner="common" type="TEARDOWN">
<kw name="Close All Browsers" owner="SeleniumLibrary">
<doc>Closes all open browsers and resets the browser cache.</doc>
<status status="NOT RUN" start="2025-11-18T08:16:36.073453" elapsed="0.000035"/>
</kw>
<doc>Closes all browsers opened during test</doc>
<status status="PASS" start="2025-11-18T08:16:36.073321" elapsed="0.000205"/>
</kw>
<doc>Acceptance tests for Shopping Cart Management User Stories
Covers US-006 through US-010</doc>
<status status="PASS" start="2025-11-18T08:16:35.971157" elapsed="0.102401"/>
</suite>
<status status="PASS" start="2025-11-18T08:16:35.600206" elapsed="0.474079"/>
</suite>
<statistics>
<total>
<stat pass="37" fail="0" skip="0">All Tests</stat>
</total>
<tag>
<stat pass="16" fail="0" skip="0">admin</stat>
<stat pass="1" fail="0" skip="0">admin-reconciliation</stat>
<stat pass="1" fail="0" skip="0">alerts</stat>
<stat pass="1" fail="0" skip="0">allergen-info</stat>
<stat pass="9" fail="0" skip="0">authentication</stat>
<stat pass="1" fail="0" skip="0">authentication-failure</stat>
<stat pass="1" fail="0" skip="0">auto-clear</stat>
<stat pass="1" fail="0" skip="0">buttons</stat>
<stat pass="1" fail="0" skip="0">cancel-purchase</stat>
<stat pass="1" fail="0" skip="0">cart-functionality</stat>
<stat pass="1" fail="0" skip="0">cart-management</stat>
<stat pass="1" fail="0" skip="0">cart-total</stat>
<stat pass="1" fail="0" skip="0">category-filter</stat>
<stat pass="6" fail="0" skip="0">checkout</stat>
<stat pass="1" fail="0" skip="0">configuration</stat>
<stat pass="1" fail="0" skip="0">confirmation-dialog</stat>
<stat pass="1" fail="0" skip="0">countdown-warning</stat>
<stat pass="3" fail="0" skip="0">crud</stat>
<stat pass="21" fail="0" skip="0">customer</stat>
<stat pass="1" fail="0" skip="0">discrepancy</stat>
<stat pass="7" fail="0" skip="0">edge-case</stat>
<stat pass="1" fail="0" skip="0">email-notification</stat>
<stat pass="1" fail="0" skip="0">empty-category</stat>
<stat pass="1" fail="0" skip="0">error-handling</stat>
<stat pass="1" fail="0" skip="0">grid-layout</stat>
<stat pass="37" fail="0" skip="0">high-priority</stat>
<stat pass="1" fail="0" skip="0">image-upload</stat>
<stat pass="8" fail="0" skip="0">inventory</stat>
<stat pass="1" fail="0" skip="0">inventory-adjustment</stat>
<stat pass="1" fail="0" skip="0">inventory-toggle</stat>
<stat pass="1" fail="0" skip="0">inventory-view</stat>
<stat pass="1" fail="0" skip="0">low-stock-threshold</stat>
<stat pass="1" fail="0" skip="0">manual-adjustment</stat>
<stat pass="1" fail="0" skip="0">missing-allergen</stat>
<stat pass="1" fail="0" skip="0">mobilepay</stat>
<stat pass="1" fail="0" skip="0">multi-item</stat>
<stat pass="1" fail="0" skip="0">negative-stock</stat>
<stat pass="1" fail="0" skip="0">notifications</stat>
<stat pass="1" fail="0" skip="0">optimization</stat>
<stat pass="1" fail="0" skip="0">optional-feature</stat>
<stat pass="2" fail="0" skip="0">out-of-stock</stat>
<stat pass="6" fail="0" skip="0">payment</stat>
<stat pass="2" fail="0" skip="0">performance</stat>
<stat pass="8" fail="0" skip="0">product-browsing</stat>
<stat pass="1" fail="0" skip="0">product-creation</stat>
<stat pass="1" fail="0" skip="0">product-deletion</stat>
<stat pass="1" fail="0" skip="0">product-display</stat>
<stat pass="1" fail="0" skip="0">product-editing</stat>
<stat pass="9" fail="0" skip="0">product-management</stat>
<stat pass="1" fail="0" skip="0">qr-code</stat>
<stat pass="1" fail="0" skip="0">qr-payment</stat>
<stat pass="1" fail="0" skip="0">quantity-adjustment</stat>
<stat pass="1" fail="0" skip="0">real-time-sync</stat>
<stat pass="1" fail="0" skip="0">real-time-update</stat>
<stat pass="1" fail="0" skip="0">reconciliation</stat>
<stat pass="1" fail="0" skip="0">remove-item</stat>
<stat pass="1" fail="0" skip="0">response-time</stat>
<stat pass="1" fail="0" skip="0">retry</stat>
<stat pass="1" fail="0" skip="0">safety</stat>
<stat pass="2" fail="0" skip="0">security</stat>
<stat pass="1" fail="0" skip="0">session-timeout</stat>
<stat pass="7" fail="0" skip="0">shopping-cart</stat>
<stat pass="2" fail="0" skip="0">slow</stat>
<stat pass="1" fail="0" skip="0">stock-update</stat>
<stat pass="1" fail="0" skip="0">success-message</stat>
<stat pass="1" fail="0" skip="0">table-sorting</stat>
<stat pass="1" fail="0" skip="0">timeout</stat>
<stat pass="2" fail="0" skip="0">timer-reset</stat>
<stat pass="1" fail="0" skip="0">ui-feedback</stat>
<stat pass="1" fail="0" skip="0">uncertain-payment</stat>
<stat pass="1" fail="0" skip="0">US-001</stat>
<stat pass="2" fail="0" skip="0">US-002</stat>
<stat pass="2" fail="0" skip="0">US-003</stat>
<stat pass="1" fail="0" skip="0">US-004</stat>
<stat pass="2" fail="0" skip="0">US-005</stat>
<stat pass="1" fail="0" skip="0">US-006</stat>
<stat pass="1" fail="0" skip="0">US-007</stat>
<stat pass="1" fail="0" skip="0">US-008</stat>
<stat pass="1" fail="0" skip="0">US-009</stat>
<stat pass="3" fail="0" skip="0">US-010</stat>
<stat pass="1" fail="0" skip="0">US-011</stat>
<stat pass="1" fail="0" skip="0">US-012</stat>
<stat pass="1" fail="0" skip="0">US-013</stat>
<stat pass="1" fail="0" skip="0">US-014</stat>
<stat pass="2" fail="0" skip="0">US-015</stat>
<stat pass="2" fail="0" skip="0">US-019</stat>
<stat pass="2" fail="0" skip="0">US-020</stat>
<stat pass="1" fail="0" skip="0">US-023</stat>
<stat pass="1" fail="0" skip="0">US-024</stat>
<stat pass="1" fail="0" skip="0">US-025</stat>
<stat pass="1" fail="0" skip="0">US-027</stat>
<stat pass="1" fail="0" skip="0">US-028</stat>
<stat pass="1" fail="0" skip="0">US-032</stat>
<stat pass="1" fail="0" skip="0">US-033</stat>
<stat pass="1" fail="0" skip="0">US-034</stat>
<stat pass="1" fail="0" skip="0">US-035</stat>
<stat pass="1" fail="0" skip="0">US-036</stat>
<stat pass="1" fail="0" skip="0">US-037</stat>
<stat pass="1" fail="0" skip="0">US-038</stat>
</tag>
<suite>
<stat name="Acceptance" id="s1" pass="37" fail="0" skip="0">Acceptance</stat>
<stat name="Admin Authentication Products" id="s1-s1" pass="9" fail="0" skip="0">Acceptance.Admin Authentication Products</stat>
<stat name="Admin Inventory Management" id="s1-s2" pass="7" fail="0" skip="0">Acceptance.Admin Inventory Management</stat>
<stat name="Customer Payment Checkout" id="s1-s3" pass="6" fail="0" skip="0">Acceptance.Customer Payment Checkout</stat>
<stat name="Customer Product Browsing" id="s1-s4" pass="8" fail="0" skip="0">Acceptance.Customer Product Browsing</stat>
<stat name="Customer Shopping Cart" id="s1-s5" pass="7" fail="0" skip="0">Acceptance.Customer Shopping Cart</stat>
</suite>
</statistics>
<errors>
<msg time="2025-11-18T08:16:35.597237" level="WARN">Error in file '/home/runner/work/snackbar/snackbar/tests/acceptance/customer_shopping_cart.robot' on line 368: The '[Return]' setting is deprecated. Use the 'RETURN' statement instead.</msg>
<msg time="2025-11-18T08:16:35.597471" level="WARN">Error in file '/home/runner/work/snackbar/snackbar/tests/acceptance/customer_shopping_cart.robot' on line 379: The '[Return]' setting is deprecated. Use the 'RETURN' statement instead.</msg>
</errors>
</robot>
