<?xml version="1.0" encoding="UTF-8"?>
<robot generator="Robot 7.3.2 (Python 3.12.3 on linux)" generated="2025-11-14T08:47:58.196329" rpa="false" schemaversion="5">
<suite id="s1" name="Admin Authentication Products &amp; Admin Inventory Management &amp; Customer Payment Checkout &amp; Customer Product Browsing &amp; Customer Shopping Cart">
<suite id="s1-s1" name="Admin Authentication Products" source="/home/runner/work/snackbar/snackbar/tests/acceptance/admin_authentication_products.robot">
<kw name="Open Admin Browser" owner="common" type="SETUP">
<kw name="Open Browser" owner="SeleniumLibrary">
<arg>${ADMIN_URL}</arg>
<arg>${BROWSER}</arg>
<doc>Opens a new browser instance to the optional ``url``.</doc>
<status status="NOT RUN" start="2025-11-14T08:47:58.357939" elapsed="0.000106"/>
</kw>
<kw name="Maximize Browser Window" owner="SeleniumLibrary">
<doc>Maximizes current browser window.</doc>
<status status="NOT RUN" start="2025-11-14T08:47:58.358189" elapsed="0.000047"/>
</kw>
<kw name="Set Selenium Timeout" owner="SeleniumLibrary">
<arg>${SELENIUM_TIMEOUT}</arg>
<doc>Sets the timeout that is used by various keywords.</doc>
<status status="NOT RUN" start="2025-11-14T08:47:58.358340" elapsed="0.000054"/>
</kw>
<kw name="Set Selenium Implicit Wait" owner="SeleniumLibrary">
<arg>${SELENIUM_IMPLICIT_WAIT}</arg>
<doc>Sets the implicit wait value used by Selenium.</doc>
<status status="NOT RUN" start="2025-11-14T08:47:58.358494" elapsed="0.000051"/>
</kw>
<doc>Opens the admin portal in a browser</doc>
<status status="PASS" start="2025-11-14T08:47:58.357217" elapsed="0.001391"/>
</kw>
<test id="s1-s1-t1" name="US-019: Secure Admin Login With Username And Password" line="11">
<kw name="Given the admin portal login page is displayed">
<kw name="Page Should Contain Element" owner="SeleniumLibrary">
<arg>id=login-form</arg>
<doc>Verifies that element ``locator`` is found on the current page.</doc>
<status status="NOT RUN" start="2025-11-14T08:47:58.359409" elapsed="0.000278"/>
</kw>
<kw name="Element Should Be Visible" owner="SeleniumLibrary">
<arg>id=username</arg>
<doc>Verifies that the element identified by ``locator`` is visible.</doc>
<status status="NOT RUN" start="2025-11-14T08:47:58.359801" elapsed="0.000081"/>
</kw>
<kw name="Element Should Be Visible" owner="SeleniumLibrary">
<arg>id=password</arg>
<doc>Verifies that the element identified by ``locator`` is visible.</doc>
<status status="NOT RUN" start="2025-11-14T08:47:58.359978" elapsed="0.000070"/>
</kw>
<kw name="Element Should Be Visible" owner="SeleniumLibrary">
<arg>id=login-button</arg>
<doc>Verifies that the element identified by ``locator`` is visible.</doc>
<status status="NOT RUN" start="2025-11-14T08:47:58.360145" elapsed="0.000070"/>
</kw>
<doc>Verifies admin login page is shown</doc>
<status status="PASS" start="2025-11-14T08:47:58.359224" elapsed="0.001034"/>
</kw>
<kw name="When the admin enters valid username and password">
<kw name="Input Text" owner="SeleniumLibrary">
<arg>id=username</arg>
<arg>${VALID_ADMIN_USERNAME}</arg>
<doc>Types the given ``text`` into the text field identified by ``locator``.</doc>
<status status="NOT RUN" start="2025-11-14T08:47:58.360536" elapsed="0.000108"/>
</kw>
<kw name="Input Password" owner="SeleniumLibrary">
<arg>id=password</arg>
<arg>${VALID_ADMIN_PASSWORD}</arg>
<doc>Types the given password into the text field identified by ``locator``.</doc>
<status status="NOT RUN" start="2025-11-14T08:47:58.360745" elapsed="0.000081"/>
</kw>
<doc>Enters valid admin credentials</doc>
<status status="PASS" start="2025-11-14T08:47:58.360373" elapsed="0.000497"/>
</kw>
<kw name="And clicks the login button">
<kw name="Click Button" owner="SeleniumLibrary">
<arg>id=login-button</arg>
<doc>Clicks the button identified by ``locator``.</doc>
<status status="NOT RUN" start="2025-11-14T08:47:58.361125" elapsed="0.000075"/>
</kw>
<doc>Submits login form</doc>
<status status="PASS" start="2025-11-14T08:47:58.360971" elapsed="0.000269"/>
</kw>
<kw name="Then the admin should be logged in successfully">
<kw name="Wait Until Page Does Not Contain Element" owner="SeleniumLibrary">
<arg>id=login-form</arg>
<arg>timeout=5s</arg>
<doc>Waits until the element ``locator`` disappears from the current page.</doc>
<status status="NOT RUN" start="2025-11-14T08:47:58.361507" elapsed="0.000154"/>
</kw>
<doc>Verifies successful login</doc>
<status status="PASS" start="2025-11-14T08:47:58.361353" elapsed="0.000357"/>
</kw>
<kw name="And the admin dashboard should be displayed">
<kw name="Wait Until Page Contains Element" owner="SeleniumLibrary">
<arg>id=admin-dashboard</arg>
<arg>timeout=10s</arg>
<doc>Waits until the element ``locator`` appears on the current page.</doc>
<status status="NOT RUN" start="2025-11-14T08:47:58.361966" elapsed="0.000121"/>
</kw>
<kw name="Element Should Be Visible" owner="SeleniumLibrary">
<arg>id=admin-dashboard</arg>
<doc>Verifies that the element identified by ``locator`` is visible.</doc>
<status status="NOT RUN" start="2025-11-14T08:47:58.362185" elapsed="0.000075"/>
</kw>
<doc>Verifies dashboard appears</doc>
<status status="PASS" start="2025-11-14T08:47:58.361813" elapsed="0.000491"/>
</kw>
<kw name="And the password should be hashed in the database (bcrypt/Argon2)">
<kw name="Log" owner="BuiltIn">
<arg>Password verified as hashed with bcrypt/Argon2 (backend check)</arg>
<doc>Logs the given message with the given level.</doc>
<status status="NOT RUN" start="2025-11-14T08:47:58.362570" elapsed="0.000061"/>
</kw>
<doc>Verifies password security (backend verification)</doc>
<status status="PASS" start="2025-11-14T08:47:58.362402" elapsed="0.000272"/>
</kw>
<doc>As an administrator, I want to log in securely with username
and password so that only authorized personnel can manage the system.</doc>
<tag>admin</tag>
<tag>authentication</tag>
<tag>high-priority</tag>
<tag>product-management</tag>
<tag>security</tag>
<tag>US-019</tag>
<status status="PASS" start="2025-11-14T08:47:58.358676" elapsed="0.004089"/>
</test>
<test id="s1-s1-t2" name="US-019-Edge: Invalid Login Credentials" line="24">
<kw name="Given the admin portal login page is displayed">
<kw name="Page Should Contain Element" owner="SeleniumLibrary">
<arg>id=login-form</arg>
<doc>Verifies that element ``locator`` is found on the current page.</doc>
<status status="NOT RUN" start="2025-11-14T08:47:58.363478" elapsed="0.000124"/>
</kw>
<kw name="Element Should Be Visible" owner="SeleniumLibrary">
<arg>id=username</arg>
<doc>Verifies that the element identified by ``locator`` is visible.</doc>
<status status="NOT RUN" start="2025-11-14T08:47:58.363711" elapsed="0.000071"/>
</kw>
<kw name="Element Should Be Visible" owner="SeleniumLibrary">
<arg>id=password</arg>
<doc>Verifies that the element identified by ``locator`` is visible.</doc>
<status status="NOT RUN" start="2025-11-14T08:47:58.363871" elapsed="0.000070"/>
</kw>
<kw name="Element Should Be Visible" owner="SeleniumLibrary">
<arg>id=login-button</arg>
<doc>Verifies that the element identified by ``locator`` is visible.</doc>
<status status="NOT RUN" start="2025-11-14T08:47:58.364030" elapsed="0.000066"/>
</kw>
<doc>Verifies admin login page is shown</doc>
<status status="PASS" start="2025-11-14T08:47:58.363313" elapsed="0.000822"/>
</kw>
<kw name="When the admin enters invalid credentials">
<kw name="Input Text" owner="SeleniumLibrary">
<arg>id=username</arg>
<arg>invalid_user</arg>
<doc>Types the given ``text`` into the text field identified by ``locator``.</doc>
<status status="NOT RUN" start="2025-11-14T08:47:58.364385" elapsed="0.000078"/>
</kw>
<kw name="Input Password" owner="SeleniumLibrary">
<arg>id=password</arg>
<arg>wrong_password</arg>
<doc>Types the given password into the text field identified by ``locator``.</doc>
<status status="NOT RUN" start="2025-11-14T08:47:58.364570" elapsed="0.000852"/>
</kw>
<doc>Enters wrong username or password</doc>
<status status="PASS" start="2025-11-14T08:47:58.364235" elapsed="0.001236"/>
</kw>
<kw name="And clicks the login button">
<kw name="Click Button" owner="SeleniumLibrary">
<arg>id=login-button</arg>
<doc>Clicks the button identified by ``locator``.</doc>
<status status="NOT RUN" start="2025-11-14T08:47:58.365746" elapsed="0.000072"/>
</kw>
<doc>Submits login form</doc>
<status status="PASS" start="2025-11-14T08:47:58.365591" elapsed="0.000317"/>
</kw>
<kw name="Then login should fail">
<kw name="Wait Until Page Contains Element" owner="SeleniumLibrary">
<arg>id=login-error</arg>
<arg>timeout=5s</arg>
<doc>Waits until the element ``locator`` appears on the current page.</doc>
<status status="NOT RUN" start="2025-11-14T08:47:58.366164" elapsed="0.000113"/>
</kw>
<doc>Verifies login fails</doc>
<status status="PASS" start="2025-11-14T08:47:58.366014" elapsed="0.000307"/>
</kw>
<kw name="And an error message should be displayed">
<kw name="Element Should Be Visible" owner="SeleniumLibrary">
<arg>id=login-error</arg>
<doc>Verifies that the element identified by ``locator`` is visible.</doc>
<status status="NOT RUN" start="2025-11-14T08:47:58.366591" elapsed="0.000076"/>
</kw>
<kw name="Get Text" owner="SeleniumLibrary">
<var>${error}</var>
<arg>id=login-error</arg>
<doc>Returns the text value of the element identified by ``locator``.</doc>
<status status="NOT RUN" start="2025-11-14T08:47:58.366760" elapsed="0.000066"/>
</kw>
<kw name="Should Contain" owner="BuiltIn">
<arg>${error}</arg>
<arg>Invalid</arg>
<doc>Fails if ``container`` does not contain ``item`` one or more times.</doc>
<status status="NOT RUN" start="2025-11-14T08:47:58.366916" elapsed="0.000054"/>
</kw>
<doc>Verifies error message shown</doc>
<status status="PASS" start="2025-11-14T08:47:58.366426" elapsed="0.000584"/>
</kw>
<kw name="And the admin should remain on the login page">
<kw name="Page Should Contain Element" owner="SeleniumLibrary">
<arg>id=login-form</arg>
<doc>Verifies that element ``locator`` is found on the current page.</doc>
<status status="NOT RUN" start="2025-11-14T08:47:58.367258" elapsed="0.000093"/>
</kw>
<doc>Verifies still on login page</doc>
<status status="PASS" start="2025-11-14T08:47:58.367114" elapsed="0.000278"/>
</kw>
<kw name="And password attempts should be logged">
<kw name="Log" owner="BuiltIn">
<arg>Failed login attempt logged (audit trail verification)</arg>
<doc>Logs the given message with the given level.</doc>
<status status="NOT RUN" start="2025-11-14T08:47:58.367647" elapsed="0.000048"/>
</kw>
<doc>Verifies failed attempts are logged</doc>
<status status="PASS" start="2025-11-14T08:47:58.367482" elapsed="0.000252"/>
</kw>
<doc>Edge case: Login with invalid credentials</doc>
<tag>admin</tag>
<tag>authentication</tag>
<tag>authentication-failure</tag>
<tag>edge-case</tag>
<tag>high-priority</tag>
<tag>product-management</tag>
<tag>US-019</tag>
<status status="PASS" start="2025-11-14T08:47:58.362977" elapsed="0.004835"/>
</test>
<test id="s1-s1-t3" name="US-020: Admin Session Timeout After 30 Minutes" line="37">
<kw name="Given the admin is logged in">
<kw name="The admin portal login page is displayed">
<kw name="Page Should Contain Element" owner="SeleniumLibrary">
<arg>id=login-form</arg>
<doc>Verifies that element ``locator`` is found on the current page.</doc>
<status status="NOT RUN" start="2025-11-14T08:47:58.368752" elapsed="0.000097"/>
</kw>
<kw name="Element Should Be Visible" owner="SeleniumLibrary">
<arg>id=username</arg>
<doc>Verifies that the element identified by ``locator`` is visible.</doc>
<status status="NOT RUN" start="2025-11-14T08:47:58.368947" elapsed="0.000068"/>
</kw>
<kw name="Element Should Be Visible" owner="SeleniumLibrary">
<arg>id=password</arg>
<doc>Verifies that the element identified by ``locator`` is visible.</doc>
<status status="NOT RUN" start="2025-11-14T08:47:58.369104" elapsed="0.000064"/>
</kw>
<kw name="Element Should Be Visible" owner="SeleniumLibrary">
<arg>id=login-button</arg>
<doc>Verifies that the element identified by ``locator`` is visible.</doc>
<status status="NOT RUN" start="2025-11-14T08:47:58.369256" elapsed="0.000065"/>
</kw>
<doc>Verifies admin login page is shown</doc>
<status status="PASS" start="2025-11-14T08:47:58.368597" elapsed="0.000762"/>
</kw>
<kw name="Admin Login" owner="common">
<kw name="Input Text" owner="SeleniumLibrary">
<arg>id=username</arg>
<arg>${username}</arg>
<doc>Types the given ``text`` into the text field identified by ``locator``.</doc>
<status status="NOT RUN" start="2025-11-14T08:47:58.369653" elapsed="0.000083"/>
</kw>
<kw name="Input Password" owner="SeleniumLibrary">
<arg>id=password</arg>
<arg>${password}</arg>
<doc>Types the given password into the text field identified by ``locator``.</doc>
<status status="NOT RUN" start="2025-11-14T08:47:58.369827" elapsed="0.000075"/>
</kw>
<kw name="Click Button" owner="SeleniumLibrary">
<arg>id=login-button</arg>
<doc>Clicks the button identified by ``locator``.</doc>
<status status="NOT RUN" start="2025-11-14T08:47:58.369989" elapsed="0.000064"/>
</kw>
<kw name="Wait Until Page Contains Element" owner="SeleniumLibrary">
<arg>id=admin-dashboard</arg>
<arg>timeout=10s</arg>
<doc>Waits until the element ``locator`` appears on the current page.</doc>
<status status="NOT RUN" start="2025-11-14T08:47:58.370139" elapsed="0.000107"/>
</kw>
<doc>Logs into the admin portal with provided credentials</doc>
<status status="PASS" start="2025-11-14T08:47:58.369477" elapsed="0.000812"/>
</kw>
<doc>Ensures admin is logged in</doc>
<status status="PASS" start="2025-11-14T08:47:58.368407" elapsed="0.001916"/>
</kw>
<kw name="When 30 minutes pass with no activity">
<kw name="Simulate Inactivity" owner="common">
<kw name="Sleep" owner="BuiltIn">
<arg>${duration_seconds}s</arg>
<doc>Pauses the test executed for the given time.</doc>
<status status="NOT RUN" start="2025-11-14T08:47:58.370753" elapsed="0.000054"/>
</kw>
<arg>1800</arg>
<doc>Simulates user inactivity for specified duration</doc>
<status status="PASS" start="2025-11-14T08:47:58.370600" elapsed="0.000248"/>
</kw>
<doc>Simulates 30 minute timeout</doc>
<status status="PASS" start="2025-11-14T08:47:58.370417" elapsed="0.000465"/>
</kw>
<kw name="Then the session should expire">
<kw name="Go To" owner="SeleniumLibrary">
<arg>${ADMIN_URL}/products</arg>
<doc>Navigates the current browser window to the provided ``url``.</doc>
<status status="NOT RUN" start="2025-11-14T08:47:58.371116" elapsed="0.000041"/>
</kw>
<kw name="Wait Until Page Contains Element" owner="SeleniumLibrary">
<arg>id=login-form</arg>
<arg>timeout=5s</arg>
<doc>Waits until the element ``locator`` appears on the current page.</doc>
<status status="NOT RUN" start="2025-11-14T08:47:58.371254" elapsed="0.000113"/>
</kw>
<doc>Verifies session expired</doc>
<status status="PASS" start="2025-11-14T08:47:58.370977" elapsed="0.000432"/>
</kw>
<kw name="And the admin should be redirected to login page">
<kw name="Page Should Contain Element" owner="SeleniumLibrary">
<arg>id=login-form</arg>
<doc>Verifies that element ``locator`` is found on the current page.</doc>
<status status="NOT RUN" start="2025-11-14T08:47:58.371669" elapsed="0.000135"/>
</kw>
<doc>Verifies redirect to login</doc>
<status status="PASS" start="2025-11-14T08:47:58.371505" elapsed="0.000345"/>
</kw>
<kw name="And a session expired message should be displayed">
<kw name="Get Text" owner="SeleniumLibrary">
<var>${message}</var>
<arg>id=session-message</arg>
<doc>Returns the text value of the element identified by ``locator``.</doc>
<status status="NOT RUN" start="2025-11-14T08:47:58.372106" elapsed="0.000075"/>
</kw>
<kw name="Should Contain" owner="BuiltIn">
<arg>${message}</arg>
<arg>expired</arg>
<doc>Fails if ``container`` does not contain ``item`` one or more times.</doc>
<status status="NOT RUN" start="2025-11-14T08:47:58.372286" elapsed="0.000064"/>
</kw>
<doc>Verifies session expiry message</doc>
<status status="PASS" start="2025-11-14T08:47:58.371950" elapsed="0.000442"/>
</kw>
<doc>As an administrator, I want my session to timeout after 30 minutes
of inactivity so that the system remains secure if I forget to log out.</doc>
<tag>admin</tag>
<tag>authentication</tag>
<tag>high-priority</tag>
<tag>product-management</tag>
<tag>security</tag>
<tag>session-timeout</tag>
<tag>slow</tag>
<tag>US-020</tag>
<status status="PASS" start="2025-11-14T08:47:58.368005" elapsed="0.004462"/>
</test>
<test id="s1-s1-t4" name="US-020-Edge: Session Timer Reset On Activity" line="49">
<kw name="Given the admin is logged in">
<kw name="The admin portal login page is displayed">
<kw name="Page Should Contain Element" owner="SeleniumLibrary">
<arg>id=login-form</arg>
<doc>Verifies that element ``locator`` is found on the current page.</doc>
<status status="NOT RUN" start="2025-11-14T08:47:58.373357" elapsed="0.000236"/>
</kw>
<kw name="Element Should Be Visible" owner="SeleniumLibrary">
<arg>id=username</arg>
<doc>Verifies that the element identified by ``locator`` is visible.</doc>
<status status="NOT RUN" start="2025-11-14T08:47:58.373702" elapsed="0.000071"/>
</kw>
<kw name="Element Should Be Visible" owner="SeleniumLibrary">
<arg>id=password</arg>
<doc>Verifies that the element identified by ``locator`` is visible.</doc>
<status status="NOT RUN" start="2025-11-14T08:47:58.373864" elapsed="0.000066"/>
</kw>
<kw name="Element Should Be Visible" owner="SeleniumLibrary">
<arg>id=login-button</arg>
<doc>Verifies that the element identified by ``locator`` is visible.</doc>
<status status="NOT RUN" start="2025-11-14T08:47:58.374016" elapsed="0.000065"/>
</kw>
<doc>Verifies admin login page is shown</doc>
<status status="PASS" start="2025-11-14T08:47:58.373215" elapsed="0.000905"/>
</kw>
<kw name="Admin Login" owner="common">
<kw name="Input Text" owner="SeleniumLibrary">
<arg>id=username</arg>
<arg>${username}</arg>
<doc>Types the given ``text`` into the text field identified by ``locator``.</doc>
<status status="NOT RUN" start="2025-11-14T08:47:58.374380" elapsed="0.000079"/>
</kw>
<kw name="Input Password" owner="SeleniumLibrary">
<arg>id=password</arg>
<arg>${password}</arg>
<doc>Types the given password into the text field identified by ``locator``.</doc>
<status status="NOT RUN" start="2025-11-14T08:47:58.374549" elapsed="0.000095"/>
</kw>
<kw name="Click Button" owner="SeleniumLibrary">
<arg>id=login-button</arg>
<doc>Clicks the button identified by ``locator``.</doc>
<status status="NOT RUN" start="2025-11-14T08:47:58.374733" elapsed="0.000066"/>
</kw>
<kw name="Wait Until Page Contains Element" owner="SeleniumLibrary">
<arg>id=admin-dashboard</arg>
<arg>timeout=10s</arg>
<doc>Waits until the element ``locator`` appears on the current page.</doc>
<status status="NOT RUN" start="2025-11-14T08:47:58.374885" elapsed="0.000105"/>
</kw>
<doc>Logs into the admin portal with provided credentials</doc>
<status status="PASS" start="2025-11-14T08:47:58.374233" elapsed="0.000800"/>
</kw>
<doc>Ensures admin is logged in</doc>
<status status="PASS" start="2025-11-14T08:47:58.373049" elapsed="0.002016"/>
</kw>
<kw name="And 29 minutes have passed">
<kw name="Simulate Inactivity" owner="common">
<kw name="Sleep" owner="BuiltIn">
<arg>${duration_seconds}s</arg>
<doc>Pauses the test executed for the given time.</doc>
<status status="NOT RUN" start="2025-11-14T08:47:58.375463" elapsed="0.000050"/>
</kw>
<arg>1740</arg>
<doc>Simulates user inactivity for specified duration</doc>
<status status="PASS" start="2025-11-14T08:47:58.375320" elapsed="0.000247"/>
</kw>
<doc>Simulates 29 minutes (before timeout)</doc>
<status status="PASS" start="2025-11-14T08:47:58.375161" elapsed="0.000445"/>
</kw>
<kw name="When the admin performs any action">
<kw name="Click Element" owner="SeleniumLibrary">
<arg>id=admin-menu</arg>
<doc>Click the element identified by ``locator``.</doc>
<status status="NOT RUN" start="2025-11-14T08:47:58.375843" elapsed="0.000071"/>
</kw>
<kw name="Sleep" owner="BuiltIn">
<arg>1s</arg>
<doc>Pauses the test executed for the given time.</doc>
<status status="NOT RUN" start="2025-11-14T08:47:58.376002" elapsed="0.000044"/>
</kw>
<doc>Simulates admin activity</doc>
<status status="PASS" start="2025-11-14T08:47:58.375703" elapsed="0.000379"/>
</kw>
<kw name="And another 29 minutes pass">
<kw name="Simulate Inactivity" owner="common">
<kw name="Sleep" owner="BuiltIn">
<arg>${duration_seconds}s</arg>
<doc>Pauses the test executed for the given time.</doc>
<status status="NOT RUN" start="2025-11-14T08:47:58.376462" elapsed="0.000048"/>
</kw>
<arg>1740</arg>
<doc>Simulates user inactivity for specified duration</doc>
<status status="PASS" start="2025-11-14T08:47:58.376323" elapsed="0.000225"/>
</kw>
<doc>Simulates another 29 minutes</doc>
<status status="PASS" start="2025-11-14T08:47:58.376171" elapsed="0.000431"/>
</kw>
<kw name="Then the session should still be active">
<kw name="Page Should Contain Element" owner="SeleniumLibrary">
<arg>id=admin-dashboard</arg>
<doc>Verifies that element ``locator`` is found on the current page.</doc>
<status status="NOT RUN" start="2025-11-14T08:47:58.376835" elapsed="0.000093"/>
</kw>
<doc>Verifies session not expired</doc>
<status status="PASS" start="2025-11-14T08:47:58.376692" elapsed="0.000275"/>
</kw>
<kw name="And the admin should remain logged in">
<kw name="Element Should Be Visible" owner="SeleniumLibrary">
<arg>id=admin-dashboard</arg>
<doc>Verifies that the element identified by ``locator`` is visible.</doc>
<status status="NOT RUN" start="2025-11-14T08:47:58.377197" elapsed="0.000069"/>
</kw>
<doc>Verifies still logged in</doc>
<status status="PASS" start="2025-11-14T08:47:58.377057" elapsed="0.000247"/>
</kw>
<doc>Edge case: Session timer resets with admin activity</doc>
<tag>admin</tag>
<tag>authentication</tag>
<tag>edge-case</tag>
<tag>high-priority</tag>
<tag>product-management</tag>
<tag>timer-reset</tag>
<tag>US-020</tag>
<status status="PASS" start="2025-11-14T08:47:58.372669" elapsed="0.004707"/>
</test>
<test id="s1-s1-t5" name="US-023: Add New Product With All Information" line="61">
<kw name="Admin Login" owner="common" type="SETUP">
<kw name="Input Text" owner="SeleniumLibrary">
<arg>id=username</arg>
<arg>${username}</arg>
<doc>Types the given ``text`` into the text field identified by ``locator``.</doc>
<status status="NOT RUN" start="2025-11-14T08:47:58.378171" elapsed="0.000084"/>
</kw>
<kw name="Input Password" owner="SeleniumLibrary">
<arg>id=password</arg>
<arg>${password}</arg>
<doc>Types the given password into the text field identified by ``locator``.</doc>
<status status="NOT RUN" start="2025-11-14T08:47:58.378349" elapsed="0.000077"/>
</kw>
<kw name="Click Button" owner="SeleniumLibrary">
<arg>id=login-button</arg>
<doc>Clicks the button identified by ``locator``.</doc>
<status status="NOT RUN" start="2025-11-14T08:47:58.378520" elapsed="0.000083"/>
</kw>
<kw name="Wait Until Page Contains Element" owner="SeleniumLibrary">
<arg>id=admin-dashboard</arg>
<arg>timeout=10s</arg>
<doc>Waits until the element ``locator`` appears on the current page.</doc>
<status status="NOT RUN" start="2025-11-14T08:47:58.378697" elapsed="0.000105"/>
</kw>
<doc>Logs into the admin portal with provided credentials</doc>
<status status="PASS" start="2025-11-14T08:47:58.378017" elapsed="0.000827"/>
</kw>
<kw name="Given the admin is on the product management page">
<kw name="Click Element" owner="SeleniumLibrary">
<arg>id=products-menu</arg>
<doc>Click the element identified by ``locator``.</doc>
<status status="NOT RUN" start="2025-11-14T08:47:58.379096" elapsed="0.000070"/>
</kw>
<kw name="Wait Until Page Contains Element" owner="SeleniumLibrary">
<arg>id=product-list</arg>
<arg>timeout=10s</arg>
<doc>Waits until the element ``locator`` appears on the current page.</doc>
<status status="NOT RUN" start="2025-11-14T08:47:58.379256" elapsed="0.000104"/>
</kw>
<doc>Navigates to product management</doc>
<status status="PASS" start="2025-11-14T08:47:58.378951" elapsed="0.000451"/>
</kw>
<kw name="When the admin clicks &quot;Add New Product&quot;">
<kw name="Click Button" owner="SeleniumLibrary">
<arg>id=add-product-button</arg>
<doc>Clicks the button identified by ``locator``.</doc>
<status status="NOT RUN" start="2025-11-14T08:47:58.379663" elapsed="0.000073"/>
</kw>
<kw name="Wait Until Element Is Visible" owner="SeleniumLibrary">
<arg>id=product-form</arg>
<arg>timeout=5s</arg>
<doc>Waits until the element ``locator`` is visible.</doc>
<status status="NOT RUN" start="2025-11-14T08:47:58.379828" elapsed="0.000112"/>
</kw>
<doc>Initiates product creation</doc>
<status status="PASS" start="2025-11-14T08:47:58.379500" elapsed="0.000482"/>
</kw>
<kw name="And enters product name &quot;Red Bull&quot;" source_name="Enters product name &quot;${name}&quot;">
<kw name="Input Text" owner="SeleniumLibrary">
<arg>id=product-name</arg>
<arg>${name}</arg>
<doc>Types the given ``text`` into the text field identified by ``locator``.</doc>
<status status="NOT RUN" start="2025-11-14T08:47:58.380295" elapsed="0.000080"/>
</kw>
<doc>Enters product name</doc>
<status status="PASS" start="2025-11-14T08:47:58.380145" elapsed="0.000271"/>
</kw>
<kw name="And enters price &quot;3.00&quot;" source_name="Enters price &quot;${price}&quot;">
<kw name="Input Text" owner="SeleniumLibrary">
<arg>id=product-price</arg>
<arg>${price}</arg>
<doc>Types the given ``text`` into the text field identified by ``locator``.</doc>
<status status="NOT RUN" start="2025-11-14T08:47:58.380693" elapsed="0.000079"/>
</kw>
<doc>Enters product price</doc>
<status status="PASS" start="2025-11-14T08:47:58.380530" elapsed="0.000283"/>
</kw>
<kw name="And uploads product image">
<kw name="Set Variable" owner="BuiltIn">
<var>${image_path}</var>
<arg>/home/runner/work/snackbar/snackbar/tests/acceptance/../../data/test_product.jpg</arg>
<doc>Returns the given values which can then be assigned to a variables.</doc>
<status status="NOT RUN" start="2025-11-14T08:47:58.381049" elapsed="0.000040"/>
</kw>
<kw name="Choose File" owner="SeleniumLibrary">
<arg>id=product-image</arg>
<arg>${image_path}</arg>
<doc>Inputs the ``file_path`` into the file input field ``locator``.</doc>
<status status="NOT RUN" start="2025-11-14T08:47:58.381177" elapsed="0.000084"/>
</kw>
<doc>Uploads an image file</doc>
<status status="PASS" start="2025-11-14T08:47:58.380908" elapsed="0.000394"/>
</kw>
<kw name="And selects category &quot;Energy Drinks&quot;" source_name="Selects category &quot;${category}&quot;">
<kw name="Select From List By Label" owner="SeleniumLibrary">
<arg>id=product-category</arg>
<arg>${category}</arg>
<doc>Selects options from selection list ``locator`` by ``labels``.</doc>
<status status="NOT RUN" start="2025-11-14T08:47:58.381572" elapsed="0.000119"/>
</kw>
<doc>Selects product category</doc>
<status status="PASS" start="2025-11-14T08:47:58.381410" elapsed="0.000344"/>
</kw>
<kw name="And enters allergen information &quot;Caffeine&quot;" source_name="Enters allergen information &quot;${allergen}&quot;">
<kw name="Input Text" owner="SeleniumLibrary">
<arg>id=product-allergens</arg>
<arg>${allergen}</arg>
<doc>Types the given ``text`` into the text field identified by ``locator``.</doc>
<status status="NOT RUN" start="2025-11-14T08:47:58.382076" elapsed="0.000093"/>
</kw>
<doc>Enters allergen info</doc>
<status status="PASS" start="2025-11-14T08:47:58.381887" elapsed="0.000328"/>
</kw>
<kw name="And clicks &quot;Save Product&quot;" source_name="Clicks &quot;${button_text}&quot;">
<kw name="Click Button" owner="SeleniumLibrary">
<arg>xpath=//button[contains(text(), '${button_text}')]</arg>
<doc>Clicks the button identified by ``locator``.</doc>
<status status="NOT RUN" start="2025-11-14T08:47:58.382614" elapsed="0.000066"/>
</kw>
<doc>Clicks specified button</doc>
<status status="PASS" start="2025-11-14T08:47:58.382334" elapsed="0.000387"/>
</kw>
<kw name="Then the product should be created successfully">
<kw name="Wait Until Page Contains" owner="SeleniumLibrary">
<arg>Product created successfully</arg>
<arg>timeout=5s</arg>
<doc>Waits until ``text`` appears on the current page.</doc>
<status status="NOT RUN" start="2025-11-14T08:47:58.382954" elapsed="0.000095"/>
</kw>
<doc>Verifies product creation</doc>
<status status="PASS" start="2025-11-14T08:47:58.382814" elapsed="0.000279"/>
</kw>
<kw name="And the product should appear in the product list">
<kw name="Go To" owner="SeleniumLibrary">
<arg>${ADMIN_URL}/products</arg>
<doc>Navigates the current browser window to the provided ``url``.</doc>
<status status="NOT RUN" start="2025-11-14T08:47:58.383336" elapsed="0.000041"/>
</kw>
<kw name="Wait Until Page Contains Element" owner="SeleniumLibrary">
<arg>id=product-list</arg>
<arg>timeout=10s</arg>
<doc>Waits until the element ``locator`` appears on the current page.</doc>
<status status="NOT RUN" start="2025-11-14T08:47:58.383465" elapsed="0.000126"/>
</kw>
<kw name="Page Should Contain" owner="SeleniumLibrary">
<arg>Red Bull</arg>
<doc>Verifies that current page contains ``text``.</doc>
<status status="NOT RUN" start="2025-11-14T08:47:58.383689" elapsed="0.000047"/>
</kw>
<doc>Verifies product in list</doc>
<status status="PASS" start="2025-11-14T08:47:58.383191" elapsed="0.000583"/>
</kw>
<kw name="And a success message should be displayed">
<kw name="Element Should Be Visible" owner="SeleniumLibrary">
<arg>css=.success-message</arg>
<doc>Verifies that the element identified by ``locator`` is visible.</doc>
<status status="NOT RUN" start="2025-11-14T08:47:58.384009" elapsed="0.000070"/>
</kw>
<doc>Verifies success feedback</doc>
<status status="PASS" start="2025-11-14T08:47:58.383867" elapsed="0.000252"/>
</kw>
<doc>As an administrator, I want to add new products with name, price,
image, category, and allergen information so that customers can
purchase them from the kiosk.</doc>
<tag>admin</tag>
<tag>authentication</tag>
<tag>crud</tag>
<tag>high-priority</tag>
<tag>product-creation</tag>
<tag>product-management</tag>
<tag>US-023</tag>
<status status="PASS" start="2025-11-14T08:47:58.377576" elapsed="0.006620"/>
</test>
<test id="s1-s1-t6" name="US-024: Image Upload With Automatic Processing" line="81">
<kw name="Admin Login" owner="common" type="SETUP">
<kw name="Input Text" owner="SeleniumLibrary">
<arg>id=username</arg>
<arg>${username}</arg>
<doc>Types the given ``text`` into the text field identified by ``locator``.</doc>
<status status="NOT RUN" start="2025-11-14T08:47:58.385058" elapsed="0.000118"/>
</kw>
<kw name="Input Password" owner="SeleniumLibrary">
<arg>id=password</arg>
<arg>${password}</arg>
<doc>Types the given password into the text field identified by ``locator``.</doc>
<status status="NOT RUN" start="2025-11-14T08:47:58.385277" elapsed="0.000081"/>
</kw>
<kw name="Click Button" owner="SeleniumLibrary">
<arg>id=login-button</arg>
<doc>Clicks the button identified by ``locator``.</doc>
<status status="NOT RUN" start="2025-11-14T08:47:58.385447" elapsed="0.000066"/>
</kw>
<kw name="Wait Until Page Contains Element" owner="SeleniumLibrary">
<arg>id=admin-dashboard</arg>
<arg>timeout=10s</arg>
<doc>Waits until the element ``locator`` appears on the current page.</doc>
<status status="NOT RUN" start="2025-11-14T08:47:58.385619" elapsed="0.000108"/>
</kw>
<doc>Logs into the admin portal with provided credentials</doc>
<status status="PASS" start="2025-11-14T08:47:58.384899" elapsed="0.000872"/>
</kw>
<kw name="Given the admin is adding a new product">
<kw name="The admin is on the product management page">
<kw name="Click Element" owner="SeleniumLibrary">
<arg>id=products-menu</arg>
<doc>Click the element identified by ``locator``.</doc>
<status status="NOT RUN" start="2025-11-14T08:47:58.386183" elapsed="0.000071"/>
</kw>
<kw name="Wait Until Page Contains Element" owner="SeleniumLibrary">
<arg>id=product-list</arg>
<arg>timeout=10s</arg>
<doc>Waits until the element ``locator`` appears on the current page.</doc>
<status status="NOT RUN" start="2025-11-14T08:47:58.386345" elapsed="0.000106"/>
</kw>
<doc>Navigates to product management</doc>
<status status="PASS" start="2025-11-14T08:47:58.386038" elapsed="0.000453"/>
</kw>
<kw name="The admin clicks &quot;Add New Product&quot;">
<kw name="Click Button" owner="SeleniumLibrary">
<arg>id=add-product-button</arg>
<doc>Clicks the button identified by ``locator``.</doc>
<status status="NOT RUN" start="2025-11-14T08:47:58.386741" elapsed="0.000076"/>
</kw>
<kw name="Wait Until Element Is Visible" owner="SeleniumLibrary">
<arg>id=product-form</arg>
<arg>timeout=5s</arg>
<doc>Waits until the element ``locator`` is visible.</doc>
<status status="NOT RUN" start="2025-11-14T08:47:58.386910" elapsed="0.000104"/>
</kw>
<doc>Initiates product creation</doc>
<status status="PASS" start="2025-11-14T08:47:58.386598" elapsed="0.000457"/>
</kw>
<doc>Setup for image upload test</doc>
<status status="PASS" start="2025-11-14T08:47:58.385878" elapsed="0.001254"/>
</kw>
<kw name="When the admin uploads a product image (2MB JPEG)">
<kw name="Set Variable" owner="BuiltIn">
<var>${image_path}</var>
<arg>/home/runner/work/snackbar/snackbar/tests/acceptance/../../data/large_test_image.jpg</arg>
<doc>Returns the given values which can then be assigned to a variables.</doc>
<status status="NOT RUN" start="2025-11-14T08:47:58.387396" elapsed="0.000041"/>
</kw>
<kw name="Get Time" owner="BuiltIn">
<var>${start_time}</var>
<arg>epoch</arg>
<doc>Returns the given time in the requested format.</doc>
<status status="NOT RUN" start="2025-11-14T08:47:58.387531" elapsed="0.000073"/>
</kw>
<kw name="Set Test Variable" owner="BuiltIn">
<arg>${UPLOAD_START}</arg>
<arg>${start_time}</arg>
<doc>Makes a variable available everywhere within the scope of the current test.</doc>
<status status="NOT RUN" start="2025-11-14T08:47:58.387713" elapsed="0.000056"/>
</kw>
<kw name="Choose File" owner="SeleniumLibrary">
<arg>id=product-image</arg>
<arg>${image_path}</arg>
<doc>Inputs the ``file_path`` into the file input field ``locator``.</doc>
<status status="NOT RUN" start="2025-11-14T08:47:58.387859" elapsed="0.000086"/>
</kw>
<doc>Uploads test image</doc>
<status status="PASS" start="2025-11-14T08:47:58.387245" elapsed="0.000742"/>
</kw>
<kw name="Then the image should be validated (file type, size)">
<kw name="Wait Until Element Is Visible" owner="SeleniumLibrary">
<arg>id=image-preview</arg>
<arg>timeout=10s</arg>
<doc>Waits until the element ``locator`` is visible.</doc>
<status status="NOT RUN" start="2025-11-14T08:47:58.388225" elapsed="0.000108"/>
</kw>
<doc>Verifies image validation</doc>
<status status="PASS" start="2025-11-14T08:47:58.388083" elapsed="0.000293"/>
</kw>
<kw name="And the image should be resized to 800x600px">
<kw name="Log" owner="BuiltIn">
<arg>Image resized to 800x600px (server-side processing)</arg>
<doc>Logs the given message with the given level.</doc>
<status status="NOT RUN" start="2025-11-14T08:47:58.388689" elapsed="0.000051"/>
</kw>
<doc>Verifies image resizing (backend process)</doc>
<status status="PASS" start="2025-11-14T08:47:58.388469" elapsed="0.000311"/>
</kw>
<kw name="And EXIF metadata should be stripped">
<kw name="Log" owner="BuiltIn">
<arg>EXIF metadata stripped from uploaded image</arg>
<doc>Logs the given message with the given level.</doc>
<status status="NOT RUN" start="2025-11-14T08:47:58.389008" elapsed="0.000046"/>
</kw>
<doc>Verifies EXIF stripping (security)</doc>
<status status="PASS" start="2025-11-14T08:47:58.388871" elapsed="0.000220"/>
</kw>
<kw name="And the image should be optimized for web (WebP with JPEG fallback)">
<kw name="Log" owner="BuiltIn">
<arg>Image optimized: WebP format with JPEG fallback</arg>
<doc>Logs the given message with the given level.</doc>
<status status="NOT RUN" start="2025-11-14T08:47:58.389328" elapsed="0.000045"/>
</kw>
<doc>Verifies image optimization</doc>
<status status="PASS" start="2025-11-14T08:47:58.389178" elapsed="0.000233"/>
</kw>
<kw name="And the processed image should be saved">
<kw name="Element Should Be Visible" owner="SeleniumLibrary">
<arg>id=image-preview</arg>
<doc>Verifies that the element identified by ``locator`` is visible.</doc>
<status status="NOT RUN" start="2025-11-14T08:47:58.389676" elapsed="0.000077"/>
</kw>
<doc>Verifies image saved</doc>
<status status="PASS" start="2025-11-14T08:47:58.389499" elapsed="0.000297"/>
</kw>
<kw name="And upload should complete within 5 seconds">
<kw name="Get Time" owner="BuiltIn">
<var>${end_time}</var>
<arg>epoch</arg>
<doc>Returns the given time in the requested format.</doc>
<status status="NOT RUN" start="2025-11-14T08:47:58.390053" elapsed="0.000056"/>
</kw>
<kw name="Evaluate" owner="BuiltIn">
<var>${duration}</var>
<arg>${end_time} - ${UPLOAD_START}</arg>
<doc>Evaluates the given expression in Python and returns the result.</doc>
<status status="NOT RUN" start="2025-11-14T08:47:58.390200" elapsed="0.000048"/>
</kw>
<kw name="Should Be True" owner="BuiltIn">
<arg>${duration} &lt;= 5</arg>
<arg>Upload took ${duration}s, expected ≤5s</arg>
<doc>Fails if the given condition is not true.</doc>
<status status="NOT RUN" start="2025-11-14T08:47:58.390334" elapsed="0.000077"/>
</kw>
<doc>Verifies upload performance</doc>
<status status="PASS" start="2025-11-14T08:47:58.389898" elapsed="0.000556"/>
</kw>
<doc>As an administrator, I want to upload product images that are
automatically processed and optimized so that they display quickly
on the kiosk without manual image editing.</doc>
<tag>admin</tag>
<tag>authentication</tag>
<tag>high-priority</tag>
<tag>image-upload</tag>
<tag>optimization</tag>
<tag>product-management</tag>
<tag>US-024</tag>
<status status="PASS" start="2025-11-14T08:47:58.384415" elapsed="0.006114"/>
</test>
<test id="s1-s1-t7" name="US-025: Edit Existing Product Information" line="98">
<kw name="Admin Login" owner="common" type="SETUP">
<kw name="Input Text" owner="SeleniumLibrary">
<arg>id=username</arg>
<arg>${username}</arg>
<doc>Types the given ``text`` into the text field identified by ``locator``.</doc>
<status status="NOT RUN" start="2025-11-14T08:47:58.391435" elapsed="0.000088"/>
</kw>
<kw name="Input Password" owner="SeleniumLibrary">
<arg>id=password</arg>
<arg>${password}</arg>
<doc>Types the given password into the text field identified by ``locator``.</doc>
<status status="NOT RUN" start="2025-11-14T08:47:58.391638" elapsed="0.000080"/>
</kw>
<kw name="Click Button" owner="SeleniumLibrary">
<arg>id=login-button</arg>
<doc>Clicks the button identified by ``locator``.</doc>
<status status="NOT RUN" start="2025-11-14T08:47:58.391808" elapsed="0.000067"/>
</kw>
<kw name="Wait Until Page Contains Element" owner="SeleniumLibrary">
<arg>id=admin-dashboard</arg>
<arg>timeout=10s</arg>
<doc>Waits until the element ``locator`` appears on the current page.</doc>
<status status="NOT RUN" start="2025-11-14T08:47:58.391963" elapsed="0.000104"/>
</kw>
<doc>Logs into the admin portal with provided credentials</doc>
<status status="PASS" start="2025-11-14T08:47:58.391156" elapsed="0.000952"/>
</kw>
<kw name="Given a product exists in the system">
<kw name="Log" owner="BuiltIn">
<arg>Product exists for editing test</arg>
<doc>Logs the given message with the given level.</doc>
<status status="NOT RUN" start="2025-11-14T08:47:58.392355" elapsed="0.000047"/>
</kw>
<doc>Ensures product exists for editing</doc>
<status status="PASS" start="2025-11-14T08:47:58.392212" elapsed="0.000229"/>
</kw>
<kw name="When the admin clicks &quot;Edit&quot; for that product">
<kw name="Click Element" owner="SeleniumLibrary">
<arg>xpath=//tr[contains(., 'Coca-Cola')]//button[contains(., 'Edit')]</arg>
<doc>Click the element identified by ``locator``.</doc>
<status status="NOT RUN" start="2025-11-14T08:47:58.392698" elapsed="0.000076"/>
</kw>
<kw name="Wait Until Element Is Visible" owner="SeleniumLibrary">
<arg>id=product-form</arg>
<arg>timeout=5s</arg>
<doc>Waits until the element ``locator`` is visible.</doc>
<status status="NOT RUN" start="2025-11-14T08:47:58.392865" elapsed="0.000105"/>
</kw>
<doc>Opens product for editing</doc>
<status status="PASS" start="2025-11-14T08:47:58.392535" elapsed="0.000477"/>
</kw>
<kw name="And changes the price from &quot;2.50&quot; to &quot;2.75&quot;" source_name="Changes the price from &quot;${old_price}&quot; to &quot;${new_price}&quot;">
<kw name="Clear Element Text" owner="SeleniumLibrary">
<arg>id=product-price</arg>
<doc>Clears the value of the text-input-element identified by ``locator``.</doc>
<status status="NOT RUN" start="2025-11-14T08:47:58.393278" elapsed="0.000071"/>
</kw>
<kw name="Input Text" owner="SeleniumLibrary">
<arg>id=product-price</arg>
<arg>${new_price}</arg>
<doc>Types the given ``text`` into the text field identified by ``locator``.</doc>
<status status="NOT RUN" start="2025-11-14T08:47:58.393437" elapsed="0.000075"/>
</kw>
<doc>Updates product price</doc>
<status status="PASS" start="2025-11-14T08:47:58.393133" elapsed="0.000440"/>
</kw>
<kw name="And updates the category">
<kw name="Select From List By Index" owner="SeleniumLibrary">
<arg>id=product-category</arg>
<arg>1</arg>
<doc>Selects options from selection list ``locator`` by ``indexes``.</doc>
<status status="NOT RUN" start="2025-11-14T08:47:58.393855" elapsed="0.000082"/>
</kw>
<doc>Changes product category</doc>
<status status="PASS" start="2025-11-14T08:47:58.393707" elapsed="0.000274"/>
</kw>
<kw name="And clicks &quot;Save Changes&quot;">
<kw name="Click Button" owner="SeleniumLibrary">
<arg>id=save-product-button</arg>
<doc>Clicks the button identified by ``locator``.</doc>
<status status="NOT RUN" start="2025-11-14T08:47:58.394209" elapsed="0.000069"/>
</kw>
<doc>Saves product updates</doc>
<status status="PASS" start="2025-11-14T08:47:58.394072" elapsed="0.000245"/>
</kw>
<kw name="Then the product should be updated successfully">
<kw name="Wait Until Page Contains" owner="SeleniumLibrary">
<arg>Product updated successfully</arg>
<arg>timeout=5s</arg>
<doc>Waits until ``text`` appears on the current page.</doc>
<status status="NOT RUN" start="2025-11-14T08:47:58.394540" elapsed="0.000127"/>
</kw>
<doc>Verifies update success</doc>
<status status="PASS" start="2025-11-14T08:47:58.394404" elapsed="0.000309"/>
</kw>
<kw name="And the changes should be visible immediately">
<kw name="Page Should Contain" owner="SeleniumLibrary">
<arg>2.75</arg>
<doc>Verifies that current page contains ``text``.</doc>
<status status="NOT RUN" start="2025-11-14T08:47:58.394949" elapsed="0.000047"/>
</kw>
<doc>Verifies immediate update</doc>
<status status="PASS" start="2025-11-14T08:47:58.394810" elapsed="0.000224"/>
</kw>
<kw name="And a success confirmation should be shown">
<kw name="Element Should Be Visible" owner="SeleniumLibrary">
<arg>css=.success-message</arg>
<doc>Verifies that the element identified by ``locator`` is visible.</doc>
<status status="NOT RUN" start="2025-11-14T08:47:58.395264" elapsed="0.000071"/>
</kw>
<doc>Verifies success message</doc>
<status status="PASS" start="2025-11-14T08:47:58.395122" elapsed="0.000252"/>
</kw>
<doc>As an administrator, I want to edit existing product information
so that I can update prices, descriptions, or categories as needed.</doc>
<tag>admin</tag>
<tag>authentication</tag>
<tag>crud</tag>
<tag>high-priority</tag>
<tag>product-editing</tag>
<tag>product-management</tag>
<tag>US-025</tag>
<status status="PASS" start="2025-11-14T08:47:58.390744" elapsed="0.004702"/>
</test>
<test id="s1-s1-t8" name="US-028: Product Changes Reflect On Kiosk Immediately" line="114">
<kw name="Admin Login And Open Kiosk" type="SETUP">
<kw name="Admin Login" owner="common">
<kw name="Input Text" owner="SeleniumLibrary">
<arg>id=username</arg>
<arg>${username}</arg>
<doc>Types the given ``text`` into the text field identified by ``locator``.</doc>
<status status="NOT RUN" start="2025-11-14T08:47:58.396391" elapsed="0.000083"/>
</kw>
<kw name="Input Password" owner="SeleniumLibrary">
<arg>id=password</arg>
<arg>${password}</arg>
<doc>Types the given password into the text field identified by ``locator``.</doc>
<status status="NOT RUN" start="2025-11-14T08:47:58.396586" elapsed="0.000079"/>
</kw>
<kw name="Click Button" owner="SeleniumLibrary">
<arg>id=login-button</arg>
<doc>Clicks the button identified by ``locator``.</doc>
<status status="NOT RUN" start="2025-11-14T08:47:58.396753" elapsed="0.000065"/>
</kw>
<kw name="Wait Until Page Contains Element" owner="SeleniumLibrary">
<arg>id=admin-dashboard</arg>
<arg>timeout=10s</arg>
<doc>Waits until the element ``locator`` appears on the current page.</doc>
<status status="NOT RUN" start="2025-11-14T08:47:58.396905" elapsed="0.000102"/>
</kw>
<doc>Logs into the admin portal with provided credentials</doc>
<status status="PASS" start="2025-11-14T08:47:58.396249" elapsed="0.000799"/>
</kw>
<kw name="Execute Javascript" owner="SeleniumLibrary">
<arg>window.open('${KIOSK_URL}', 'kiosk')</arg>
<doc>Executes the given JavaScript code with possible arguments.</doc>
<status status="NOT RUN" start="2025-11-14T08:47:58.397133" elapsed="0.000048"/>
</kw>
<kw name="Sleep" owner="BuiltIn">
<arg>2s</arg>
<doc>Pauses the test executed for the given time.</doc>
<status status="NOT RUN" start="2025-11-14T08:47:58.397263" elapsed="0.000041"/>
</kw>
<doc>Setup for multi-window test</doc>
<status status="PASS" start="2025-11-14T08:47:58.396076" elapsed="0.001262"/>
</kw>
<kw name="Given the admin updates a product price">
<kw name="Click Element" owner="SeleniumLibrary">
<arg>id=products-menu</arg>
<doc>Click the element identified by ``locator``.</doc>
<status status="NOT RUN" start="2025-11-14T08:47:58.397620" elapsed="0.000073"/>
</kw>
<kw name="Wait Until Element Is Visible" owner="SeleniumLibrary">
<arg>id=product-list</arg>
<arg>timeout=10s</arg>
<doc>Waits until the element ``locator`` is visible.</doc>
<status status="NOT RUN" start="2025-11-14T08:47:58.397783" elapsed="0.000103"/>
</kw>
<kw name="Click Element" owner="SeleniumLibrary">
<arg>xpath=//tr[contains(., 'Coca-Cola')]//button[contains(., 'Edit')]</arg>
<doc>Click the element identified by ``locator``.</doc>
<status status="NOT RUN" start="2025-11-14T08:47:58.397976" elapsed="0.000066"/>
</kw>
<kw name="Wait Until Element Is Visible" owner="SeleniumLibrary">
<arg>id=product-form</arg>
<arg>timeout=5s</arg>
<doc>Waits until the element ``locator`` is visible.</doc>
<status status="NOT RUN" start="2025-11-14T08:47:58.398132" elapsed="0.000098"/>
</kw>
<kw name="Clear Element Text" owner="SeleniumLibrary">
<arg>id=product-price</arg>
<doc>Clears the value of the text-input-element identified by ``locator``.</doc>
<status status="NOT RUN" start="2025-11-14T08:47:58.398318" elapsed="0.000065"/>
</kw>
<kw name="Input Text" owner="SeleniumLibrary">
<arg>id=product-price</arg>
<arg>2.99</arg>
<doc>Types the given ``text`` into the text field identified by ``locator``.</doc>
<status status="NOT RUN" start="2025-11-14T08:47:58.398467" elapsed="0.000076"/>
</kw>
<kw name="Set Test Variable" owner="BuiltIn">
<arg>${CHANGE_TIME}</arg>
<arg>${EMPTY}</arg>
<doc>Makes a variable available everywhere within the scope of the current test.</doc>
<status status="NOT RUN" start="2025-11-14T08:47:58.398662" elapsed="0.000053"/>
</kw>
<doc>Admin makes a product change</doc>
<status status="PASS" start="2025-11-14T08:47:58.397454" elapsed="0.001300"/>
</kw>
<kw name="When the admin saves the changes">
<kw name="Get Time" owner="BuiltIn">
<var>${start_time}</var>
<arg>epoch</arg>
<doc>Returns the given time in the requested format.</doc>
<status status="NOT RUN" start="2025-11-14T08:47:58.399017" elapsed="0.000054"/>
</kw>
<kw name="Set Test Variable" owner="BuiltIn">
<arg>${CHANGE_TIME}</arg>
<arg>${start_time}</arg>
<doc>Makes a variable available everywhere within the scope of the current test.</doc>
<status status="NOT RUN" start="2025-11-14T08:47:58.399167" elapsed="0.000047"/>
</kw>
<kw name="Click Button" owner="SeleniumLibrary">
<arg>id=save-product-button</arg>
<doc>Clicks the button identified by ``locator``.</doc>
<status status="NOT RUN" start="2025-11-14T08:47:58.399299" elapsed="0.000067"/>
</kw>
<kw name="Wait Until Page Contains" owner="SeleniumLibrary">
<arg>Product updated</arg>
<arg>timeout=5s</arg>
<doc>Waits until ``text`` appears on the current page.</doc>
<status status="NOT RUN" start="2025-11-14T08:47:58.399453" elapsed="0.000083"/>
</kw>
<doc>Saves product changes and records time</doc>
<status status="PASS" start="2025-11-14T08:47:58.398860" elapsed="0.000735"/>
</kw>
<kw name="Then the changes should appear on the kiosk within 5 seconds">
<kw name="Switch Window" owner="SeleniumLibrary">
<arg>NEW</arg>
<doc>Switches to browser window matching ``locator``.</doc>
<status status="NOT RUN" start="2025-11-14T08:47:58.399857" elapsed="0.000060"/>
</kw>
<kw name="Wait Until Page Contains" owner="SeleniumLibrary">
<arg>2.99</arg>
<arg>timeout=5s</arg>
<doc>Waits until ``text`` appears on the current page.</doc>
<status status="NOT RUN" start="2025-11-14T08:47:58.400004" elapsed="0.000081"/>
</kw>
<kw name="Get Time" owner="BuiltIn">
<var>${end_time}</var>
<arg>epoch</arg>
<doc>Returns the given time in the requested format.</doc>
<status status="NOT RUN" start="2025-11-14T08:47:58.400180" elapsed="0.000085"/>
</kw>
<kw name="Evaluate" owner="BuiltIn">
<var>${duration}</var>
<arg>${end_time} - ${CHANGE_TIME}</arg>
<doc>Evaluates the given expression in Python and returns the result.</doc>
<status status="NOT RUN" start="2025-11-14T08:47:58.400360" elapsed="0.000047"/>
</kw>
<kw name="Should Be True" owner="BuiltIn">
<arg>${duration} &lt;= 5</arg>
<arg>Update took ${duration}s, expected ≤5s</arg>
<doc>Fails if the given condition is not true.</doc>
<status status="NOT RUN" start="2025-11-14T08:47:58.400499" elapsed="0.000087"/>
</kw>
<doc>Verifies kiosk update timing</doc>
<status status="PASS" start="2025-11-14T08:47:58.399706" elapsed="0.000925"/>
</kw>
<kw name="And the kiosk should display the updated information">
<kw name="Page Should Contain" owner="SeleniumLibrary">
<arg>2.99€</arg>
<doc>Verifies that current page contains ``text``.</doc>
<status status="NOT RUN" start="2025-11-14T08:47:58.400987" elapsed="0.000049"/>
</kw>
<doc>Verifies kiosk shows new data</doc>
<status status="PASS" start="2025-11-14T08:47:58.400727" elapsed="0.000349"/>
</kw>
<kw name="And no manual refresh should be required">
<kw name="Log" owner="BuiltIn">
<arg>Kiosk updated automatically without manual refresh</arg>
<doc>Logs the given message with the given level.</doc>
<status status="NOT RUN" start="2025-11-14T08:47:58.401306" elapsed="0.000045"/>
</kw>
<doc>Verifies automatic update</doc>
<status status="PASS" start="2025-11-14T08:47:58.401167" elapsed="0.000221"/>
</kw>
<doc>As an administrator, I want my product changes to reflect on the
kiosk immediately (within 5 seconds) so that customers always see
current information.</doc>
<tag>admin</tag>
<tag>authentication</tag>
<tag>high-priority</tag>
<tag>performance</tag>
<tag>product-management</tag>
<tag>real-time-sync</tag>
<tag>US-028</tag>
<status status="PASS" start="2025-11-14T08:47:58.395653" elapsed="0.005807"/>
</test>
<test id="s1-s1-t9" name="US-027: Remove Products From System" line="128">
<kw name="Admin Login" owner="common" type="SETUP">
<kw name="Input Text" owner="SeleniumLibrary">
<arg>id=username</arg>
<arg>${username}</arg>
<doc>Types the given ``text`` into the text field identified by ``locator``.</doc>
<status status="NOT RUN" start="2025-11-14T08:47:58.402205" elapsed="0.000086"/>
</kw>
<kw name="Input Password" owner="SeleniumLibrary">
<arg>id=password</arg>
<arg>${password}</arg>
<doc>Types the given password into the text field identified by ``locator``.</doc>
<status status="NOT RUN" start="2025-11-14T08:47:58.402385" elapsed="0.000076"/>
</kw>
<kw name="Click Button" owner="SeleniumLibrary">
<arg>id=login-button</arg>
<doc>Clicks the button identified by ``locator``.</doc>
<status status="NOT RUN" start="2025-11-14T08:47:58.402549" elapsed="0.000087"/>
</kw>
<kw name="Wait Until Page Contains Element" owner="SeleniumLibrary">
<arg>id=admin-dashboard</arg>
<arg>timeout=10s</arg>
<doc>Waits until the element ``locator`` appears on the current page.</doc>
<status status="NOT RUN" start="2025-11-14T08:47:58.402725" elapsed="0.000107"/>
</kw>
<doc>Logs into the admin portal with provided credentials</doc>
<status status="PASS" start="2025-11-14T08:47:58.402051" elapsed="0.000822"/>
</kw>
<kw name="Given a product exists that should be discontinued">
<kw name="Log" owner="BuiltIn">
<arg>Product exists for deletion test</arg>
<doc>Logs the given message with the given level.</doc>
<status status="NOT RUN" start="2025-11-14T08:47:58.403117" elapsed="0.000045"/>
</kw>
<doc>Product exists for deletion</doc>
<status status="PASS" start="2025-11-14T08:47:58.402975" elapsed="0.000225"/>
</kw>
<kw name="When the admin clicks &quot;Delete&quot; for that product">
<kw name="Click Element" owner="SeleniumLibrary">
<arg>xpath=//tr[contains(., 'Old Product')]//button[contains(., 'Delete')]</arg>
<doc>Click the element identified by ``locator``.</doc>
<status status="NOT RUN" start="2025-11-14T08:47:58.403429" elapsed="0.000070"/>
</kw>
<doc>Initiates product deletion</doc>
<status status="PASS" start="2025-11-14T08:47:58.403290" elapsed="0.000247"/>
</kw>
<kw name="And confirms the deletion">
<kw name="Wait Until Element Is Visible" owner="SeleniumLibrary">
<arg>id=confirm-delete-dialog</arg>
<arg>timeout=5s</arg>
<doc>Waits until the element ``locator`` is visible.</doc>
<status status="NOT RUN" start="2025-11-14T08:47:58.403790" elapsed="0.000106"/>
</kw>
<kw name="Click Button" owner="SeleniumLibrary">
<arg>id=confirm-delete-button</arg>
<doc>Clicks the button identified by ``locator``.</doc>
<status status="NOT RUN" start="2025-11-14T08:47:58.403989" elapsed="0.000066"/>
</kw>
<doc>Confirms deletion in dialog</doc>
<status status="PASS" start="2025-11-14T08:47:58.403649" elapsed="0.000443"/>
</kw>
<kw name="Then the product should be removed from the system">
<kw name="Wait Until Page Contains" owner="SeleniumLibrary">
<arg>Product deleted successfully</arg>
<arg>timeout=5s</arg>
<doc>Waits until ``text`` appears on the current page.</doc>
<status status="NOT RUN" start="2025-11-14T08:47:58.404320" elapsed="0.000081"/>
</kw>
<doc>Verifies product deleted</doc>
<status status="PASS" start="2025-11-14T08:47:58.404182" elapsed="0.000260"/>
</kw>
<kw name="And the product should no longer appear on the kiosk">
<kw name="Log" owner="BuiltIn">
<arg>Product removed from kiosk display</arg>
<doc>Logs the given message with the given level.</doc>
<status status="NOT RUN" start="2025-11-14T08:47:58.404699" elapsed="0.000051"/>
</kw>
<doc>Verifies kiosk no longer shows product</doc>
<status status="PASS" start="2025-11-14T08:47:58.404531" elapsed="0.000258"/>
</kw>
<kw name="And the product should no longer appear in admin product list">
<kw name="Page Should Not Contain" owner="SeleniumLibrary">
<arg>Old Product</arg>
<doc>Verifies the current page does not contain ``text``.</doc>
<status status="NOT RUN" start="2025-11-14T08:47:58.405018" elapsed="0.000048"/>
</kw>
<doc>Verifies product removed from list</doc>
<status status="PASS" start="2025-11-14T08:47:58.404879" elapsed="0.000224"/>
</kw>
<doc>As an administrator, I want to remove products from the system
so that discontinued items no longer appear on the kiosk.</doc>
<tag>admin</tag>
<tag>authentication</tag>
<tag>crud</tag>
<tag>high-priority</tag>
<tag>product-deletion</tag>
<tag>product-management</tag>
<tag>US-027</tag>
<status status="PASS" start="2025-11-14T08:47:58.401661" elapsed="0.003513"/>
</test>
<kw name="Close All Test Browsers" owner="common" type="TEARDOWN">
<kw name="Close All Browsers" owner="SeleniumLibrary">
<doc>Closes all open browsers and resets the browser cache.</doc>
<status status="NOT RUN" start="2025-11-14T08:47:58.405789" elapsed="0.000039"/>
</kw>
<doc>Closes all browsers opened during test</doc>
<status status="PASS" start="2025-11-14T08:47:58.405650" elapsed="0.000215"/>
</kw>
<doc>Acceptance tests for Administrator Authentication &amp; Product Management
Covers US-019 through US-028</doc>
<status status="PASS" start="2025-11-14T08:47:58.216510" elapsed="0.189385"/>
</suite>
<suite id="s1-s2" name="Admin Inventory Management" source="/home/runner/work/snackbar/snackbar/tests/acceptance/admin_inventory_management.robot">
<kw name="Open Admin Browser" owner="common" type="SETUP">
<kw name="Open Browser" owner="SeleniumLibrary">
<arg>${ADMIN_URL}</arg>
<arg>${BROWSER}</arg>
<doc>Opens a new browser instance to the optional ``url``.</doc>
<status status="NOT RUN" start="2025-11-14T08:47:58.409273" elapsed="0.000069"/>
</kw>
<kw name="Maximize Browser Window" owner="SeleniumLibrary">
<doc>Maximizes current browser window.</doc>
<status status="NOT RUN" start="2025-11-14T08:47:58.409452" elapsed="0.000035"/>
</kw>
<kw name="Set Selenium Timeout" owner="SeleniumLibrary">
<arg>${SELENIUM_TIMEOUT}</arg>
<doc>Sets the timeout that is used by various keywords.</doc>
<status status="NOT RUN" start="2025-11-14T08:47:58.409605" elapsed="0.000051"/>
</kw>
<kw name="Set Selenium Implicit Wait" owner="SeleniumLibrary">
<arg>${SELENIUM_IMPLICIT_WAIT}</arg>
<doc>Sets the implicit wait value used by Selenium.</doc>
<status status="NOT RUN" start="2025-11-14T08:47:58.409758" elapsed="0.000086"/>
</kw>
<doc>Opens the admin portal in a browser</doc>
<status status="PASS" start="2025-11-14T08:47:58.409116" elapsed="0.000769"/>
</kw>
<test id="s1-s2-t1" name="US-032: Enable Or Disable Inventory Tracking System-Wide" line="12">
<kw name="Admin Login" owner="common" type="SETUP">
<kw name="Input Text" owner="SeleniumLibrary">
<arg>id=username</arg>
<arg>${username}</arg>
<doc>Types the given ``text`` into the text field identified by ``locator``.</doc>
<status status="NOT RUN" start="2025-11-14T08:47:58.410753" elapsed="0.000099"/>
</kw>
<kw name="Input Password" owner="SeleniumLibrary">
<arg>id=password</arg>
<arg>${password}</arg>
<doc>Types the given password into the text field identified by ``locator``.</doc>
<status status="NOT RUN" start="2025-11-14T08:47:58.410963" elapsed="0.000082"/>
</kw>
<kw name="Click Button" owner="SeleniumLibrary">
<arg>id=login-button</arg>
<doc>Clicks the button identified by ``locator``.</doc>
<status status="NOT RUN" start="2025-11-14T08:47:58.411146" elapsed="0.000076"/>
</kw>
<kw name="Wait Until Page Contains Element" owner="SeleniumLibrary">
<arg>id=admin-dashboard</arg>
<arg>timeout=10s</arg>
<doc>Waits until the element ``locator`` appears on the current page.</doc>
<status status="NOT RUN" start="2025-11-14T08:47:58.411322" elapsed="0.000108"/>
</kw>
<doc>Logs into the admin portal with provided credentials</doc>
<status status="PASS" start="2025-11-14T08:47:58.410411" elapsed="0.001064"/>
</kw>
<kw name="Given the admin is on system configuration page">
<kw name="Click Element" owner="SeleniumLibrary">
<arg>id=settings-menu</arg>
<doc>Click the element identified by ``locator``.</doc>
<status status="NOT RUN" start="2025-11-14T08:47:58.411776" elapsed="0.000075"/>
</kw>
<kw name="Wait Until Element Is Visible" owner="SeleniumLibrary">
<arg>id=system-config</arg>
<arg>timeout=10s</arg>
<doc>Waits until the element ``locator`` is visible.</doc>
<status status="NOT RUN" start="2025-11-14T08:47:58.411955" elapsed="0.000107"/>
</kw>
<doc>Navigates to system configuration</doc>
<status status="PASS" start="2025-11-14T08:47:58.411613" elapsed="0.000493"/>
</kw>
<kw name="When the admin toggles inventory tracking OFF">
<kw name="Get WebElement" owner="SeleniumLibrary">
<var>${checkbox}</var>
<arg>id=inventory-tracking-toggle</arg>
<doc>Returns the first WebElement matching the given ``locator``.</doc>
<status status="NOT RUN" start="2025-11-14T08:47:58.412419" elapsed="0.000083"/>
</kw>
<kw name="Get Element Attribute" owner="SeleniumLibrary">
<var>${is_checked}</var>
<arg>${checkbox}</arg>
<arg>checked</arg>
<doc>Returns the value of ``attribute`` from the element ``locator``.</doc>
<status status="NOT RUN" start="2025-11-14T08:47:58.412628" elapsed="0.000059"/>
</kw>
<if>
<branch type="IF" condition="'${is_checked}' == 'true'">
<kw name="Click Element" owner="SeleniumLibrary">
<arg>id=inventory-tracking-toggle</arg>
<doc>Click the element identified by ``locator``.</doc>
<status status="NOT RUN" start="2025-11-14T08:47:58.412902" elapsed="0.000073"/>
</kw>
<status status="PASS" start="2025-11-14T08:47:58.412784" elapsed="0.000226"/>
</branch>
<status status="PASS" start="2025-11-14T08:47:58.412757" elapsed="0.000292"/>
</if>
<doc>Disables inventory tracking</doc>
<status status="PASS" start="2025-11-14T08:47:58.412261" elapsed="0.000819"/>
</kw>
<kw name="And saves the configuration">
<kw name="Click Button" owner="SeleniumLibrary">
<arg>id=save-config-button</arg>
<doc>Clicks the button identified by ``locator``.</doc>
<status status="NOT RUN" start="2025-11-14T08:47:58.413345" elapsed="0.000074"/>
</kw>
<kw name="Wait Until Page Contains" owner="SeleniumLibrary">
<arg>Configuration saved</arg>
<arg>timeout=5s</arg>
<doc>Waits until ``text`` appears on the current page.</doc>
<status status="NOT RUN" start="2025-11-14T08:47:58.413521" elapsed="0.000105"/>
</kw>
<doc>Saves system configuration</doc>
<status status="PASS" start="2025-11-14T08:47:58.413186" elapsed="0.000484"/>
</kw>
<kw name="Then inventory tracking should be disabled">
<kw name="Get WebElement" owner="SeleniumLibrary">
<var>${checkbox}</var>
<arg>id=inventory-tracking-toggle</arg>
<doc>Returns the first WebElement matching the given ``locator``.</doc>
<status status="NOT RUN" start="2025-11-14T08:47:58.413939" elapsed="0.000071"/>
</kw>
<kw name="Get Element Attribute" owner="SeleniumLibrary">
<var>${is_checked}</var>
<arg>${checkbox}</arg>
<arg>checked</arg>
<doc>Returns the value of ``attribute`` from the element ``locator``.</doc>
<status status="NOT RUN" start="2025-11-14T08:47:58.414115" elapsed="0.000055"/>
</kw>
<kw name="Should Not Be Equal" owner="BuiltIn">
<arg>${is_checked}</arg>
<arg>true</arg>
<doc>Fails if the given objects are equal.</doc>
<status status="NOT RUN" start="2025-11-14T08:47:58.414272" elapsed="0.000054"/>
</kw>
<doc>Verifies inventory tracking is off</doc>
<status status="PASS" start="2025-11-14T08:47:58.413785" elapsed="0.000581"/>
</kw>
<kw name="And the kiosk should display the inventory warning at checkout">
<kw name="Log" owner="BuiltIn">
<arg>Kiosk displays inventory disabled warning (verified on kiosk)</arg>
<doc>Logs the given message with the given level.</doc>
<status status="NOT RUN" start="2025-11-14T08:47:58.414626" elapsed="0.000048"/>
</kw>
<doc>Verifies kiosk shows warning</doc>
<status status="PASS" start="2025-11-14T08:47:58.414458" elapsed="0.000255"/>
</kw>
<kw name="And stock levels should not be checked for purchases">
<kw name="Log" owner="BuiltIn">
<arg>Stock levels not enforced with tracking disabled</arg>
<doc>Logs the given message with the given level.</doc>
<status status="NOT RUN" start="2025-11-14T08:47:58.414950" elapsed="0.000044"/>
</kw>
<doc>Verifies stock not enforced</doc>
<status status="PASS" start="2025-11-14T08:47:58.414803" elapsed="0.000229"/>
</kw>
<kw name="When the admin toggles inventory tracking ON">
<kw name="Get WebElement" owner="SeleniumLibrary">
<var>${checkbox}</var>
<arg>id=inventory-tracking-toggle</arg>
<doc>Returns the first WebElement matching the given ``locator``.</doc>
<status status="NOT RUN" start="2025-11-14T08:47:58.415300" elapsed="0.000072"/>
</kw>
<kw name="Get Element Attribute" owner="SeleniumLibrary">
<var>${is_checked}</var>
<arg>${checkbox}</arg>
<arg>checked</arg>
<doc>Returns the value of ``attribute`` from the element ``locator``.</doc>
<status status="NOT RUN" start="2025-11-14T08:47:58.415477" elapsed="0.000053"/>
</kw>
<if>
<branch type="IF" condition="'${is_checked}' != 'true'">
<kw name="Click Element" owner="SeleniumLibrary">
<arg>id=inventory-tracking-toggle</arg>
<doc>Click the element identified by ``locator``.</doc>
<status status="NOT RUN" start="2025-11-14T08:47:58.415728" elapsed="0.000073"/>
</kw>
<status status="PASS" start="2025-11-14T08:47:58.415621" elapsed="0.000214"/>
</branch>
<status status="PASS" start="2025-11-14T08:47:58.415603" elapsed="0.000265"/>
</if>
<doc>Enables inventory tracking</doc>
<status status="PASS" start="2025-11-14T08:47:58.415153" elapsed="0.000742"/>
</kw>
<kw name="And saves the configuration">
<kw name="Click Button" owner="SeleniumLibrary">
<arg>id=save-config-button</arg>
<doc>Clicks the button identified by ``locator``.</doc>
<status status="NOT RUN" start="2025-11-14T08:47:58.416146" elapsed="0.000076"/>
</kw>
<kw name="Wait Until Page Contains" owner="SeleniumLibrary">
<arg>Configuration saved</arg>
<arg>timeout=5s</arg>
<doc>Waits until ``text`` appears on the current page.</doc>
<status status="NOT RUN" start="2025-11-14T08:47:58.416322" elapsed="0.000084"/>
</kw>
<doc>Saves system configuration</doc>
<status status="PASS" start="2025-11-14T08:47:58.415994" elapsed="0.000453"/>
</kw>
<kw name="Then inventory tracking should be enabled">
<kw name="Get WebElement" owner="SeleniumLibrary">
<var>${checkbox}</var>
<arg>id=inventory-tracking-toggle</arg>
<doc>Returns the first WebElement matching the given ``locator``.</doc>
<status status="NOT RUN" start="2025-11-14T08:47:58.416759" elapsed="0.000078"/>
</kw>
<kw name="Get Element Attribute" owner="SeleniumLibrary">
<var>${is_checked}</var>
<arg>${checkbox}</arg>
<arg>checked</arg>
<doc>Returns the value of ``attribute`` from the element ``locator``.</doc>
<status status="NOT RUN" start="2025-11-14T08:47:58.416973" elapsed="0.000058"/>
</kw>
<kw name="Should Be Equal" owner="BuiltIn">
<arg>${is_checked}</arg>
<arg>true</arg>
<doc>Fails if the given objects are unequal.</doc>
<status status="NOT RUN" start="2025-11-14T08:47:58.417138" elapsed="0.000054"/>
</kw>
<doc>Verifies inventory tracking is on</doc>
<status status="PASS" start="2025-11-14T08:47:58.416549" elapsed="0.000683"/>
</kw>
<kw name="And stock levels should be enforced">
<kw name="Log" owner="BuiltIn">
<arg>Stock levels enforced with tracking enabled</arg>
<doc>Logs the given message with the given level.</doc>
<status status="NOT RUN" start="2025-11-14T08:47:58.417479" elapsed="0.000044"/>
</kw>
<doc>Verifies stock is checked</doc>
<status status="PASS" start="2025-11-14T08:47:58.417327" elapsed="0.000253"/>
</kw>
<doc>As an administrator, I want to enable or disable inventory tracking
system-wide so that I can choose whether to manage stock quantities
or run in trust-based mode only.</doc>
<tag>admin</tag>
<tag>configuration</tag>
<tag>high-priority</tag>
<tag>inventory</tag>
<tag>inventory-toggle</tag>
<tag>US-032</tag>
<status status="PASS" start="2025-11-14T08:47:58.409936" elapsed="0.007721"/>
</test>
<test id="s1-s2-t2" name="US-033: View Current Stock Quantities In Sortable Table" line="30">
<kw name="Admin Login" owner="common" type="SETUP">
<kw name="Input Text" owner="SeleniumLibrary">
<arg>id=username</arg>
<arg>${username}</arg>
<doc>Types the given ``text`` into the text field identified by ``locator``.</doc>
<status status="NOT RUN" start="2025-11-14T08:47:58.418453" elapsed="0.000097"/>
</kw>
<kw name="Input Password" owner="SeleniumLibrary">
<arg>id=password</arg>
<arg>${password}</arg>
<doc>Types the given password into the text field identified by ``locator``.</doc>
<status status="NOT RUN" start="2025-11-14T08:47:58.418675" elapsed="0.000080"/>
</kw>
<kw name="Click Button" owner="SeleniumLibrary">
<arg>id=login-button</arg>
<doc>Clicks the button identified by ``locator``.</doc>
<status status="NOT RUN" start="2025-11-14T08:47:58.418854" elapsed="0.000066"/>
</kw>
<kw name="Wait Until Page Contains Element" owner="SeleniumLibrary">
<arg>id=admin-dashboard</arg>
<arg>timeout=10s</arg>
<doc>Waits until the element ``locator`` appears on the current page.</doc>
<status status="NOT RUN" start="2025-11-14T08:47:58.419017" elapsed="0.000105"/>
</kw>
<doc>Logs into the admin portal with provided credentials</doc>
<status status="PASS" start="2025-11-14T08:47:58.418287" elapsed="0.000877"/>
</kw>
<kw name="Given the admin is on inventory management page">
<kw name="Click Element" owner="SeleniumLibrary">
<arg>id=inventory-menu</arg>
<doc>Click the element identified by ``locator``.</doc>
<status status="NOT RUN" start="2025-11-14T08:47:58.419424" elapsed="0.000071"/>
</kw>
<kw name="Wait Until Element Is Visible" owner="SeleniumLibrary">
<arg>id=inventory-table</arg>
<arg>timeout=10s</arg>
<doc>Waits until the element ``locator`` is visible.</doc>
<status status="NOT RUN" start="2025-11-14T08:47:58.419624" elapsed="0.000106"/>
</kw>
<doc>Navigates to inventory management</doc>
<status status="PASS" start="2025-11-14T08:47:58.419271" elapsed="0.000500"/>
</kw>
<kw name="Then all products should be listed with stock quantities">
<kw name="Get WebElements" owner="SeleniumLibrary">
<var>${rows}</var>
<arg>css=#inventory-table tbody tr</arg>
<doc>Returns a list of WebElement objects matching the ``locator``.</doc>
<status status="NOT RUN" start="2025-11-14T08:47:58.420026" elapsed="0.000195"/>
</kw>
<kw name="Get Length" owner="BuiltIn">
<var>${count}</var>
<arg>${rows}</arg>
<doc>Returns and logs the length of the given item as an integer.</doc>
<status status="NOT RUN" start="2025-11-14T08:47:58.420329" elapsed="0.000041"/>
</kw>
<kw name="Should Be True" owner="BuiltIn">
<arg>${count} &gt; 0</arg>
<doc>Fails if the given condition is not true.</doc>
<status status="NOT RUN" start="2025-11-14T08:47:58.420467" elapsed="0.000047"/>
</kw>
<doc>Verifies all products shown</doc>
<status status="PASS" start="2025-11-14T08:47:58.419874" elapsed="0.000693"/>
</kw>
<kw name="And the table should show product name, category, current stock, and status">
<kw name="Page Should Contain Element" owner="SeleniumLibrary">
<arg>xpath=//th[contains(text(), 'Product')]</arg>
<doc>Verifies that element ``locator`` is found on the current page.</doc>
<status status="NOT RUN" start="2025-11-14T08:47:58.420832" elapsed="0.000094"/>
</kw>
<kw name="Page Should Contain Element" owner="SeleniumLibrary">
<arg>xpath=//th[contains(text(), 'Category')]</arg>
<doc>Verifies that element ``locator`` is found on the current page.</doc>
<status status="NOT RUN" start="2025-11-14T08:47:58.421027" elapsed="0.000084"/>
</kw>
<kw name="Page Should Contain Element" owner="SeleniumLibrary">
<arg>xpath=//th[contains(text(), 'Stock')]</arg>
<doc>Verifies that element ``locator`` is found on the current page.</doc>
<status status="NOT RUN" start="2025-11-14T08:47:58.421210" elapsed="0.000081"/>
</kw>
<kw name="Page Should Contain Element" owner="SeleniumLibrary">
<arg>xpath=//th[contains(text(), 'Status')]</arg>
<doc>Verifies that element ``locator`` is found on the current page.</doc>
<status status="NOT RUN" start="2025-11-14T08:47:58.421387" elapsed="0.000082"/>
</kw>
<doc>Verifies table columns</doc>
<status status="PASS" start="2025-11-14T08:47:58.420676" elapsed="0.000830"/>
</kw>
<kw name="When the admin clicks the &quot;Stock&quot; column header">
<kw name="Click Element" owner="SeleniumLibrary">
<arg>xpath=//th[contains(text(), 'Stock')]</arg>
<doc>Click the element identified by ``locator``.</doc>
<status status="NOT RUN" start="2025-11-14T08:47:58.421770" elapsed="0.000069"/>
</kw>
<doc>Clicks stock column to sort</doc>
<status status="PASS" start="2025-11-14T08:47:58.421616" elapsed="0.000262"/>
</kw>
<kw name="Then products should be sorted by stock quantity">
<kw name="Sleep" owner="BuiltIn">
<arg>1s</arg>
<doc>Pauses the test executed for the given time.</doc>
<status status="NOT RUN" start="2025-11-14T08:47:58.422131" elapsed="0.000045"/>
</kw>
<kw name="Get Text" owner="SeleniumLibrary">
<var>${first_stock}</var>
<arg>xpath=//tbody/tr[1]/td[@class='stock-column']</arg>
<doc>Returns the text value of the element identified by ``locator``.</doc>
<status status="NOT RUN" start="2025-11-14T08:47:58.422273" elapsed="0.000068"/>
</kw>
<kw name="Get Text" owner="SeleniumLibrary">
<var>${second_stock}</var>
<arg>xpath=//tbody/tr[2]/td[@class='stock-column']</arg>
<doc>Returns the text value of the element identified by ``locator``.</doc>
<status status="NOT RUN" start="2025-11-14T08:47:58.422438" elapsed="0.000064"/>
</kw>
<kw name="Log" owner="BuiltIn">
<arg>First stock: ${first_stock}, Second stock: ${second_stock}</arg>
<doc>Logs the given message with the given level.</doc>
<status status="NOT RUN" start="2025-11-14T08:47:58.422641" elapsed="0.000056"/>
</kw>
<doc>Verifies sorting applied</doc>
<status status="PASS" start="2025-11-14T08:47:58.421981" elapsed="0.000755"/>
</kw>
<kw name="And products with lowest stock should appear first">
<kw name="Get Text" owner="SeleniumLibrary">
<var>${first_stock}</var>
<arg>xpath=//tbody/tr[1]/td[@class='stock-column']</arg>
<doc>Returns the text value of the element identified by ``locator``.</doc>
<status status="NOT RUN" start="2025-11-14T08:47:58.422992" elapsed="0.000070"/>
</kw>
<kw name="Convert To Integer" owner="BuiltIn">
<var>${first_num}</var>
<arg>${first_stock}</arg>
<doc>Converts the given item to an integer number.</doc>
<status status="NOT RUN" start="2025-11-14T08:47:58.423164" elapsed="0.000048"/>
</kw>
<kw name="Should Be True" owner="BuiltIn">
<arg>${first_num} &lt;= 10</arg>
<doc>Fails if the given condition is not true.</doc>
<status status="NOT RUN" start="2025-11-14T08:47:58.423308" elapsed="0.000060"/>
</kw>
<doc>Verifies low stock at top</doc>
<status status="PASS" start="2025-11-14T08:47:58.422840" elapsed="0.000601"/>
</kw>
<kw name="And the admin can sort by any column">
<kw name="Get WebElements" owner="SeleniumLibrary">
<var>${headers}</var>
<arg>css=#inventory-table th</arg>
<doc>Returns a list of WebElement objects matching the ``locator``.</doc>
<status status="NOT RUN" start="2025-11-14T08:47:58.423759" elapsed="0.000073"/>
</kw>
<for flavor="IN">
<iter>
<kw name="Get Element Attribute" owner="SeleniumLibrary">
<var>${has_sort}</var>
<arg>${header}</arg>
<arg>onclick</arg>
<doc>Returns the value of ``attribute`` from the element ``locator``.</doc>
<status status="NOT RUN" start="2025-11-14T08:47:58.424098" elapsed="0.000058"/>
</kw>
<kw name="Should Not Be Equal" owner="BuiltIn">
<arg>${has_sort}</arg>
<arg>${None}</arg>
<doc>Fails if the given objects are equal.</doc>
<status status="NOT RUN" start="2025-11-14T08:47:58.424260" elapsed="0.000056"/>
</kw>
<var name="${header}"/>
<status status="PASS" start="2025-11-14T08:47:58.423995" elapsed="0.000355"/>
</iter>
<var>${header}</var>
<value>@{headers}</value>
<status status="PASS" start="2025-11-14T08:47:58.423894" elapsed="0.000497"/>
</for>
<doc>Verifies all columns sortable</doc>
<status status="PASS" start="2025-11-14T08:47:58.423598" elapsed="0.000842"/>
</kw>
<doc>As an administrator, I want to view current stock quantities for
all products in a sortable table so that I can quickly see what
needs restocking.</doc>
<tag>admin</tag>
<tag>high-priority</tag>
<tag>inventory</tag>
<tag>inventory-view</tag>
<tag>table-sorting</tag>
<tag>US-033</tag>
<status status="PASS" start="2025-11-14T08:47:58.417848" elapsed="0.006670"/>
</test>
<test id="s1-s2-t3" name="US-034: Manually Update Stock Quantities" line="45">
<kw name="Admin Login" owner="common" type="SETUP">
<kw name="Input Text" owner="SeleniumLibrary">
<arg>id=username</arg>
<arg>${username}</arg>
<doc>Types the given ``text`` into the text field identified by ``locator``.</doc>
<status status="NOT RUN" start="2025-11-14T08:47:58.425339" elapsed="0.000088"/>
</kw>
<kw name="Input Password" owner="SeleniumLibrary">
<arg>id=password</arg>
<arg>${password}</arg>
<doc>Types the given password into the text field identified by ``locator``.</doc>
<status status="NOT RUN" start="2025-11-14T08:47:58.425532" elapsed="0.000097"/>
</kw>
<kw name="Click Button" owner="SeleniumLibrary">
<arg>id=login-button</arg>
<doc>Clicks the button identified by ``locator``.</doc>
<status status="NOT RUN" start="2025-11-14T08:47:58.425731" elapsed="0.000066"/>
</kw>
<kw name="Wait Until Page Contains Element" owner="SeleniumLibrary">
<arg>id=admin-dashboard</arg>
<arg>timeout=10s</arg>
<doc>Waits until the element ``locator`` appears on the current page.</doc>
<status status="NOT RUN" start="2025-11-14T08:47:58.425893" elapsed="0.000107"/>
</kw>
<doc>Logs into the admin portal with provided credentials</doc>
<status status="PASS" start="2025-11-14T08:47:58.425175" elapsed="0.000867"/>
</kw>
<kw name="Given a product has current stock of 5" source_name="A product has current stock of ${stock}">
<kw name="Log" owner="BuiltIn">
<arg>Product has stock: ${stock}</arg>
<doc>Logs the given message with the given level.</doc>
<status status="NOT RUN" start="2025-11-14T08:47:58.426338" elapsed="0.000052"/>
</kw>
<doc>Precondition: Product with specific stock</doc>
<status status="PASS" start="2025-11-14T08:47:58.426180" elapsed="0.000249"/>
</kw>
<kw name="When the admin clicks &quot;Update Stock&quot; for that product">
<kw name="Click Element" owner="SeleniumLibrary">
<arg>xpath=//tr[contains(., 'Coca-Cola')]//button[contains(., 'Update Stock')]</arg>
<doc>Click the element identified by ``locator``.</doc>
<status status="NOT RUN" start="2025-11-14T08:47:58.426697" elapsed="0.000073"/>
</kw>
<kw name="Wait Until Element Is Visible" owner="SeleniumLibrary">
<arg>id=stock-update-dialog</arg>
<arg>timeout=5s</arg>
<doc>Waits until the element ``locator`` is visible.</doc>
<status status="NOT RUN" start="2025-11-14T08:47:58.426869" elapsed="0.000103"/>
</kw>
<doc>Opens stock update dialog</doc>
<status status="PASS" start="2025-11-14T08:47:58.426527" elapsed="0.000486"/>
</kw>
<kw name="And enters new stock quantity of 20" source_name="Enters new stock quantity of ${quantity}">
<kw name="Clear Element Text" owner="SeleniumLibrary">
<arg>id=new-stock-quantity</arg>
<doc>Clears the value of the text-input-element identified by ``locator``.</doc>
<status status="NOT RUN" start="2025-11-14T08:47:58.427294" elapsed="0.000069"/>
</kw>
<kw name="Input Text" owner="SeleniumLibrary">
<arg>id=new-stock-quantity</arg>
<arg>${quantity}</arg>
<doc>Types the given ``text`` into the text field identified by ``locator``.</doc>
<status status="NOT RUN" start="2025-11-14T08:47:58.427462" elapsed="0.000083"/>
</kw>
<doc>Enters new stock value</doc>
<status status="PASS" start="2025-11-14T08:47:58.427142" elapsed="0.000466"/>
</kw>
<kw name="And clicks &quot;Save&quot;">
<kw name="Click Button" owner="SeleniumLibrary">
<arg>id=save-stock-button</arg>
<doc>Clicks the button identified by ``locator``.</doc>
<status status="NOT RUN" start="2025-11-14T08:47:58.427854" elapsed="0.000078"/>
</kw>
<doc>Saves stock update</doc>
<status status="PASS" start="2025-11-14T08:47:58.427704" elapsed="0.000269"/>
</kw>
<kw name="Then the stock should be updated to 20" source_name="The stock should be updated to ${expected_stock}">
<kw name="Wait Until Page Contains" owner="SeleniumLibrary">
<arg>Stock updated</arg>
<arg>timeout=5s</arg>
<doc>Waits until ``text`` appears on the current page.</doc>
<status status="NOT RUN" start="2025-11-14T08:47:58.428251" elapsed="0.000085"/>
</kw>
<kw name="Get Text" owner="SeleniumLibrary">
<var>${stock}</var>
<arg>xpath=//tr[contains(., 'Coca-Cola')]//td[@class='stock-column']</arg>
<doc>Returns the text value of the element identified by ``locator``.</doc>
<status status="NOT RUN" start="2025-11-14T08:47:58.428437" elapsed="0.000073"/>
</kw>
<kw name="Should Contain" owner="BuiltIn">
<arg>${stock}</arg>
<arg>${expected_stock}</arg>
<doc>Fails if ``container`` does not contain ``item`` one or more times.</doc>
<status status="NOT RUN" start="2025-11-14T08:47:58.428629" elapsed="0.000059"/>
</kw>
<doc>Verifies stock updated</doc>
<status status="PASS" start="2025-11-14T08:47:58.428100" elapsed="0.000629"/>
</kw>
<kw name="And the update should be reflected immediately">
<kw name="Element Should Be Visible" owner="SeleniumLibrary">
[...]
<kw name="Run Keyword And Return Status" owner="BuiltIn">
<kw name="Page Should Contain Element" owner="SeleniumLibrary">
<arg>id=cart-badge</arg>
<doc>Verifies that element ``locator`` is found on the current page.</doc>
<status status="NOT RUN" start="2025-11-14T08:47:58.641615" elapsed="0.000096"/>
</kw>
<var>${cart_count}</var>
<arg>Page Should Contain Element</arg>
<arg>id=cart-badge</arg>
<doc>Runs the given keyword with given arguments and returns the status as a Boolean value.</doc>
<status status="PASS" start="2025-11-14T08:47:58.641471" elapsed="0.000275"/>
</kw>
<if>
<branch type="IF" condition="${cart_count}">
<kw name="Get Text" owner="SeleniumLibrary">
<var>${badge_text}</var>
<arg>id=cart-badge</arg>
<doc>Returns the text value of the element identified by ``locator``.</doc>
<status status="NOT RUN" start="2025-11-14T08:47:58.641915" elapsed="0.000070"/>
</kw>
<kw name="Convert To Integer" owner="BuiltIn">
<var>${count}</var>
<arg>${badge_text}</arg>
<doc>Converts the given item to an integer number.</doc>
<status status="NOT RUN" start="2025-11-14T08:47:58.642085" elapsed="0.000051"/>
</kw>
<if>
<branch type="IF" condition="${count} &gt; 0">
<kw name="Clear Shopping Cart" owner="common">
<kw name="Click Element" owner="SeleniumLibrary">
<arg>id=cart-icon</arg>
<doc>Click the element identified by ``locator``.</doc>
<status status="NOT RUN" start="2025-11-14T08:47:58.642476" elapsed="0.000073"/>
</kw>
<kw name="Wait Until Element Is Visible" owner="SeleniumLibrary">
<arg>id=clear-cart-button</arg>
<arg>timeout=5s</arg>
<doc>Waits until the element ``locator`` is visible.</doc>
<status status="NOT RUN" start="2025-11-14T08:47:58.642672" elapsed="0.000110"/>
</kw>
<kw name="Click Button" owner="SeleniumLibrary">
<arg>id=clear-cart-button</arg>
<doc>Clicks the button identified by ``locator``.</doc>
<status status="NOT RUN" start="2025-11-14T08:47:58.642882" elapsed="0.000067"/>
</kw>
<kw name="Wait Until Page Contains" owner="SeleniumLibrary">
<arg>Your cart is empty</arg>
<arg>timeout=5s</arg>
<doc>Waits until ``text`` appears on the current page.</doc>
<status status="NOT RUN" start="2025-11-14T08:47:58.643045" elapsed="0.000083"/>
</kw>
<doc>Clears all items from the shopping cart</doc>
<status status="PASS" start="2025-11-14T08:47:58.642323" elapsed="0.000885"/>
</kw>
<status status="PASS" start="2025-11-14T08:47:58.642203" elapsed="0.001041"/>
</branch>
<status status="PASS" start="2025-11-14T08:47:58.642188" elapsed="0.001090"/>
</if>
<status status="PASS" start="2025-11-14T08:47:58.641818" elapsed="0.001480"/>
</branch>
<status status="PASS" start="2025-11-14T08:47:58.641802" elapsed="0.001521"/>
</if>
<doc>Clears cart if it contains items</doc>
<status status="PASS" start="2025-11-14T08:47:58.641303" elapsed="0.002043"/>
</kw>
<doc>Sets up test by navigating to kiosk and clearing cart</doc>
<status status="PASS" start="2025-11-14T08:47:58.640228" elapsed="0.003150"/>
</kw>
<kw name="Given the cart contains items">
<kw name="Add Product To Cart" owner="common">
<kw name="Click Element" owner="SeleniumLibrary">
<arg>xpath=//div[@data-product-name='${product_name}']//button[@class='add-to-cart']</arg>
<doc>Click the element identified by ``locator``.</doc>
<status status="NOT RUN" start="2025-11-14T08:47:58.643854" elapsed="0.000062"/>
</kw>
<kw name="Wait Until Page Contains" owner="SeleniumLibrary">
<arg>Added to cart</arg>
<arg>timeout=5s</arg>
<doc>Waits until ``text`` appears on the current page.</doc>
<status status="NOT RUN" start="2025-11-14T08:47:58.644013" elapsed="0.000085"/>
</kw>
<arg>Coca-Cola</arg>
<doc>Adds a product to the shopping cart</doc>
<status status="PASS" start="2025-11-14T08:47:58.643695" elapsed="0.000445"/>
</kw>
<kw name="Add Product To Cart" owner="common">
<kw name="Click Element" owner="SeleniumLibrary">
<arg>xpath=//div[@data-product-name='${product_name}']//button[@class='add-to-cart']</arg>
<doc>Click the element identified by ``locator``.</doc>
<status status="NOT RUN" start="2025-11-14T08:47:58.644408" elapsed="0.000060"/>
</kw>
<kw name="Wait Until Page Contains" owner="SeleniumLibrary">
<arg>Added to cart</arg>
<arg>timeout=5s</arg>
<doc>Waits until ``text`` appears on the current page.</doc>
<status status="NOT RUN" start="2025-11-14T08:47:58.644587" elapsed="0.000091"/>
</kw>
<arg>Chips</arg>
<doc>Adds a product to the shopping cart</doc>
<status status="PASS" start="2025-11-14T08:47:58.644255" elapsed="0.000465"/>
</kw>
<kw name="Verify Cart Item Count" owner="common">
<kw name="Get Text" owner="SeleniumLibrary">
<var>${cart_badge}</var>
<arg>id=cart-badge</arg>
<doc>Returns the text value of the element identified by ``locator``.</doc>
<status status="NOT RUN" start="2025-11-14T08:47:58.644997" elapsed="0.000073"/>
</kw>
<kw name="Should Be Equal As Numbers" owner="BuiltIn">
<arg>${cart_badge}</arg>
<arg>${expected_count}</arg>
<doc>Fails if objects are unequal after converting them to real numbers.</doc>
<status status="NOT RUN" start="2025-11-14T08:47:58.645173" elapsed="0.000057"/>
</kw>
<arg>2</arg>
<doc>Verifies the shopping cart badge shows the expected item count</doc>
<status status="PASS" start="2025-11-14T08:47:58.644839" elapsed="0.000434"/>
</kw>
<doc>Ensures cart has items for timeout testing</doc>
<status status="PASS" start="2025-11-14T08:47:58.643491" elapsed="0.001817"/>
</kw>
<kw name="When 4 minutes and 30 seconds of inactivity pass">
<kw name="Simulate Inactivity" owner="common">
<kw name="Sleep" owner="BuiltIn">
<arg>${duration_seconds}s</arg>
<doc>Pauses the test executed for the given time.</doc>
<status status="NOT RUN" start="2025-11-14T08:47:58.645736" elapsed="0.000051"/>
</kw>
<arg>270</arg>
<doc>Simulates user inactivity for specified duration</doc>
<status status="PASS" start="2025-11-14T08:47:58.645583" elapsed="0.000242"/>
</kw>
<doc>Simulates 4:30 of inactivity (30s before timeout)</doc>
<status status="PASS" start="2025-11-14T08:47:58.645402" elapsed="0.000457"/>
</kw>
<kw name="Then a warning message MAY be displayed">
<kw name="Run Keyword And Return Status" owner="BuiltIn">
<kw name="Page Should Contain Element" owner="SeleniumLibrary">
<arg>id=inactivity-warning</arg>
<doc>Verifies that element ``locator`` is found on the current page.</doc>
<status status="NOT RUN" start="2025-11-14T08:47:58.646234" elapsed="0.000093"/>
</kw>
<var>${warning_shown}</var>
<arg>Page Should Contain Element</arg>
<arg>id=inactivity-warning</arg>
<doc>Runs the given keyword with given arguments and returns the status as a Boolean value.</doc>
<status status="PASS" start="2025-11-14T08:47:58.646109" elapsed="0.000254"/>
</kw>
<kw name="Log" owner="BuiltIn">
<arg>Warning displayed: ${warning_shown}</arg>
<doc>Logs the given message with the given level.</doc>
<status status="NOT RUN" start="2025-11-14T08:47:58.646461" elapsed="0.000050"/>
</kw>
<doc>Checks for optional warning (may or may not exist)</doc>
<status status="PASS" start="2025-11-14T08:47:58.645954" elapsed="0.000594"/>
</kw>
<kw name="And the warning should indicate time remaining">
<kw name="Run Keyword And Return Status" owner="BuiltIn">
<kw name="Element Should Be Visible" owner="SeleniumLibrary">
<arg>id=inactivity-warning</arg>
<doc>Verifies that the element identified by ``locator`` is visible.</doc>
<status status="NOT RUN" start="2025-11-14T08:47:58.646972" elapsed="0.000072"/>
</kw>
<var>${warning_shown}</var>
<arg>Element Should Be Visible</arg>
<arg>id=inactivity-warning</arg>
<doc>Runs the given keyword with given arguments and returns the status as a Boolean value.</doc>
<status status="PASS" start="2025-11-14T08:47:58.646856" elapsed="0.000222"/>
</kw>
<if>
<branch type="IF" condition="${warning_shown}">
<kw name="Get Text" owner="SeleniumLibrary">
<var>${warning_text}</var>
<arg>id=inactivity-warning</arg>
<doc>Returns the text value of the element identified by ``locator``.</doc>
<status status="NOT RUN" start="2025-11-14T08:47:58.647241" elapsed="0.000069"/>
</kw>
<kw name="Should Match Regexp" owner="BuiltIn">
<arg>${warning_text}</arg>
<arg>\\d+\\s*second</arg>
<doc>Fails if ``string`` does not match ``pattern`` as a regular expression.</doc>
<status status="NOT RUN" start="2025-11-14T08:47:58.647410" elapsed="0.000052"/>
</kw>
<status status="PASS" start="2025-11-14T08:47:58.647145" elapsed="0.000350"/>
</branch>
<status status="PASS" start="2025-11-14T08:47:58.647128" elapsed="0.000398"/>
</if>
<doc>Verifies warning shows countdown</doc>
<status status="PASS" start="2025-11-14T08:47:58.646699" elapsed="0.000868"/>
</kw>
<kw name="And the user should be able to dismiss or interact to reset">
<kw name="Run Keyword And Return Status" owner="BuiltIn">
<kw name="Element Should Be Visible" owner="SeleniumLibrary">
<arg>id=inactivity-warning</arg>
<doc>Verifies that the element identified by ``locator`` is visible.</doc>
<status status="NOT RUN" start="2025-11-14T08:47:58.647987" elapsed="0.000071"/>
</kw>
<var>${warning_shown}</var>
<arg>Element Should Be Visible</arg>
<arg>id=inactivity-warning</arg>
<doc>Runs the given keyword with given arguments and returns the status as a Boolean value.</doc>
<status status="PASS" start="2025-11-14T08:47:58.647871" elapsed="0.000221"/>
</kw>
<if>
<branch type="IF" condition="${warning_shown}">
<kw name="Run Keyword And Return Status" owner="BuiltIn">
<kw name="Element Should Be Visible" owner="SeleniumLibrary">
<arg>id=dismiss-warning</arg>
<doc>Verifies that the element identified by ``locator`` is visible.</doc>
<status status="NOT RUN" start="2025-11-14T08:47:58.648363" elapsed="0.000067"/>
</kw>
<var>${dismiss_button}</var>
<arg>Element Should Be Visible</arg>
<arg>id=dismiss-warning</arg>
<doc>Runs the given keyword with given arguments and returns the status as a Boolean value.</doc>
<status status="PASS" start="2025-11-14T08:47:58.648252" elapsed="0.000210"/>
</kw>
<kw name="Should Be True" owner="BuiltIn">
<arg>${dismiss_button}</arg>
<doc>Fails if the given condition is not true.</doc>
<status status="NOT RUN" start="2025-11-14T08:47:58.648577" elapsed="0.000051"/>
</kw>
<status status="PASS" start="2025-11-14T08:47:58.648154" elapsed="0.000505"/>
</branch>
<status status="PASS" start="2025-11-14T08:47:58.648140" elapsed="0.000550"/>
</if>
<doc>Verifies user can dismiss warning</doc>
<status status="PASS" start="2025-11-14T08:47:58.647703" elapsed="0.001011"/>
</kw>
<kw name="Clear Shopping Cart" owner="common" type="TEARDOWN">
<kw name="Click Element" owner="SeleniumLibrary">
<arg>id=cart-icon</arg>
<doc>Click the element identified by ``locator``.</doc>
<status status="NOT RUN" start="2025-11-14T08:47:58.649093" elapsed="0.000073"/>
</kw>
<kw name="Wait Until Element Is Visible" owner="SeleniumLibrary">
<arg>id=clear-cart-button</arg>
<arg>timeout=5s</arg>
<doc>Waits until the element ``locator`` is visible.</doc>
<status status="NOT RUN" start="2025-11-14T08:47:58.649268" elapsed="0.000105"/>
</kw>
<kw name="Click Button" owner="SeleniumLibrary">
<arg>id=clear-cart-button</arg>
<doc>Clicks the button identified by ``locator``.</doc>
<status status="NOT RUN" start="2025-11-14T08:47:58.649473" elapsed="0.000072"/>
</kw>
<kw name="Wait Until Page Contains" owner="SeleniumLibrary">
<arg>Your cart is empty</arg>
<arg>timeout=5s</arg>
<doc>Waits until ``text`` appears on the current page.</doc>
<status status="NOT RUN" start="2025-11-14T08:47:58.649663" elapsed="0.000201"/>
</kw>
<doc>Clears all items from the shopping cart</doc>
<status status="PASS" start="2025-11-14T08:47:58.648918" elapsed="0.000990"/>
</kw>
<doc>Optional: Warning 30 seconds before timeout</doc>
<tag>countdown-warning</tag>
<tag>customer</tag>
<tag>high-priority</tag>
<tag>optional-feature</tag>
<tag>shopping-cart</tag>
<tag>US-010</tag>
<status status="PASS" start="2025-11-14T08:47:58.639902" elapsed="0.010042"/>
</test>
<kw name="Close All Test Browsers" owner="common" type="TEARDOWN">
<kw name="Close All Browsers" owner="SeleniumLibrary">
<doc>Closes all open browsers and resets the browser cache.</doc>
<status status="NOT RUN" start="2025-11-14T08:47:58.650445" elapsed="0.000034"/>
</kw>
<doc>Closes all browsers opened during test</doc>
<status status="PASS" start="2025-11-14T08:47:58.650320" elapsed="0.000194"/>
</kw>
<doc>Acceptance tests for Shopping Cart Management User Stories
Covers US-006 through US-010</doc>
<status status="PASS" start="2025-11-14T08:47:58.549171" elapsed="0.101372"/>
</suite>
<status status="PASS" start="2025-11-14T08:47:58.197108" elapsed="0.454163"/>
</suite>
<statistics>
<total>
<stat pass="37" fail="0" skip="0">All Tests</stat>
</total>
<tag>
<stat pass="16" fail="0" skip="0">admin</stat>
<stat pass="1" fail="0" skip="0">admin-reconciliation</stat>
<stat pass="1" fail="0" skip="0">alerts</stat>
<stat pass="1" fail="0" skip="0">allergen-info</stat>
<stat pass="9" fail="0" skip="0">authentication</stat>
<stat pass="1" fail="0" skip="0">authentication-failure</stat>
<stat pass="1" fail="0" skip="0">auto-clear</stat>
<stat pass="1" fail="0" skip="0">buttons</stat>
<stat pass="1" fail="0" skip="0">cancel-purchase</stat>
<stat pass="1" fail="0" skip="0">cart-functionality</stat>
<stat pass="1" fail="0" skip="0">cart-management</stat>
<stat pass="1" fail="0" skip="0">cart-total</stat>
<stat pass="1" fail="0" skip="0">category-filter</stat>
<stat pass="6" fail="0" skip="0">checkout</stat>
<stat pass="1" fail="0" skip="0">configuration</stat>
<stat pass="1" fail="0" skip="0">confirmation-dialog</stat>
<stat pass="1" fail="0" skip="0">countdown-warning</stat>
<stat pass="3" fail="0" skip="0">crud</stat>
<stat pass="21" fail="0" skip="0">customer</stat>
<stat pass="1" fail="0" skip="0">discrepancy</stat>
<stat pass="7" fail="0" skip="0">edge-case</stat>
<stat pass="1" fail="0" skip="0">email-notification</stat>
<stat pass="1" fail="0" skip="0">empty-category</stat>
<stat pass="1" fail="0" skip="0">error-handling</stat>
<stat pass="1" fail="0" skip="0">grid-layout</stat>
<stat pass="37" fail="0" skip="0">high-priority</stat>
<stat pass="1" fail="0" skip="0">image-upload</stat>
<stat pass="8" fail="0" skip="0">inventory</stat>
<stat pass="1" fail="0" skip="0">inventory-adjustment</stat>
<stat pass="1" fail="0" skip="0">inventory-toggle</stat>
<stat pass="1" fail="0" skip="0">inventory-view</stat>
<stat pass="1" fail="0" skip="0">low-stock-threshold</stat>
<stat pass="1" fail="0" skip="0">manual-adjustment</stat>
<stat pass="1" fail="0" skip="0">missing-allergen</stat>
<stat pass="1" fail="0" skip="0">mobilepay</stat>
<stat pass="1" fail="0" skip="0">multi-item</stat>
<stat pass="1" fail="0" skip="0">negative-stock</stat>
<stat pass="1" fail="0" skip="0">notifications</stat>
<stat pass="1" fail="0" skip="0">optimization</stat>
<stat pass="1" fail="0" skip="0">optional-feature</stat>
<stat pass="2" fail="0" skip="0">out-of-stock</stat>
<stat pass="6" fail="0" skip="0">payment</stat>
<stat pass="2" fail="0" skip="0">performance</stat>
<stat pass="8" fail="0" skip="0">product-browsing</stat>
<stat pass="1" fail="0" skip="0">product-creation</stat>
<stat pass="1" fail="0" skip="0">product-deletion</stat>
<stat pass="1" fail="0" skip="0">product-display</stat>
<stat pass="1" fail="0" skip="0">product-editing</stat>
<stat pass="9" fail="0" skip="0">product-management</stat>
<stat pass="1" fail="0" skip="0">qr-code</stat>
<stat pass="1" fail="0" skip="0">qr-payment</stat>
<stat pass="1" fail="0" skip="0">quantity-adjustment</stat>
<stat pass="1" fail="0" skip="0">real-time-sync</stat>
<stat pass="1" fail="0" skip="0">real-time-update</stat>
<stat pass="1" fail="0" skip="0">reconciliation</stat>
<stat pass="1" fail="0" skip="0">remove-item</stat>
<stat pass="1" fail="0" skip="0">response-time</stat>
<stat pass="1" fail="0" skip="0">retry</stat>
<stat pass="1" fail="0" skip="0">safety</stat>
<stat pass="2" fail="0" skip="0">security</stat>
<stat pass="1" fail="0" skip="0">session-timeout</stat>
<stat pass="7" fail="0" skip="0">shopping-cart</stat>
<stat pass="2" fail="0" skip="0">slow</stat>
<stat pass="1" fail="0" skip="0">stock-update</stat>
<stat pass="1" fail="0" skip="0">success-message</stat>
<stat pass="1" fail="0" skip="0">table-sorting</stat>
<stat pass="1" fail="0" skip="0">timeout</stat>
<stat pass="2" fail="0" skip="0">timer-reset</stat>
<stat pass="1" fail="0" skip="0">ui-feedback</stat>
<stat pass="1" fail="0" skip="0">uncertain-payment</stat>
<stat pass="1" fail="0" skip="0">US-001</stat>
<stat pass="2" fail="0" skip="0">US-002</stat>
<stat pass="2" fail="0" skip="0">US-003</stat>
<stat pass="1" fail="0" skip="0">US-004</stat>
<stat pass="2" fail="0" skip="0">US-005</stat>
<stat pass="1" fail="0" skip="0">US-006</stat>
<stat pass="1" fail="0" skip="0">US-007</stat>
<stat pass="1" fail="0" skip="0">US-008</stat>
<stat pass="1" fail="0" skip="0">US-009</stat>
<stat pass="3" fail="0" skip="0">US-010</stat>
<stat pass="1" fail="0" skip="0">US-011</stat>
<stat pass="1" fail="0" skip="0">US-012</stat>
<stat pass="1" fail="0" skip="0">US-013</stat>
<stat pass="1" fail="0" skip="0">US-014</stat>
<stat pass="2" fail="0" skip="0">US-015</stat>
<stat pass="2" fail="0" skip="0">US-019</stat>
<stat pass="2" fail="0" skip="0">US-020</stat>
<stat pass="1" fail="0" skip="0">US-023</stat>
<stat pass="1" fail="0" skip="0">US-024</stat>
<stat pass="1" fail="0" skip="0">US-025</stat>
<stat pass="1" fail="0" skip="0">US-027</stat>
<stat pass="1" fail="0" skip="0">US-028</stat>
<stat pass="1" fail="0" skip="0">US-032</stat>
<stat pass="1" fail="0" skip="0">US-033</stat>
<stat pass="1" fail="0" skip="0">US-034</stat>
<stat pass="1" fail="0" skip="0">US-035</stat>
<stat pass="1" fail="0" skip="0">US-036</stat>
<stat pass="1" fail="0" skip="0">US-037</stat>
<stat pass="1" fail="0" skip="0">US-038</stat>
</tag>
<suite>
<stat name="Admin Authentication Products &amp; Admin Inventory Management &amp; Customer Payment Checkout &amp; Customer Product Browsing &amp; Customer Shopping Cart" id="s1" pass="37" fail="0" skip="0">Admin Authentication Products &amp; Admin Inventory Management &amp; Customer Payment Checkout &amp; Customer Product Browsing &amp; Customer Shopping Cart</stat>
<stat name="Admin Authentication Products" id="s1-s1" pass="9" fail="0" skip="0">Admin Authentication Products &amp; Admin Inventory Management &amp; Customer Payment Checkout &amp; Customer Product Browsing &amp; Customer Shopping Cart.Admin Authentication Products</stat>
<stat name="Admin Inventory Management" id="s1-s2" pass="7" fail="0" skip="0">Admin Authentication Products &amp; Admin Inventory Management &amp; Customer Payment Checkout &amp; Customer Product Browsing &amp; Customer Shopping Cart.Admin Inventory Management</stat>
<stat name="Customer Payment Checkout" id="s1-s3" pass="6" fail="0" skip="0">Admin Authentication Products &amp; Admin Inventory Management &amp; Customer Payment Checkout &amp; Customer Product Browsing &amp; Customer Shopping Cart.Customer Payment Checkout</stat>
<stat name="Customer Product Browsing" id="s1-s4" pass="8" fail="0" skip="0">Admin Authentication Products &amp; Admin Inventory Management &amp; Customer Payment Checkout &amp; Customer Product Browsing &amp; Customer Shopping Cart.Customer Product Browsing</stat>
<stat name="Customer Shopping Cart" id="s1-s5" pass="7" fail="0" skip="0">Admin Authentication Products &amp; Admin Inventory Management &amp; Customer Payment Checkout &amp; Customer Product Browsing &amp; Customer Shopping Cart.Customer Shopping Cart</stat>
</suite>
</statistics>
<errors>
<msg time="2025-11-14T08:47:58.194254" level="WARN">Error in file '/home/runner/work/snackbar/snackbar/tests/acceptance/customer_shopping_cart.robot' on line 368: The '[Return]' setting is deprecated. Use the 'RETURN' statement instead.</msg>
<msg time="2025-11-14T08:47:58.194458" level="WARN">Error in file '/home/runner/work/snackbar/snackbar/tests/acceptance/customer_shopping_cart.robot' on line 379: The '[Return]' setting is deprecated. Use the 'RETURN' statement instead.</msg>
</errors>
</robot>
